This is pdfTeX, Version 3.141592653-2.6-1.40.24 (MiKTeX 21.12.10) (preloaded format=pdflatex 2022.1.25)  3 OCT 2022 10:07
entering extended mode
 \write18 enabled.
 %&-line parsing enabled.
**./single_phase_pll.tex
(single_phase_pll.tex
LaTeX2e <2021-11-15> patch level 1
L3 programming layer <2022-01-21>
(C:\Users\dabagnara\AppData\Local\Programs\MiKTeX\tex/latex/base\book.cls
Document Class: book 2021/10/04 v1.4n Standard LaTeX document class
(C:\Users\dabagnara\AppData\Local\Programs\MiKTeX\tex/latex/base\bk11.clo
File: bk11.clo 2021/10/04 v1.4n Standard LaTeX file (size option)
)
\c@part=\count185
\c@chapter=\count186
\c@section=\count187
\c@subsection=\count188
\c@subsubsection=\count189
\c@paragraph=\count190
\c@subparagraph=\count191
\c@figure=\count192
\c@table=\count193
\abovecaptionskip=\skip47
\belowcaptionskip=\skip48
\bibindent=\dimen138
)
(C:\Users\dabagnara\AppData\Local\Programs\MiKTeX\tex/generic/babel\babel.sty
Package: babel 2021/12/30 3.69 The Babel package
\babel@savecnt=\count194
\U@D=\dimen139
\l@unhyphenated=\language79

(C:\Users\dabagnara\AppData\Local\Programs\MiKTeX\tex/generic/babel\txtbabel.de
f)
\bbl@readstream=\read2
\bbl@dirlevel=\count195

*************************************
* Local config file bblopts.cfg used
*
(C:\Users\dabagnara\AppData\Local\Programs\MiKTeX\tex/latex/arabi\bblopts.cfg
File: bblopts.cfg 2005/09/08 v0.1 add Arabic and Farsi to "declared" options of
 babel
)
(C:\Users\dabagnara\AppData\Local\Programs\MiKTeX\tex/latex/babel-english\briti
sh.ldf
Language: british 2017/06/06 v3.3r English support from the babel system

(C:\Users\dabagnara\AppData\Local\Programs\MiKTeX\tex/latex/babel-english\engli
sh.ldf
Language: english 2017/06/06 v3.3r English support from the babel system
Package babel Info: Hyphen rules for 'canadian' set to \l@english
(babel)             (\language0). Reported on input line 102.
Package babel Info: Hyphen rules for 'australian' set to \l@ukenglish
(babel)             (\language73). Reported on input line 105.
Package babel Info: Hyphen rules for 'newzealand' set to \l@ukenglish
(babel)             (\language73). Reported on input line 108.
))
(C:\Users\dabagnara\AppData\Local\Programs\MiKTeX\tex/latex/babel-english\UKeng
lish.ldf
Language: UKenglish 2017/06/06 v3.3r English support from the babel system

(C:\Users\dabagnara\AppData\Local\Programs\MiKTeX\tex/latex/babel-english\engli
sh.ldf
Language: english 2017/06/06 v3.3r English support from the babel system
))
(C:\Users\dabagnara\AppData\Local\Programs\MiKTeX\tex/latex/babel-english\USeng
lish.ldf
Language: USenglish 2017/06/06 v3.3r English support from the babel system

(C:\Users\dabagnara\AppData\Local\Programs\MiKTeX\tex/latex/babel-english\engli
sh.ldf
Language: english 2017/06/06 v3.3r English support from the babel system
))
(C:\Users\dabagnara\AppData\Local\Programs\MiKTeX\tex/latex/babel-english\engli
sh.ldf
Language: english 2017/06/06 v3.3r English support from the babel system
)
(C:\Users\dabagnara\AppData\Local\Programs\MiKTeX\tex/latex/babel-english\ameri
can.ldf
Language: american 2017/06/06 v3.3r English support from the babel system

(C:\Users\dabagnara\AppData\Local\Programs\MiKTeX\tex/latex/babel-english\engli
sh.ldf
Language: english 2017/06/06 v3.3r English support from the babel system
)))

Package Babel Warning: The package option `english' should not be used
(Babel)                with a more specific one (like `american') on input line
 6.


(C:\Users\dabagnara\AppData\Local\Programs\MiKTeX\tex/latex/geometry\geometry.s
ty
Package: geometry 2020/01/02 v5.9 Page Geometry

(C:\Users\dabagnara\AppData\Local\Programs\MiKTeX\tex/latex/graphics\keyval.sty
Package: keyval 2014/10/28 v1.15 key=value parser (DPC)
\KV@toks@=\toks16
)
(C:\Users\dabagnara\AppData\Local\Programs\MiKTeX\tex/generic/iftex\ifvtex.sty
Package: ifvtex 2019/10/25 v1.7 ifvtex legacy package. Use iftex instead.

(C:\Users\dabagnara\AppData\Local\Programs\MiKTeX\tex/generic/iftex\iftex.sty
Package: iftex 2020/03/06 v1.0d TeX engine tests
))
\Gm@cnth=\count196
\Gm@cntv=\count197
\c@Gm@tempcnt=\count198
\Gm@bindingoffset=\dimen140
\Gm@wd@mp=\dimen141
\Gm@odd@mp=\dimen142
\Gm@even@mp=\dimen143
\Gm@layoutwidth=\dimen144
\Gm@layoutheight=\dimen145
\Gm@layouthoffset=\dimen146
\Gm@layoutvoffset=\dimen147
\Gm@dimlist=\toks17

(C:\Users\dabagnara\AppData\Local\Programs\MiKTeX\tex/latex/geometry\geometry.c
fg))
(C:\Users\dabagnara\AppData\Local\Programs\MiKTeX\tex/latex/pgf/frontendlayer\t
ikz.sty
(C:\Users\dabagnara\AppData\Local\Programs\MiKTeX\tex/latex/pgf/basiclayer\pgf.
sty
(C:\Users\dabagnara\AppData\Local\Programs\MiKTeX\tex/latex/pgf/utilities\pgfrc
s.sty
(C:\Users\dabagnara\AppData\Local\Programs\MiKTeX\tex/generic/pgf/utilities\pgf
util-common.tex
\pgfutil@everybye=\toks18
\pgfutil@tempdima=\dimen148
\pgfutil@tempdimb=\dimen149

(C:\Users\dabagnara\AppData\Local\Programs\MiKTeX\tex/generic/pgf/utilities\pgf
util-common-lists.tex))
(C:\Users\dabagnara\AppData\Local\Programs\MiKTeX\tex/generic/pgf/utilities\pgf
util-latex.def
\pgfutil@abb=\box50
)
(C:\Users\dabagnara\AppData\Local\Programs\MiKTeX\tex/generic/pgf/utilities\pgf
rcs.code.tex
(C:\Users\dabagnara\AppData\Local\Programs\MiKTeX\tex/generic/pgf\pgf.revision.
tex)
Package: pgfrcs 2021/05/15 v3.1.9a (3.1.9a)
))
Package: pgf 2021/05/15 v3.1.9a (3.1.9a)

(C:\Users\dabagnara\AppData\Local\Programs\MiKTeX\tex/latex/pgf/basiclayer\pgfc
ore.sty
(C:\Users\dabagnara\AppData\Local\Programs\MiKTeX\tex/latex/graphics\graphicx.s
ty
Package: graphicx 2021/09/16 v1.2d Enhanced LaTeX Graphics (DPC,SPQR)

(C:\Users\dabagnara\AppData\Local\Programs\MiKTeX\tex/latex/graphics\graphics.s
ty
Package: graphics 2021/03/04 v1.4d Standard LaTeX Graphics (DPC,SPQR)

(C:\Users\dabagnara\AppData\Local\Programs\MiKTeX\tex/latex/graphics\trig.sty
Package: trig 2021/08/11 v1.11 sin cos tan (DPC)
)
(C:\Users\dabagnara\AppData\Local\Programs\MiKTeX\tex/latex/graphics-cfg\graphi
cs.cfg
File: graphics.cfg 2016/06/04 v1.11 sample graphics configuration
)
Package graphics Info: Driver file: pdftex.def on input line 107.

(C:\Users\dabagnara\AppData\Local\Programs\MiKTeX\tex/latex/graphics-def\pdftex
.def
File: pdftex.def 2020/10/05 v1.2a Graphics/color driver for pdftex
))
\Gin@req@height=\dimen150
\Gin@req@width=\dimen151
)
(C:\Users\dabagnara\AppData\Local\Programs\MiKTeX\tex/latex/pgf/systemlayer\pgf
sys.sty
(C:\Users\dabagnara\AppData\Local\Programs\MiKTeX\tex/generic/pgf/systemlayer\p
gfsys.code.tex
Package: pgfsys 2021/05/15 v3.1.9a (3.1.9a)

(C:\Users\dabagnara\AppData\Local\Programs\MiKTeX\tex/generic/pgf/utilities\pgf
keys.code.tex
\pgfkeys@pathtoks=\toks19
\pgfkeys@temptoks=\toks20

(C:\Users\dabagnara\AppData\Local\Programs\MiKTeX\tex/generic/pgf/utilities\pgf
keysfiltered.code.tex
\pgfkeys@tmptoks=\toks21
))
\pgf@x=\dimen152
\pgf@y=\dimen153
\pgf@xa=\dimen154
\pgf@ya=\dimen155
\pgf@xb=\dimen156
\pgf@yb=\dimen157
\pgf@xc=\dimen158
\pgf@yc=\dimen159
\pgf@xd=\dimen160
\pgf@yd=\dimen161
\w@pgf@writea=\write3
\r@pgf@reada=\read3
\c@pgf@counta=\count199
\c@pgf@countb=\count266
\c@pgf@countc=\count267
\c@pgf@countd=\count268
\t@pgf@toka=\toks22
\t@pgf@tokb=\toks23
\t@pgf@tokc=\toks24
\pgf@sys@id@count=\count269

(C:\Users\dabagnara\AppData\Local\Programs\MiKTeX\tex/generic/pgf/systemlayer\p
gf.cfg
File: pgf.cfg 2021/05/15 v3.1.9a (3.1.9a)
)
Driver file for pgf: pgfsys-pdftex.def

(C:\Users\dabagnara\AppData\Local\Programs\MiKTeX\tex/generic/pgf/systemlayer\p
gfsys-pdftex.def
File: pgfsys-pdftex.def 2021/05/15 v3.1.9a (3.1.9a)

(C:\Users\dabagnara\AppData\Local\Programs\MiKTeX\tex/generic/pgf/systemlayer\p
gfsys-common-pdf.def
File: pgfsys-common-pdf.def 2021/05/15 v3.1.9a (3.1.9a)
)))
(C:\Users\dabagnara\AppData\Local\Programs\MiKTeX\tex/generic/pgf/systemlayer\p
gfsyssoftpath.code.tex
File: pgfsyssoftpath.code.tex 2021/05/15 v3.1.9a (3.1.9a)
\pgfsyssoftpath@smallbuffer@items=\count270
\pgfsyssoftpath@bigbuffer@items=\count271
)
(C:\Users\dabagnara\AppData\Local\Programs\MiKTeX\tex/generic/pgf/systemlayer\p
gfsysprotocol.code.tex
File: pgfsysprotocol.code.tex 2021/05/15 v3.1.9a (3.1.9a)
))
(C:\Users\dabagnara\AppData\Local\Programs\MiKTeX\tex/latex/xcolor\xcolor.sty
Package: xcolor 2021/10/31 v2.13 LaTeX color extensions (UK)

(C:\Users\dabagnara\AppData\Local\Programs\MiKTeX\tex/latex/graphics-cfg\color.
cfg
File: color.cfg 2016/01/02 v1.6 sample color configuration
)
Package xcolor Info: Driver file: pdftex.def on input line 227.
Package xcolor Info: Model `cmy' substituted by `cmy0' on input line 1352.
Package xcolor Info: Model `hsb' substituted by `rgb' on input line 1356.
Package xcolor Info: Model `RGB' extended on input line 1368.
Package xcolor Info: Model `HTML' substituted by `rgb' on input line 1370.
Package xcolor Info: Model `Hsb' substituted by `hsb' on input line 1371.
Package xcolor Info: Model `tHsb' substituted by `hsb' on input line 1372.
Package xcolor Info: Model `HSB' substituted by `hsb' on input line 1373.
Package xcolor Info: Model `Gray' substituted by `gray' on input line 1374.
Package xcolor Info: Model `wave' substituted by `hsb' on input line 1375.
)
(C:\Users\dabagnara\AppData\Local\Programs\MiKTeX\tex/generic/pgf/basiclayer\pg
fcore.code.tex
Package: pgfcore 2021/05/15 v3.1.9a (3.1.9a)

(C:\Users\dabagnara\AppData\Local\Programs\MiKTeX\tex/generic/pgf/math\pgfmath.
code.tex
(C:\Users\dabagnara\AppData\Local\Programs\MiKTeX\tex/generic/pgf/math\pgfmathc
alc.code.tex
(C:\Users\dabagnara\AppData\Local\Programs\MiKTeX\tex/generic/pgf/math\pgfmathu
til.code.tex)
(C:\Users\dabagnara\AppData\Local\Programs\MiKTeX\tex/generic/pgf/math\pgfmathp
arser.code.tex
\pgfmath@dimen=\dimen162
\pgfmath@count=\count272
\pgfmath@box=\box51
\pgfmath@toks=\toks25
\pgfmath@stack@operand=\toks26
\pgfmath@stack@operation=\toks27
)
(C:\Users\dabagnara\AppData\Local\Programs\MiKTeX\tex/generic/pgf/math\pgfmathf
unctions.code.tex
(C:\Users\dabagnara\AppData\Local\Programs\MiKTeX\tex/generic/pgf/math\pgfmathf
unctions.basic.code.tex)
(C:\Users\dabagnara\AppData\Local\Programs\MiKTeX\tex/generic/pgf/math\pgfmathf
unctions.trigonometric.code.tex)
(C:\Users\dabagnara\AppData\Local\Programs\MiKTeX\tex/generic/pgf/math\pgfmathf
unctions.random.code.tex)
(C:\Users\dabagnara\AppData\Local\Programs\MiKTeX\tex/generic/pgf/math\pgfmathf
unctions.comparison.code.tex)
(C:\Users\dabagnara\AppData\Local\Programs\MiKTeX\tex/generic/pgf/math\pgfmathf
unctions.base.code.tex)
(C:\Users\dabagnara\AppData\Local\Programs\MiKTeX\tex/generic/pgf/math\pgfmathf
unctions.round.code.tex)
(C:\Users\dabagnara\AppData\Local\Programs\MiKTeX\tex/generic/pgf/math\pgfmathf
unctions.misc.code.tex)
(C:\Users\dabagnara\AppData\Local\Programs\MiKTeX\tex/generic/pgf/math\pgfmathf
unctions.integerarithmetics.code.tex)))
(C:\Users\dabagnara\AppData\Local\Programs\MiKTeX\tex/generic/pgf/math\pgfmathf
loat.code.tex
\c@pgfmathroundto@lastzeros=\count273
))
(C:\Users\dabagnara\AppData\Local\Programs\MiKTeX\tex/generic/pgf/math\pgfint.c
ode.tex)
(C:\Users\dabagnara\AppData\Local\Programs\MiKTeX\tex/generic/pgf/basiclayer\pg
fcorepoints.code.tex
File: pgfcorepoints.code.tex 2021/05/15 v3.1.9a (3.1.9a)
\pgf@picminx=\dimen163
\pgf@picmaxx=\dimen164
\pgf@picminy=\dimen165
\pgf@picmaxy=\dimen166
\pgf@pathminx=\dimen167
\pgf@pathmaxx=\dimen168
\pgf@pathminy=\dimen169
\pgf@pathmaxy=\dimen170
\pgf@xx=\dimen171
\pgf@xy=\dimen172
\pgf@yx=\dimen173
\pgf@yy=\dimen174
\pgf@zx=\dimen175
\pgf@zy=\dimen176
)
(C:\Users\dabagnara\AppData\Local\Programs\MiKTeX\tex/generic/pgf/basiclayer\pg
fcorepathconstruct.code.tex
File: pgfcorepathconstruct.code.tex 2021/05/15 v3.1.9a (3.1.9a)
\pgf@path@lastx=\dimen177
\pgf@path@lasty=\dimen178
)
(C:\Users\dabagnara\AppData\Local\Programs\MiKTeX\tex/generic/pgf/basiclayer\pg
fcorepathusage.code.tex
File: pgfcorepathusage.code.tex 2021/05/15 v3.1.9a (3.1.9a)
\pgf@shorten@end@additional=\dimen179
\pgf@shorten@start@additional=\dimen180
)
(C:\Users\dabagnara\AppData\Local\Programs\MiKTeX\tex/generic/pgf/basiclayer\pg
fcorescopes.code.tex
File: pgfcorescopes.code.tex 2021/05/15 v3.1.9a (3.1.9a)
\pgfpic=\box52
\pgf@hbox=\box53
\pgf@layerbox@main=\box54
\pgf@picture@serial@count=\count274
)
(C:\Users\dabagnara\AppData\Local\Programs\MiKTeX\tex/generic/pgf/basiclayer\pg
fcoregraphicstate.code.tex
File: pgfcoregraphicstate.code.tex 2021/05/15 v3.1.9a (3.1.9a)
\pgflinewidth=\dimen181
)
(C:\Users\dabagnara\AppData\Local\Programs\MiKTeX\tex/generic/pgf/basiclayer\pg
fcoretransformations.code.tex
File: pgfcoretransformations.code.tex 2021/05/15 v3.1.9a (3.1.9a)
\pgf@pt@x=\dimen182
\pgf@pt@y=\dimen183
\pgf@pt@temp=\dimen184
)
(C:\Users\dabagnara\AppData\Local\Programs\MiKTeX\tex/generic/pgf/basiclayer\pg
fcorequick.code.tex
File: pgfcorequick.code.tex 2021/05/15 v3.1.9a (3.1.9a)
)
(C:\Users\dabagnara\AppData\Local\Programs\MiKTeX\tex/generic/pgf/basiclayer\pg
fcoreobjects.code.tex
File: pgfcoreobjects.code.tex 2021/05/15 v3.1.9a (3.1.9a)
)
(C:\Users\dabagnara\AppData\Local\Programs\MiKTeX\tex/generic/pgf/basiclayer\pg
fcorepathprocessing.code.tex
File: pgfcorepathprocessing.code.tex 2021/05/15 v3.1.9a (3.1.9a)
)
(C:\Users\dabagnara\AppData\Local\Programs\MiKTeX\tex/generic/pgf/basiclayer\pg
fcorearrows.code.tex
File: pgfcorearrows.code.tex 2021/05/15 v3.1.9a (3.1.9a)
\pgfarrowsep=\dimen185
)
(C:\Users\dabagnara\AppData\Local\Programs\MiKTeX\tex/generic/pgf/basiclayer\pg
fcoreshade.code.tex
File: pgfcoreshade.code.tex 2021/05/15 v3.1.9a (3.1.9a)
\pgf@max=\dimen186
\pgf@sys@shading@range@num=\count275
\pgf@shadingcount=\count276
)
(C:\Users\dabagnara\AppData\Local\Programs\MiKTeX\tex/generic/pgf/basiclayer\pg
fcoreimage.code.tex
File: pgfcoreimage.code.tex 2021/05/15 v3.1.9a (3.1.9a)

(C:\Users\dabagnara\AppData\Local\Programs\MiKTeX\tex/generic/pgf/basiclayer\pg
fcoreexternal.code.tex
File: pgfcoreexternal.code.tex 2021/05/15 v3.1.9a (3.1.9a)
\pgfexternal@startupbox=\box55
))
(C:\Users\dabagnara\AppData\Local\Programs\MiKTeX\tex/generic/pgf/basiclayer\pg
fcorelayers.code.tex
File: pgfcorelayers.code.tex 2021/05/15 v3.1.9a (3.1.9a)
)
(C:\Users\dabagnara\AppData\Local\Programs\MiKTeX\tex/generic/pgf/basiclayer\pg
fcoretransparency.code.tex
File: pgfcoretransparency.code.tex 2021/05/15 v3.1.9a (3.1.9a)
)
(C:\Users\dabagnara\AppData\Local\Programs\MiKTeX\tex/generic/pgf/basiclayer\pg
fcorepatterns.code.tex
File: pgfcorepatterns.code.tex 2021/05/15 v3.1.9a (3.1.9a)
)
(C:\Users\dabagnara\AppData\Local\Programs\MiKTeX\tex/generic/pgf/basiclayer\pg
fcorerdf.code.tex
File: pgfcorerdf.code.tex 2021/05/15 v3.1.9a (3.1.9a)
)))
(C:\Users\dabagnara\AppData\Local\Programs\MiKTeX\tex/generic/pgf/modules\pgfmo
duleshapes.code.tex
File: pgfmoduleshapes.code.tex 2021/05/15 v3.1.9a (3.1.9a)
\pgfnodeparttextbox=\box56
)
(C:\Users\dabagnara\AppData\Local\Programs\MiKTeX\tex/generic/pgf/modules\pgfmo
duleplot.code.tex
File: pgfmoduleplot.code.tex 2021/05/15 v3.1.9a (3.1.9a)
)
(C:\Users\dabagnara\AppData\Local\Programs\MiKTeX\tex/latex/pgf/compatibility\p
gfcomp-version-0-65.sty
Package: pgfcomp-version-0-65 2021/05/15 v3.1.9a (3.1.9a)
\pgf@nodesepstart=\dimen187
\pgf@nodesepend=\dimen188
)
(C:\Users\dabagnara\AppData\Local\Programs\MiKTeX\tex/latex/pgf/compatibility\p
gfcomp-version-1-18.sty
Package: pgfcomp-version-1-18 2021/05/15 v3.1.9a (3.1.9a)
))
(C:\Users\dabagnara\AppData\Local\Programs\MiKTeX\tex/latex/pgf/utilities\pgffo
r.sty
(C:\Users\dabagnara\AppData\Local\Programs\MiKTeX\tex/latex/pgf/utilities\pgfke
ys.sty
(C:\Users\dabagnara\AppData\Local\Programs\MiKTeX\tex/generic/pgf/utilities\pgf
keys.code.tex))
(C:\Users\dabagnara\AppData\Local\Programs\MiKTeX\tex/latex/pgf/math\pgfmath.st
y
(C:\Users\dabagnara\AppData\Local\Programs\MiKTeX\tex/generic/pgf/math\pgfmath.
code.tex))
(C:\Users\dabagnara\AppData\Local\Programs\MiKTeX\tex/generic/pgf/utilities\pgf
for.code.tex
Package: pgffor 2021/05/15 v3.1.9a (3.1.9a)

(C:\Users\dabagnara\AppData\Local\Programs\MiKTeX\tex/generic/pgf/math\pgfmath.
code.tex)
\pgffor@iter=\dimen189
\pgffor@skip=\dimen190
\pgffor@stack=\toks28
\pgffor@toks=\toks29
))
(C:\Users\dabagnara\AppData\Local\Programs\MiKTeX\tex/generic/pgf/frontendlayer
/tikz\tikz.code.tex
Package: tikz 2021/05/15 v3.1.9a (3.1.9a)

(C:\Users\dabagnara\AppData\Local\Programs\MiKTeX\tex/generic/pgf/libraries\pgf
libraryplothandlers.code.tex
File: pgflibraryplothandlers.code.tex 2021/05/15 v3.1.9a (3.1.9a)
\pgf@plot@mark@count=\count277
\pgfplotmarksize=\dimen191
)
\tikz@lastx=\dimen192
\tikz@lasty=\dimen193
\tikz@lastxsaved=\dimen194
\tikz@lastysaved=\dimen195
\tikz@lastmovetox=\dimen196
\tikz@lastmovetoy=\dimen197
\tikzleveldistance=\dimen198
\tikzsiblingdistance=\dimen199
\tikz@figbox=\box57
\tikz@figbox@bg=\box58
\tikz@tempbox=\box59
\tikz@tempbox@bg=\box60
\tikztreelevel=\count278
\tikznumberofchildren=\count279
\tikznumberofcurrentchild=\count280
\tikz@fig@count=\count281

(C:\Users\dabagnara\AppData\Local\Programs\MiKTeX\tex/generic/pgf/modules\pgfmo
dulematrix.code.tex
File: pgfmodulematrix.code.tex 2021/05/15 v3.1.9a (3.1.9a)
\pgfmatrixcurrentrow=\count282
\pgfmatrixcurrentcolumn=\count283
\pgf@matrix@numberofcolumns=\count284
)
\tikz@expandcount=\count285

(C:\Users\dabagnara\AppData\Local\Programs\MiKTeX\tex/generic/pgf/frontendlayer
/tikz/libraries\tikzlibrarytopaths.code.tex
File: tikzlibrarytopaths.code.tex 2021/05/15 v3.1.9a (3.1.9a)
)))
(C:\Users\dabagnara\AppData\Local\Programs\MiKTeX\tex/latex/pgfplots\pgfplots.s
ty
(C:\Users\dabagnara\AppData\Local\Programs\MiKTeX\tex/generic/pgfplots\pgfplots
.revision.tex)
Package: pgfplots 2021/05/15 v1.18.1 Data Visualization (1.18.1)

(C:\Users\dabagnara\AppData\Local\Programs\MiKTeX\tex/generic/pgfplots\pgfplots
.code.tex
(C:\Users\dabagnara\AppData\Local\Programs\MiKTeX\tex/generic/pgfplots\pgfplots
core.code.tex
\t@pgfplots@toka=\toks30
\t@pgfplots@tokb=\toks31
\t@pgfplots@tokc=\toks32
\pgfplots@tmpa=\dimen256
\c@pgfplots@coordindex=\count286
\c@pgfplots@scanlineindex=\count287

(C:\Users\dabagnara\AppData\Local\Programs\MiKTeX\tex/generic/pgfplots/sys\pgfp
lotssysgeneric.code.tex))
(C:\Users\dabagnara\AppData\Local\Programs\MiKTeX\tex/generic/pgfplots/libs\pgf
plotslibrary.code.tex)
(C:\Users\dabagnara\AppData\Local\Programs\MiKTeX\tex/generic/pgfplots/oldpgfco
mpatib\pgfplotsoldpgfsupp_loader.code.tex
(C:\Users\dabagnara\AppData\Local\Programs\MiKTeX\tex/generic/pgf/libraries\pgf
libraryfpu.code.tex))
(C:\Users\dabagnara\AppData\Local\Programs\MiKTeX\tex/generic/pgfplots/util\pgf
plotsutil.code.tex
(C:\Users\dabagnara\AppData\Local\Programs\MiKTeX\tex/generic/pgfplots/liststru
cture\pgfplotsliststructure.code.tex)
(C:\Users\dabagnara\AppData\Local\Programs\MiKTeX\tex/generic/pgfplots/liststru
cture\pgfplotsliststructureext.code.tex)
(C:\Users\dabagnara\AppData\Local\Programs\MiKTeX\tex/generic/pgfplots/liststru
cture\pgfplotsarray.code.tex
\c@pgfplotsarray@tmp=\count288
)
(C:\Users\dabagnara\AppData\Local\Programs\MiKTeX\tex/generic/pgfplots/liststru
cture\pgfplotsmatrix.code.tex)
(C:\Users\dabagnara\AppData\Local\Programs\MiKTeX\tex/generic/pgfplots/numtable
\pgfplotstableshared.code.tex
\c@pgfplotstable@counta=\count289
\t@pgfplotstable@a=\toks33
)
(C:\Users\dabagnara\AppData\Local\Programs\MiKTeX\tex/generic/pgfplots/liststru
cture\pgfplotsdeque.code.tex)
(C:\Users\dabagnara\AppData\Local\Programs\MiKTeX\tex/generic/pgfplots/util\pgf
plotsbinary.code.tex
(C:\Users\dabagnara\AppData\Local\Programs\MiKTeX\tex/generic/pgfplots/util\pgf
plotsbinary.data.code.tex))
(C:\Users\dabagnara\AppData\Local\Programs\MiKTeX\tex/generic/pgfplots/util\pgf
plotsutil.verb.code.tex)
(C:\Users\dabagnara\AppData\Local\Programs\MiKTeX\tex/generic/pgfplots/libs\pgf
librarypgfplots.surfshading.code.tex
\c@pgfplotslibrarysurf@no=\count290

(C:\Users\dabagnara\AppData\Local\Programs\MiKTeX\tex/generic/pgfplots/sys\pgfl
ibrarypgfplots.surfshading.pgfsys-pdftex.def)))
(C:\Users\dabagnara\AppData\Local\Programs\MiKTeX\tex/generic/pgfplots/util\pgf
plotscolormap.code.tex
(C:\Users\dabagnara\AppData\Local\Programs\MiKTeX\tex/generic/pgfplots/util\pgf
plotscolor.code.tex))
(C:\Users\dabagnara\AppData\Local\Programs\MiKTeX\tex/generic/pgfplots\pgfplots
stackedplots.code.tex)
(C:\Users\dabagnara\AppData\Local\Programs\MiKTeX\tex/generic/pgfplots\pgfplots
plothandlers.code.tex
(C:\Users\dabagnara\AppData\Local\Programs\MiKTeX\tex/generic/pgfplots\pgfplots
meshplothandler.code.tex
(C:\Users\dabagnara\AppData\Local\Programs\MiKTeX\tex/generic/pgfplots\pgfplots
meshplotimage.code.tex)))
(C:\Users\dabagnara\AppData\Local\Programs\MiKTeX\tex/generic/pgfplots\pgfplots
.scaling.code.tex)
(C:\Users\dabagnara\AppData\Local\Programs\MiKTeX\tex/generic/pgfplots\pgfplots
coordprocessing.code.tex)
(C:\Users\dabagnara\AppData\Local\Programs\MiKTeX\tex/generic/pgfplots\pgfplots
.errorbars.code.tex)
(C:\Users\dabagnara\AppData\Local\Programs\MiKTeX\tex/generic/pgfplots\pgfplots
.markers.code.tex)
(C:\Users\dabagnara\AppData\Local\Programs\MiKTeX\tex/generic/pgfplots\pgfplots
ticks.code.tex)
(C:\Users\dabagnara\AppData\Local\Programs\MiKTeX\tex/generic/pgfplots\pgfplots
.paths.code.tex)
(C:\Users\dabagnara\AppData\Local\Programs\MiKTeX\tex/generic/pgf/frontendlayer
/tikz/libraries\tikzlibrarydecorations.code.tex
(C:\Users\dabagnara\AppData\Local\Programs\MiKTeX\tex/generic/pgf/modules\pgfmo
duledecorations.code.tex
\pgfdecoratedcompleteddistance=\dimen257
\pgfdecoratedremainingdistance=\dimen258
\pgfdecoratedinputsegmentcompleteddistance=\dimen259
\pgfdecoratedinputsegmentremainingdistance=\dimen260
\pgf@decorate@distancetomove=\dimen261
\pgf@decorate@repeatstate=\count291
\pgfdecorationsegmentamplitude=\dimen262
\pgfdecorationsegmentlength=\dimen263
)
\tikz@lib@dec@box=\box61
)
(C:\Users\dabagnara\AppData\Local\Programs\MiKTeX\tex/generic/pgf/frontendlayer
/tikz/libraries\tikzlibrarydecorations.pathmorphing.code.tex
(C:\Users\dabagnara\AppData\Local\Programs\MiKTeX\tex/generic/pgf/libraries/dec
orations\pgflibrarydecorations.pathmorphing.code.tex))
(C:\Users\dabagnara\AppData\Local\Programs\MiKTeX\tex/generic/pgf/frontendlayer
/tikz/libraries\tikzlibrarydecorations.pathreplacing.code.tex
(C:\Users\dabagnara\AppData\Local\Programs\MiKTeX\tex/generic/pgf/libraries/dec
orations\pgflibrarydecorations.pathreplacing.code.tex))
(C:\Users\dabagnara\AppData\Local\Programs\MiKTeX\tex/generic/pgfplots/libs\tik
zlibrarypgfplots.contourlua.code.tex)
\pgfplots@numplots=\count292
\pgfplots@xmin@reg=\dimen264
\pgfplots@xmax@reg=\dimen265
\pgfplots@ymin@reg=\dimen266
\pgfplots@ymax@reg=\dimen267
\pgfplots@zmin@reg=\dimen268
\pgfplots@zmax@reg=\dimen269
)
(C:\Users\dabagnara\AppData\Local\Programs\MiKTeX\tex/generic/pgf/frontendlayer
/tikz/libraries\tikzlibraryplotmarks.code.tex
File: tikzlibraryplotmarks.code.tex 2021/05/15 v3.1.9a (3.1.9a)

(C:\Users\dabagnara\AppData\Local\Programs\MiKTeX\tex/generic/pgf/libraries\pgf
libraryplotmarks.code.tex
File: pgflibraryplotmarks.code.tex 2021/05/15 v3.1.9a (3.1.9a)
)))
(C:\Users\dabagnara\AppData\Local\Programs\MiKTeX\tex/latex/chemmacros\chemmacr
os.sty
(C:\Users\dabagnara\AppData\Local\Programs\MiKTeX\tex/latex/l3packages/l3keys2e
\l3keys2e.sty
(C:\Users\dabagnara\AppData\Local\Programs\MiKTeX\tex/latex/l3kernel\expl3.sty
Package: expl3 2022-01-21 L3 programming layer (loader) 

(C:\Users\dabagnara\AppData\Local\Programs\MiKTeX\tex/latex/l3backend\l3backend
-pdftex.def
File: l3backend-pdftex.def 2022-01-12 L3 backend support: PDF output (pdfTeX)
\l__color_backend_stack_int=\count293
\l__pdf_internal_box=\box62
))
Package: l3keys2e 2022-01-12 LaTeX2e option processing using LaTeX3 keys
)
Package: chemmacros 2022/01/18 v6.0a comprehensive support for typesetting chem
istry documents (CN)
\l__chemmacros_tmpa_dim=\dimen270
\l__chemmacros_tmpb_dim=\dimen271
\l__chemmacros_tmpc_dim=\dimen272
\l__chemmacros_tmpa_int=\count294
\l__chemmacros_tmpb_int=\count295
\l__chemmacros_tmpc_int=\count296
\l__chemmacros_tmpa_box=\box63
\l__chemmacros_tmpb_box=\box64
\l__chemmacros_tmpc_box=\box65
Loading the chemmacros module `base' ...

Loading the chemmacros module `base' ...
(C:\Users\dabagnara\AppData\Local\Programs\MiKTeX\tex/latex/tools\bm.sty
Package: bm 2021/04/25 v1.2e Bold Symbol Support (DPC/FMi)
\symboldoperators=\mathgroup4
\symboldletters=\mathgroup5
\symboldsymbols=\mathgroup6
Package bm Info: No bold for \OMX/cmex/m/n, using \pmb.
LaTeX Font Info:    Redeclaring math alphabet \mathbf on input line 149.
)
(C:\Users\dabagnara\AppData\Local\Programs\MiKTeX\tex/latex/amsmath\amstext.sty
Package: amstext 2021/08/26 v2.01 AMS text
(C:\Users\dabagnara\AppData\Local\Programs\MiKTeX\tex/latex/amsmath\amsgen.sty
File: amsgen.sty 1999/11/30 v2.0 generic functions
\@emptytoks=\toks34
\ex@=\dimen273
))
Loading the chemmacros module `errorcheck' ...

Loading the chemmacros module `errorcheck' ...
Loading the chemmacros module `lang' ...
Loading the chemmacros module `lang' ...

(C:\Users\dabagnara\AppData\Local\Programs\MiKTeX\tex/latex/translations\transl
ations.sty
Package: translations 2022/01/04 v1.11 internationalization of LaTeX2e packages
 (CN)

(C:\Users\dabagnara\AppData\Local\Programs\MiKTeX\tex/latex/etoolbox\etoolbox.s
ty
Package: etoolbox 2020/10/05 v2.5k e-TeX tools for LaTeX (JAW)
\etb@tempcnta=\count297
)
(C:\Users\dabagnara\AppData\Local\Programs\MiKTeX\tex/generic/pdftexcmds\pdftex
cmds.sty
Package: pdftexcmds 2020-06-27 v0.33 Utility functions of pdfTeX for LuaTeX (HO
)

(C:\Users\dabagnara\AppData\Local\Programs\MiKTeX\tex/generic/infwarerr\infware
rr.sty
Package: infwarerr 2019/12/03 v1.5 Providing info/warning/error messages (HO)
)
(C:\Users\dabagnara\AppData\Local\Programs\MiKTeX\tex/generic/ltxcmds\ltxcmds.s
ty
Package: ltxcmds 2020-05-10 v1.25 LaTeX kernel commands for general use (HO)
)
Package pdftexcmds Info: \pdf@primitive is available.
Package pdftexcmds Info: \pdf@ifprimitive is available.
Package pdftexcmds Info: \pdfdraftmode found.
))
Loading the chemmacros module `greek' ...

Loading the chemmacros module `greek' ...

(C:\Users\dabagnara\AppData\Local\Programs\MiKTeX\tex/latex/chemgreek\chemgreek
.sty
(C:\Users\dabagnara\AppData\Local\Programs\MiKTeX\tex/latex/l3packages/xparse\x
parse.sty
Package: xparse 2022-01-12 L3 Experimental document command parser
)
Package: chemgreek 2020/01/16 v1.1a interface for upright Greek letters for use
 in chemistry (CN)
\l__chemgreek_tmpa_int=\count298
\g__chemgreek_tmpa_int=\count299
)
Loading the chemmacros module `chemformula' ...

Loading the chemmacros module `chemformula' ...
Loading the chemmacros module `charges' ...
Loading the chemmacros module `charges' ...
Loading the chemmacros module `acid-base' ...
Loading the chemmacros module `acid-base' ...
Loading the chemmacros module `symbols' ...
Loading the chemmacros module `symbols' ...
Loading the chemmacros module `particles' ...
Loading the chemmacros module `particles' ...
\l__chemmacros_nucleophile_dim=\dimen274
Loading the chemmacros module `phases' ...
Loading the chemmacros module `phases' ...
\l__chemmacros_phases_space_dim=\dimen275
Loading the chemmacros module `nomenclature' ...
Loading the chemmacros module `nomenclature' ...
\l__chemmacros_cip_kern_dim=\dimen276
\l__chemmacros_iupac_hyphen_pre_dim=\dimen277
\l__chemmacros_iupac_hyphen_post_dim=\dimen278
\l__chemmacros_iupac_break_dim=\dimen279
\l__chemmacros_iupac_break_skip=\skip49
Loading the chemmacros module `tikz' ...
Loading the chemmacros module `tikz' ...

(C:\Users\dabagnara\AppData\Local\Programs\MiKTeX\tex/generic/pgf/frontendlayer
/tikz/libraries\tikzlibrarycalc.code.tex
File: tikzlibrarycalc.code.tex 2021/05/15 v3.1.9a (3.1.9a)
)
\l__chemmacros_el_length_dim=\dimen280
Loading the chemmacros module `isotopes' ...

Loading the chemmacros module `isotopes' ...

(C:\Users\dabagnara\AppData\Local\Programs\MiKTeX\tex/latex/elements\elements.s
ty
Package: elements 2019/10/14 v0.3 properties of chemical elements
\c@@elements@orbital@type=\count300
\c@@elements@shell@number=\count301
)
Loading the chemmacros module `mechanisms' ...

Loading the chemmacros module `mechanisms' ...
Loading the chemmacros module `newman' ...
Loading the chemmacros module `newman' ...
Loading the chemmacros module `orbital' ...
Loading the chemmacros module `orbital' ...
Loading the chemmacros module `polymers' ...
Loading the chemmacros module `polymers' ...
\l__chemmacros_polymer_delimiter_height_dim=\dimen281
\l__chemmacros_polymer_delimiter_depth_dim=\dimen282
Loading the chemmacros module `reactions' ...
Loading the chemmacros module `reactions' ...

(C:\Users\dabagnara\AppData\Local\Programs\MiKTeX\tex/latex/mathtools\mathtools
.sty
Package: mathtools 2021/04/12 v1.27 mathematical typesetting tools
 (C:\Users\dabagnara\AppData\Local\Programs\MiKTeX\tex/latex/tools\calc.sty
Package: calc 2017/05/25 v4.3 Infix arithmetic (KKT,FJ)
\calc@Acount=\count302
\calc@Bcount=\count303
\calc@Adimen=\dimen283
\calc@Bdimen=\dimen284
\calc@Askip=\skip50
\calc@Bskip=\skip51
LaTeX Info: Redefining \setlength on input line 80.
LaTeX Info: Redefining \addtolength on input line 81.
\calc@Ccount=\count304
\calc@Cskip=\skip52
)
(C:\Users\dabagnara\AppData\Local\Programs\MiKTeX\tex/latex/mathtools\mhsetup.s
ty
Package: mhsetup 2021/03/18 v1.4 programming setup (MH)
)
(C:\Users\dabagnara\AppData\Local\Programs\MiKTeX\tex/latex/amsmath\amsmath.sty
Package: amsmath 2021/10/15 v2.17l AMS math features
\@mathmargin=\skip53
For additional information on amsmath, use the `?' option.
(C:\Users\dabagnara\AppData\Local\Programs\MiKTeX\tex/latex/amsmath\amsbsy.sty
Package: amsbsy 1999/11/29 v1.2d Bold Symbols
LaTeX Info: Redefining \boldsymbol on input line 28.
\pmbraise@=\dimen285
) (C:\Users\dabagnara\AppData\Local\Programs\MiKTeX\tex/latex/amsmath\amsopn.st
y
Package: amsopn 2021/08/26 v2.02 operator names
)
\inf@bad=\count305
LaTeX Info: Redefining \frac on input line 234.
\uproot@=\count306
\leftroot@=\count307
LaTeX Info: Redefining \overline on input line 399.
\classnum@=\count308
\DOTSCASE@=\count309
LaTeX Info: Redefining \ldots on input line 496.
LaTeX Info: Redefining \dots on input line 499.
LaTeX Info: Redefining \cdots on input line 620.
\Mathstrutbox@=\box66
\strutbox@=\box67
\big@size=\dimen286
LaTeX Font Info:    Redeclaring font encoding OML on input line 743.
LaTeX Font Info:    Redeclaring font encoding OMS on input line 744.
\macc@depth=\count310
\c@MaxMatrixCols=\count311
\dotsspace@=\muskip16
\c@parentequation=\count312
\dspbrk@lvl=\count313
\tag@help=\toks35
\row@=\count314
\column@=\count315
\maxfields@=\count316
\andhelp@=\toks36
\eqnshift@=\dimen287
\alignsep@=\dimen288
\tagshift@=\dimen289
\tagwidth@=\dimen290
\totwidth@=\dimen291
\lineht@=\dimen292
\@envbody=\toks37
\multlinegap=\skip54
\multlinetaggap=\skip55
\mathdisplay@stack=\toks38
LaTeX Info: Redefining \[ on input line 2938.
LaTeX Info: Redefining \] on input line 2939.
)
LaTeX Info: Thecontrolsequence`\('isalreadyrobust on input line 130.
LaTeX Info: Thecontrolsequence`\)'isalreadyrobust on input line 130.
LaTeX Info: Thecontrolsequence`\['isalreadyrobust on input line 130.
LaTeX Info: Thecontrolsequence`\]'isalreadyrobust on input line 130.
\g_MT_multlinerow_int=\count317
\l_MT_multwidth_dim=\dimen293
\origjot=\skip56
\l_MT_shortvdotswithinadjustabove_dim=\dimen294
\l_MT_shortvdotswithinadjustbelow_dim=\dimen295
\l_MT_above_intertext_sep=\dimen296
\l_MT_below_intertext_sep=\dimen297
\l_MT_above_shortintertext_sep=\dimen298
\l_MT_below_shortintertext_sep=\dimen299
\xmathstrut@box=\box68
\xmathstrut@dim=\dimen300
)
\c@chemmacros_save_reaction=\count318
\c@reaction=\count319
Loading the chemmacros module `redox' ...

Loading the chemmacros module `redox' ...

(C:\Users\dabagnara\AppData\Local\Programs\MiKTeX\tex/latex/relsize\relsize.sty
Package: relsize 2013/03/29 ver 4.1
)
\l__chemmacros_ox_number_int=\count320
\l__chemmacros_redox_sep_dim=\dimen301
\l__chemmacros_redox_sep_default_dim=\dimen302
\l__chemmacros_redox_dist_dim=\dimen303
Loading the chemmacros module `xfrac' ...

Loading the chemmacros module `xfrac' ...

(C:\Users\dabagnara\AppData\Local\Programs\MiKTeX\tex/latex/l3packages/xfrac\xf
rac.sty
(C:\Users\dabagnara\AppData\Local\Programs\MiKTeX\tex/latex/base\textcomp.sty
Package: textcomp 2020/02/02 v2.0n Standard LaTeX package
)
(C:\Users\dabagnara\AppData\Local\Programs\MiKTeX\tex/latex/l3packages/xtemplat
e\xtemplate.sty
Package: xtemplate 2022-01-12 L3 Experimental prototype document functions
\l__xtemplate_tmp_dim=\dimen304
\l__xtemplate_tmp_int=\count321
\l__xtemplate_tmp_muskip=\muskip17
\l__xtemplate_tmp_skip=\skip57
)
Package: xfrac 2022-01-12 L3 Experimental split-level fractions
\l__xfrac_slash_box=\box69
\l__xfrac_tmp_box=\box70
\l__xfrac_denominator_bot_sep_dim=\dimen305
\l__xfrac_numerator_bot_sep_dim=\dimen306
\l__xfrac_numerator_top_sep_dim=\dimen307
\l__xfrac_slash_left_sep_dim=\dimen308
\l__xfrac_slash_right_sep_dim=\dimen309
\l__xfrac_slash_left_muskip=\muskip18
\l__xfrac_slash_right_muskip=\muskip19

Package xtemplate Info: Declaring object type 'xfrac' taking 3 argument(s) on
(xtemplate)             line 80.

)
Loading the chemmacros module `scheme' ...

Loading the chemmacros module `scheme' ...

(C:\Users\dabagnara\AppData\Local\Programs\MiKTeX\tex/latex/chemnum\chemnum.sty
Package: chemnum 2021/01/21 v1.3a a comprehensive approach for the numbering of
 chemical compounds (CN)
(C:\Users\dabagnara\AppData\Local\Programs\MiKTeX\tex/latex/psfrag\psfrag.sty
Package: psfrag 1998/04/11 v3.04 PSfrag (MCG)
\pfg@pcount=\count322
\pfg@scount=\count323
\pfg@temp=\write4
)
\l__chemnum_tmpa_int=\count324
\l__chemnum_tmpb_int=\count325
\l__chemnum_tmpc_int=\count326
\c@cmpdmain=\count327
\g__chemnum_main_int=\count328
\l__chemnum_compound_replace_int=\count329
)
Loading the chemmacros module `spectroscopy' ...
Loading the chemmacros module `spectroscopy' ...

(C:\Users\dabagnara\AppData\Local\Programs\MiKTeX\tex/latex/siunitx\siunitx.sty
Package: siunitx 2022-01-20 v3.0.43 A comprehensive (SI) units package
\l__siunitx_angle_tmp_dim=\dimen310
\l__siunitx_angle_marker_box=\box71
\l__siunitx_angle_unit_box=\box72
\l__siunitx_compound_count_int=\count330
\l__siunitx_number_exponent_fixed_int=\count331
\l__siunitx_number_min_decimal_int=\count332
\l__siunitx_number_min_integer_int=\count333
\l__siunitx_number_round_precision_int=\count334
\l__siunitx_number_group_minimum_int=\count335
\l__siunitx_table_tmp_box=\box73
\l__siunitx_table_tmp_dim=\dimen311
\l__siunitx_table_column_width_dim=\dimen312
\l__siunitx_table_integer_box=\box74
\l__siunitx_table_decimal_box=\box75
\l__siunitx_table_before_box=\box76
\l__siunitx_table_after_box=\box77
\l__siunitx_table_before_dim=\dimen313
\l__siunitx_table_carry_dim=\dimen314
\l__siunitx_unit_tmp_int=\count336
\l__siunitx_unit_position_int=\count337
\l__siunitx_unit_total_int=\count338
(C:\Users\dabagnara\AppData\Local\Programs\MiKTeX\tex/latex/tools\array.sty
Package: array 2021/10/04 v2.5f Tabular extension package (FMi)
\col@sep=\dimen315
\ar@mcellbox=\box78
\extrarowheight=\dimen316
\NC@list=\toks39
\extratabsurround=\skip58
\backup@length=\skip59
\ar@cellbox=\box79
))
\l__chemmacros_nmr_space_skip=\skip60
Loading the chemmacros module `thermodynamics' ...

Loading the chemmacros module `thermodynamics' ...
Loading the chemmacros module `units' ...
Loading the chemmacros module `units' ...
Loading the chemmacros module `reactants' ...
Loading the chemmacros module `reactants' ...
Loading the chemmacros module `translations' ...
Loading the chemmacros module `translations' ...
)
(C:\Users\dabagnara\AppData\Local\Programs\MiKTeX\tex/latex/chemfig\chemfig.sty

(C:\Users\dabagnara\AppData\Local\Programs\MiKTeX\tex/generic/chemfig\chemfig.t
ex
(C:\Users\dabagnara\AppData\Local\Programs\MiKTeX\tex/generic/simplekv\simplekv
.tex
Package: simplekv 2020/04/27 v0.2 Simple keyval package (CT)
)
(C:\Users\dabagnara\AppData\Local\Programs\MiKTeX\tex/generic/pgf/libraries\pgf
libraryarrows.meta.code.tex
File: pgflibraryarrows.meta.code.tex 2021/05/15 v3.1.9a (3.1.9a)
\pgfarrowinset=\dimen317
\pgfarrowlength=\dimen318
\pgfarrowwidth=\dimen319
\pgfarrowlinewidth=\dimen320
)
\CF_cntatomgroup=\count339
\CF_cntgroup=\count340
\CF_cntatom=\count341
\CF_cntcycle=\count342
\CF_cntcyclebonds=\count343
\CF_cntcompound=\count344
\CF_dim=\dimen321
\CF_arrowsize=\dimen322
\CF_zero=\dimen323
\CF_box=\box80
\CF_boxstuff=\box81
\CF_testbox=\box82
\CF_chargebox=\box83
\CF_substtoks=\toks40
)
Package: chemfig 2021/08/01 v1.6b Draw molecule with an easy syntax (CT)
)

Package chemmacros Warning: The module mechanism has changed with v6!
(chemmacros)                =========================================
(chemmacros)                * All modules have been integrated into 
(chemmacros)                the main package and thus are preloaded 
(chemmacros)                already (unless you have loaded 
(chemmacros)                `chemmacros' with the `minimal' option).
(chemmacros)                * The new default corresponds to the 
(chemmacros)                earlier setting `modules=all'.
(chemmacros)                The command \usechemmodule is deprecated.

(C:\Users\dabagnara\AppData\Local\Programs\MiKTeX\tex/latex/esint\esint.sty
Package: esint 
\symlargesymbolsA=\mathgroup7
)
(C:\Users\dabagnara\AppData\Local\Programs\MiKTeX\tex/latex/tabularray\tabularr
ay.sty
Package: tabularray 2021-12-01 v2021Q Typeset tabulars and arrays with LaTeX3
\l__tblr_a_int=\count345
\l__tblr_c_int=\count346
\l__tblr_r_int=\count347
\l__tblr_d_dim=\dimen324
\l__tblr_h_dim=\dimen325
\l__tblr_o_dim=\dimen326
\l__tblr_p_dim=\dimen327
\l__tblr_q_dim=\dimen328
\l__tblr_r_dim=\dimen329
\l__tblr_s_dim=\dimen330
\l__tblr_t_dim=\dimen331
\l__tblr_v_dim=\dimen332
\l__tblr_w_dim=\dimen333
\l__tblr_a_box=\box84
\l__tblr_b_box=\box85
\l__tblr_c_box=\box86
\l__tblr_d_box=\box87
\g__tblr_table_count_int=\count348
\c@rownum=\count349
\c@colnum=\count350
\c@rowcount=\count351
\c@colcount=\count352
\abovesep=\dimen334
\belowsep=\dimen335
\leftsep=\dimen336
\rightsep=\dimen337
\g_tblr_level_int=\count353
\g__tblr_data_row_key_count_int=\count354
\g__tblr_data_column_key_count_int=\count355
\g__tblr_data_cell_key_count_int=\count356
\g__tblr_array_int=\count357
\l__tblr_key_count_int=\count358
\l__tblr_key_quotient_int=\count359
\l__tblr_key_quotient_two_int=\count360
\l__tblr_key_remainder_int=\count361
\g__tblr_data_str_value_count_int=\count362
\rulewidth=\dimen338
\l__multicolumn_cell_number_int=\count363
\l__tblr_strut_ht_box=\box88
\l__tblr_strut_dp_box=\box89
\g__tblr_cell_wd_dim=\dimen339
\g__tblr_cell_ht_dim=\dimen340
\g__tblr_cell_head_dim=\dimen341
\g__tblr_cell_foot_dim=\dimen342
\l__column_target_dim=\dimen343
\l__tblr_caption_box=\box90
\l__tblr_caption_left_box=\box91
\l__tblr_row_head_box=\box92
\l__tblr_row_foot_box=\box93
\l__tblr_row_head_foot_dim=\dimen344
\tablewidth=\dimen345
\l__tblr_table_firsthead_box=\box94
\l__tblr_table_middlehead_box=\box95
\l__tblr_table_lasthead_box=\box96
\l__tblr_table_firstfoot_box=\box97
\l__tblr_table_middlefoot_box=\box98
\l__tblr_table_lastfoot_box=\box99
\l__tblr_remain_height_dim=\dimen346
\l__tblr_long_from_int=\count364
\l__tblr_long_to_int=\count365
\l__tblr_curr_i_int=\count366
\l__tblr_prev_i_int=\count367
\l__tblr_table_page_int=\count368
\l__tblr_table_head_box=\box100
\l__tblr_table_foot_box=\box101
\l__tblr_table_head_foot_dim=\dimen347
\l__tblr_table_head_body_foot_dim=\dimen348
\l__tblr_table_box=\box102
\l__tblr_table_hlines_box=\box103
\l__tblr_hline_box=\box104
\l__tblr_row_box=\box105
\l__tblr_col_o_wd_dim=\dimen349
\l__tblr_col_b_wd_dim=\dimen350
\l__tblr_hline_leftskip_dim=\dimen351
\l__tblr_hline_rightskip_dim=\dimen352
\l__tblr_row_ht_dim=\dimen353
\l__tblr_row_dp_dim=\dimen354
\l__tblr_row_abovesep_dim=\dimen355
\l__tblr_row_belowsep_dim=\dimen356
\l__tblr_row_vlines_box=\box106
\l__tblr_vline_box=\box107
\l__tblr_cell_box=\box108
\l__row_upper_dim=\dimen357
\l__row_lower_dim=\dimen358
\l__row_vpace_dim=\dimen359
\l__tblr_vline_aboveskip_dim=\dimen360
\l__tblr_vline_belowskip_dim=\dimen361
\l__tblr_cell_wd_dim=\dimen362
\l__tblr_cell_ht_dim=\dimen363
\l__tblr_diag_box=\box109
)
(C:\Users\dabagnara\AppData\Local\Programs\MiKTeX\tex/latex/base\makeidx.sty
Package: makeidx 2021/10/04 v1.0m Standard LaTeX package
)
(C:\Users\dabagnara\AppData\Local\Programs\MiKTeX\tex/latex/epstopdf-pkg\epstop
df.sty
Package: epstopdf 2020-01-24 v2.11 Conversion with epstopdf on the fly (HO)

(C:\Users\dabagnara\AppData\Local\Programs\MiKTeX\tex/latex/grfext\grfext.sty
Package: grfext 2019/12/03 v1.3 Manage graphics extensions (HO)

(C:\Users\dabagnara\AppData\Local\Programs\MiKTeX\tex/generic/kvdefinekeys\kvde
finekeys.sty
Package: kvdefinekeys 2019-12-19 v1.6 Define keys (HO)
))
(C:\Users\dabagnara\AppData\Local\Programs\MiKTeX\tex/latex/kvoptions\kvoptions
.sty
Package: kvoptions 2020-10-07 v3.14 Key value format for package options (HO)

(C:\Users\dabagnara\AppData\Local\Programs\MiKTeX\tex/generic/kvsetkeys\kvsetke
ys.sty
Package: kvsetkeys 2019/12/15 v1.18 Key value parser (HO)
))
(C:\Users\dabagnara\AppData\Local\Programs\MiKTeX\tex/latex/epstopdf-pkg\epstop
df-base.sty
Package: epstopdf-base 2020-01-24 v2.11 Base part for package epstopdf
Package epstopdf-base Info: Redefining graphics rule for `.eps' on input line 4
85.
Package grfext Info: Graphics extension search list:
(grfext)             [.pdf,.png,.jpg,.mps,.jpeg,.jbig2,.jb2,.PDF,.PNG,.JPG,.JPE
G,.JBIG2,.JB2,.eps]
(grfext)             \AppendGraphicsExtensions on input line 504.

(C:\Users\dabagnara\AppData\Local\Programs\MiKTeX\tex/latex/00miktex\epstopdf-s
ys.cfg
File: epstopdf-sys.cfg 2021/03/18 v2.0 Configuration of epstopdf for MiKTeX
)))
(C:\Users\dabagnara\AppData\Local\Programs\MiKTeX\tex/latex/amsfonts\amssymb.st
y
Package: amssymb 2013/01/14 v3.01 AMS font symbols

(C:\Users\dabagnara\AppData\Local\Programs\MiKTeX\tex/latex/amsfonts\amsfonts.s
ty
Package: amsfonts 2013/01/14 v3.01 Basic AMSFonts support
\symAMSa=\mathgroup8
\symAMSb=\mathgroup9
LaTeX Font Info:    Redeclaring math symbol \hbar on input line 98.
LaTeX Font Info:    Overwriting math alphabet `\mathfrak' in version `bold'
(Font)                  U/euf/m/n --> U/euf/b/n on input line 106.
))
(C:\Users\dabagnara\AppData\Local\Programs\MiKTeX\tex/latex/jknappen\mathrsfs.s
ty
Package: mathrsfs 1996/01/01 Math RSFS package v1.0 (jk)
\symrsfs=\mathgroup10
)
(C:\Users\dabagnara\AppData\Local\Programs\MiKTeX\tex/latex/enumitem\enumitem.s
ty
Package: enumitem 2019/06/20 v3.9 Customized lists
\labelindent=\skip61
\enit@outerparindent=\dimen364
\enit@toks=\toks41
\enit@inbox=\box110
\enit@count@id=\count369
\enitdp@description=\count370
)
(C:\Users\dabagnara\AppData\Local\Programs\MiKTeX\tex/latex/tools\varioref.sty
Package: varioref 2021/07/07 v1.6f package for extended references (FMi)
\c@vrcnt=\count371
) (C:\Users\dabagnara\AppData\Local\Programs\MiKTeX\tex/latex/lipsum\lipsum.sty
Package: lipsum 2021-09-20 v2.7 150 paragraphs of Lorem Ipsum dummy text
\g__lipsum_par_int=\count372
\l__lipsum_a_int=\count373
\l__lipsum_b_int=\count374

(C:\Users\dabagnara\AppData\Local\Programs\MiKTeX\tex/latex/lipsum\lipsum.ltd.t
ex))
(C:\Users\dabagnara\AppData\Local\Programs\MiKTeX\tex/latex/fancyhdr\fancyhdr.s
ty
Package: fancyhdr 2021/01/28 v4.0.1 Extensive control of page headers and foote
rs
\f@nch@headwidth=\skip62
\f@nch@O@elh=\skip63
\f@nch@O@erh=\skip64
\f@nch@O@olh=\skip65
\f@nch@O@orh=\skip66
\f@nch@O@elf=\skip67
\f@nch@O@erf=\skip68
\f@nch@O@olf=\skip69
\f@nch@O@orf=\skip70
) (C:\Users\dabagnara\AppData\Local\Programs\MiKTeX\tex/latex/float\float.sty
Package: float 2001/11/08 v1.3d Float enhancements (AL)
\c@float@type=\count375
\float@exts=\toks42
\float@box=\box111
\@float@everytoks=\toks43
\@floatcapt=\box112
)
(C:\Users\dabagnara\AppData\Local\Programs\MiKTeX\tex/latex/mathtools\empheq.st
y
Package: empheq 2017/03/31 v2.15 Emphasizing equations
\l_EQ_equationtype_int=\count376
\l_EQ_alignmentmode_int=\count377
\l_EQ_totalwidth_dim=\dimen365
\l_EQ_displaywidth_dim=\dimen366
\l_EQ_temp_linewidth_dim=\dimen367
\l_EQ_linewidth_dim=\dimen368
\EmphEqdelimitershortfall=\dimen369
\EmphEqdelimiterfactor=\count378
\g_EQ_toptag_height_dim=\dimen370
\g_EQ_bottomtag_depth_dim=\dimen371
\g_EQ_toprow_height_dim=\dimen372
\g_EQ_bottomrow_depth_dim=\dimen373
\g_EQ_widesttag_dim=\dimen374
\EQ_mathdisplay_box=\box113
\EQ_tag_box=\box114
\g_EQ_temprow_int=\count379
)
(C:\Users\dabagnara\AppData\Local\Programs\MiKTeX\tex/latex/mdframed\mdframed.s
ty
Package: mdframed 2013/07/01 1.9b: mdframed

(C:\Users\dabagnara\AppData\Local\Programs\MiKTeX\tex/latex/zref\zref-abspage.s
ty
Package: zref-abspage 2020-07-03 v2.32 Module abspage for zref (HO)

(C:\Users\dabagnara\AppData\Local\Programs\MiKTeX\tex/latex/zref\zref-base.sty
Package: zref-base 2020-07-03 v2.32 Module base for zref (HO)

(C:\Users\dabagnara\AppData\Local\Programs\MiKTeX\tex/generic/etexcmds\etexcmds
.sty
Package: etexcmds 2019/12/15 v1.7 Avoid name clashes with e-TeX commands (HO)
)
(C:\Users\dabagnara\AppData\Local\Programs\MiKTeX\tex/latex/auxhook\auxhook.sty
Package: auxhook 2019-12-17 v1.6 Hooks for auxiliary files (HO)
)
Package zref Info: New property list: main on input line 764.
Package zref Info: New property: default on input line 765.
Package zref Info: New property: page on input line 766.
)
(C:\Users\dabagnara\AppData\Local\Programs\MiKTeX\tex/latex/base\atbegshi-ltx.s
ty
Package: atbegshi-ltx 2021/01/10 v1.0c Emulation of the original atbegshi
package with kernel methods
)
\c@abspage=\count380
Package zref Info: New property: abspage on input line 66.
)
(C:\Users\dabagnara\AppData\Local\Programs\MiKTeX\tex/latex/needspace\needspace
.sty
Package: needspace 2010/09/12 v1.3d reserve vertical space
)
\mdf@templength=\skip71
\c@mdf@globalstyle@cnt=\count381
\mdf@skipabove@length=\skip72
\mdf@skipbelow@length=\skip73
\mdf@leftmargin@length=\skip74
\mdf@rightmargin@length=\skip75
\mdf@innerleftmargin@length=\skip76
\mdf@innerrightmargin@length=\skip77
\mdf@innertopmargin@length=\skip78
\mdf@innerbottommargin@length=\skip79
\mdf@splittopskip@length=\skip80
\mdf@splitbottomskip@length=\skip81
\mdf@outermargin@length=\skip82
\mdf@innermargin@length=\skip83
\mdf@linewidth@length=\skip84
\mdf@innerlinewidth@length=\skip85
\mdf@middlelinewidth@length=\skip86
\mdf@outerlinewidth@length=\skip87
\mdf@roundcorner@length=\skip88
\mdf@footenotedistance@length=\skip89
\mdf@userdefinedwidth@length=\skip90
\mdf@needspace@length=\skip91
\mdf@frametitleaboveskip@length=\skip92
\mdf@frametitlebelowskip@length=\skip93
\mdf@frametitlerulewidth@length=\skip94
\mdf@frametitleleftmargin@length=\skip95
\mdf@frametitlerightmargin@length=\skip96
\mdf@shadowsize@length=\skip97
\mdf@extratopheight@length=\skip98
\mdf@subtitleabovelinewidth@length=\skip99
\mdf@subtitlebelowlinewidth@length=\skip100
\mdf@subtitleaboveskip@length=\skip101
\mdf@subtitlebelowskip@length=\skip102
\mdf@subtitleinneraboveskip@length=\skip103
\mdf@subtitleinnerbelowskip@length=\skip104
\mdf@subsubtitleabovelinewidth@length=\skip105
\mdf@subsubtitlebelowlinewidth@length=\skip106
\mdf@subsubtitleaboveskip@length=\skip107
\mdf@subsubtitlebelowskip@length=\skip108
\mdf@subsubtitleinneraboveskip@length=\skip109
\mdf@subsubtitleinnerbelowskip@length=\skip110

(C:\Users\dabagnara\AppData\Local\Programs\MiKTeX\tex/latex/mdframed\md-frame-1
.mdf
File: md-frame-1.mdf 2013/07/01\ 1.9b: md-frame-1
)
\mdf@frametitlebox=\box115
\mdf@footnotebox=\box116
\mdf@splitbox@one=\box117
\mdf@splitbox@two=\box118
\mdf@splitbox@save=\box119
\mdfsplitboxwidth=\skip111
\mdfsplitboxtotalwidth=\skip112
\mdfsplitboxheight=\skip113
\mdfsplitboxdepth=\skip114
\mdfsplitboxtotalheight=\skip115
\mdfframetitleboxwidth=\skip116
\mdfframetitleboxtotalwidth=\skip117
\mdfframetitleboxheight=\skip118
\mdfframetitleboxdepth=\skip119
\mdfframetitleboxtotalheight=\skip120
\mdffootnoteboxwidth=\skip121
\mdffootnoteboxtotalwidth=\skip122
\mdffootnoteboxheight=\skip123
\mdffootnoteboxdepth=\skip124
\mdffootnoteboxtotalheight=\skip125
\mdftotallinewidth=\skip126
\mdfboundingboxwidth=\skip127
\mdfboundingboxtotalwidth=\skip128
\mdfboundingboxheight=\skip129
\mdfboundingboxdepth=\skip130
\mdfboundingboxtotalheight=\skip131
\mdf@freevspace@length=\skip132
\mdf@horizontalwidthofbox@length=\skip133
\mdf@verticalmarginwhole@length=\skip134
\mdf@horizontalspaceofbox=\skip135
\mdfsubtitleheight=\skip136
\mdfsubsubtitleheight=\skip137
\c@mdfcountframes=\count382

****** mdframed patching \endmdf@trivlist

****** -- success******

\mdf@envdepth=\count383
\c@mdf@env@i=\count384
\c@mdf@env@ii=\count385
\c@mdf@zref@counter=\count386
Package zref Info: New property: mdf@pagevalue on input line 895.
)
(C:\Users\dabagnara\AppData\Local\Programs\MiKTeX\tex/latex/eso-pic\eso-pic.sty
Package: eso-pic 2020/10/14 v3.0a eso-pic (RN)
\ESO@tempdima=\dimen375
\ESO@tempdimb=\dimen376
)
(C:\Users\dabagnara\AppData\Local\Programs\MiKTeX\tex/latex/ncctools\nccmath.st
y
Package: nccmath 2006/01/20 v1.3 Additional Math Commands (NCC)
\NCC@fracrulewidth=\dimen377
)
(C:\Users\dabagnara\AppData\Local\Programs\MiKTeX\tex/latex/caption\caption.sty
Package: caption 2020/10/26 v3.5g Customizing captions (AR)

(C:\Users\dabagnara\AppData\Local\Programs\MiKTeX\tex/latex/caption\caption3.st
y
Package: caption3 2020/10/21 v2.2e caption3 kernel (AR)
\captionmargin=\dimen378
\captionmargin@=\dimen379
\captionwidth=\dimen380
\caption@tempdima=\dimen381
\caption@indent=\dimen382
\caption@parindent=\dimen383
\caption@hangindent=\dimen384
Package caption Info: Standard document class detected.
)
\c@caption@flags=\count387
\c@continuedfloat=\count388
Package caption Info: float package is loaded.
)
(C:\Users\dabagnara\AppData\Local\Programs\MiKTeX\tex/latex/caption\subcaption.
sty
Package: subcaption 2020/10/07 v1.3j Sub-captions (AR)
\c@subfigure=\count389
\c@subtable=\count390
)
(C:\Users\dabagnara\AppData\Local\Programs\MiKTeX\tex/latex/was\gensymb.sty
Package: gensymb 2003/07/02 v1.0 (WaS)
)
(C:\Users\dabagnara\AppData\Local\Programs\MiKTeX\tex/latex/amscls\amsthm.sty
Package: amsthm 2020/05/29 v2.20.6
\thm@style=\toks44
\thm@bodyfont=\toks45
\thm@headfont=\toks46
\thm@notefont=\toks47
\thm@headpunct=\toks48
\thm@preskip=\skip138
\thm@postskip=\skip139
\thm@headsep=\skip140
\dth@everypar=\toks49
)
(C:\Users\dabagnara\AppData\Local\Programs\MiKTeX\tex/latex/graphics\epsfig.sty
Package: epsfig 2017/06/25 v1.7b (e)psfig emulation (SPQR)
\epsfxsize=\dimen385
\epsfysize=\dimen386
)
(C:\Users\dabagnara\AppData\Local\Programs\MiKTeX\tex/latex/titling\titling.sty
Package: titling 2009/09/04 v2.1d maketitle typesetting
\thanksmarkwidth=\skip141
\thanksmargin=\skip142
\droptitle=\skip143
) (C:\Users\dabagnara\AppData\Local\Programs\MiKTeX\tex/latex/url\url.sty
\Urlmuskip=\muskip20
Package: url 2013/09/16  ver 3.4  Verb mode for urls, etc.
)
(C:\Users\dabagnara\AppData\Local\Programs\MiKTeX\tex/latex/footmisc\footmisc.s
ty
Package: footmisc 2011/06/06 v5.5b a miscellany of footnote facilities
\FN@temptoken=\toks50
\footnotemargin=\dimen387
\c@pp@next@reset=\count391
Package footmisc Info: Declaring symbol style bringhurst on input line 855.
Package footmisc Info: Declaring symbol style chicago on input line 863.
Package footmisc Info: Declaring symbol style wiley on input line 872.
Package footmisc Info: Declaring symbol style lamport-robust on input line 883.

Package footmisc Info: Declaring symbol style lamport* on input line 903.
Package footmisc Info: Declaring symbol style lamport*-robust on input line 924
.
)
(C:\Users\dabagnara\AppData\Local\Programs\MiKTeX\tex/latex/tools\multicol.sty
Package: multicol 2021/10/28 v1.9b multicolumn formatting (FMi)
\c@tracingmulticols=\count392
\mult@box=\box120
\multicol@leftmargin=\dimen388
\c@unbalance=\count393
\c@collectmore=\count394
\doublecol@number=\count395
\multicoltolerance=\count396
\multicolpretolerance=\count397
\full@width=\dimen389
\page@free=\dimen390
\premulticols=\dimen391
\postmulticols=\dimen392
\multicolsep=\skip144
\multicolbaselineskip=\skip145
\partial@page=\box121
\last@line=\box122
\maxbalancingoverflow=\dimen393
\mult@rightbox=\box123
\mult@grightbox=\box124
\mult@firstbox=\box125
\mult@gfirstbox=\box126
\@tempa=\box127
\@tempa=\box128
\@tempa=\box129
\@tempa=\box130
\@tempa=\box131
\@tempa=\box132
\@tempa=\box133
\@tempa=\box134
\@tempa=\box135
\@tempa=\box136
\@tempa=\box137
\@tempa=\box138
\@tempa=\box139
\@tempa=\box140
\@tempa=\box141
\@tempa=\box142
\@tempa=\box143
\@tempa=\box144
\@tempa=\box145
\@tempa=\box146
\@tempa=\box147
\@tempa=\box148
\@tempa=\box149
\@tempa=\box150
\@tempa=\box151
\@tempa=\box152
\@tempa=\box153
\@tempa=\box154
\@tempa=\box155
\@tempa=\box156
\@tempa=\box157
\@tempa=\box158
\@tempa=\box159
\@tempa=\box160
\@tempa=\box161
\@tempa=\box162
\c@minrows=\count398
\c@columnbadness=\count399
\c@finalcolumnbadness=\count400
\last@try=\dimen394
\multicolovershoot=\dimen395
\multicolundershoot=\dimen396
\mult@nat@firstbox=\box163
\colbreak@box=\box164
\mc@col@check@num=\count401
)
(C:\Users\dabagnara\AppData\Local\Programs\MiKTeX\tex/latex/boondox\boondox-cal
.sty

LaTeX Warning: You have requested package `boondox-cal',
               but the package provides `BOONDOX-cal'.

Package: BOONDOX-cal 2017/02/25 v1.02 U/BOONDOX-cal

(C:\Users\dabagnara\AppData\Local\Programs\MiKTeX\tex/latex/xkeyval\xkeyval.sty
Package: xkeyval 2020/11/20 v2.8 package option processing (HA)

(C:\Users\dabagnara\AppData\Local\Programs\MiKTeX\tex/generic/xkeyval\xkeyval.t
ex
(C:\Users\dabagnara\AppData\Local\Programs\MiKTeX\tex/generic/xkeyval\xkvutils.
tex
\XKV@toks=\toks51
\XKV@tempa@toks=\toks52
)
\XKV@depth=\count402
File: xkeyval.tex 2014/12/03 v2.7a key=value parser (HA)
))
LaTeX Font Info:    Redeclaring math alphabet \mathcal on input line 10.
LaTeX Font Info:    Overwriting math alphabet `\mathcal' in version `bold'
(Font)                  U/BOONDOX-cal/m/n --> U/BOONDOX-cal/b/n on input line 1
1.
)
(C:\Users\dabagnara\AppData\Local\Programs\MiKTeX\tex/latex/booktabs\booktabs.s
ty
Package: booktabs 2020/01/12 v1.61803398 Publication quality tables
\heavyrulewidth=\dimen397
\lightrulewidth=\dimen398
\cmidrulewidth=\dimen399
\belowrulesep=\dimen400
\belowbottomsep=\dimen401
\aboverulesep=\dimen402
\abovetopsep=\dimen403
\cmidrulesep=\dimen404
\cmidrulekern=\dimen405
\defaultaddspace=\dimen406
\@cmidla=\count403
\@cmidlb=\count404
\@aboverulesep=\dimen407
\@belowrulesep=\dimen408
\@thisruleclass=\count405
\@lastruleclass=\count406
\@thisrulewidth=\dimen409
)
(C:\Users\dabagnara\AppData\Local\Programs\MiKTeX\tex/latex/blindtext\blindtext
.sty
Package: blindtext 2012/01/06 V2.0 blindtext-Package

(C:\Users\dabagnara\AppData\Local\Programs\MiKTeX\tex/latex/tools\xspace.sty
Package: xspace 2014/10/28 v1.13 Space after command names (DPC,MH)
)
\c@blindtext=\count407
\c@Blindtext=\count408
\c@blind@countparstart=\count409
\blind@countxx=\count410
\blindtext@numBlindtext=\count411
\blind@countyy=\count412
\c@blindlist=\count413
\c@blindlistlevel=\count414
\c@blindlist@level=\count415
\blind@listitem=\count416
\c@blind@listcount=\count417
\c@blind@levelcount=\count418
\blind@mathformula=\count419
\blind@Mathformula=\count420
\c@blind@randomcount=\count421
\c@blind@randommax=\count422
\c@blind@pangramcount=\count423
\c@blind@pangrammax=\count424
)
(C:\Users\dabagnara\AppData\Local\Programs\MiKTeX\tex/latex/changepage\changepa
ge.sty
Package: changepage 2009/10/20 v1.0c check page and change page layout
\c@cp@cntr=\count425
\cp@tempcnt=\count426
)

Package amsthm Warning: Unknown theoremstyle `it' on input line 99.

\c@defn=\count427
\c@assumption=\count428
\c@thm=\count429
\c@lemma=\count430
\c@corollary=\count431
\c@example=\count432

Package chemmacros Info: You haven't chosen a formula method so I'm assuming
(chemmacros)             the default method `chemformula'.


(C:\Users\dabagnara\AppData\Local\Programs\MiKTeX\tex/latex/chemformula\chemfor
mula.sty
(C:\Users\dabagnara\AppData\Local\Programs\MiKTeX\tex/latex/units\nicefrac.sty
Package: nicefrac 1998/08/04 v0.9b Nice fractions
\L@UnitsRaiseDisplaystyle=\skip146
\L@UnitsRaiseTextstyle=\skip147
\L@UnitsRaiseScriptstyle=\skip148

(C:\Users\dabagnara\AppData\Local\Programs\MiKTeX\tex/latex/base\ifthen.sty
Package: ifthen 2020/11/24 v1.1c Standard LaTeX ifthen package (DPC)
))
Package: chemformula 2022/01/23 v4.17 typeset chemical compounds and reactions 
(CN)
\l__chemformula_tmpa_dim=\dimen410
\l__chemformula_tmpb_dim=\dimen411
\l__chemformula_tmpc_dim=\dimen412
\l__chemformula_tmpa_int=\count433
\l__chemformula_tmpb_int=\count434
\l__chemformula_tmpc_int=\count435
\l__chemformula_tmpa_box=\box165
\l__chemformula_tmpb_box=\box166
\l__chemformula_arrow_length_dim=\dimen413
\l__chemformula_arrow_label_height_dim=\dimen414
\l__chemformula_arrow_label_offset_dim=\dimen415
\l__chemformula_arrow_minimum_length_dim=\dimen416
\l__chemformula_arrow_shortage_dim=\dimen417
\l__chemformula_arrow_offset_dim=\dimen418
\l__chemformula_arrow_yshift_dim=\dimen419
\l__chemformula_radical_radius_dim=\dimen420
\l__chemformula_radical_hshift_dim=\dimen421
\l__chemformula_radical_vshift_dim=\dimen422
\l__chemformula_radical_space_dim=\dimen423
\l__chemformula_arrow_head_dim=\dimen424
\l__chemformula_name_dim=\dimen425
\l__chemformula_adduct_space_dim=\dimen426
\l__chemformula_charge_shift_dim=\dimen427
\l__chemformula_subscript_shift_dim=\dimen428
\l__chemformula_superscript_shift_dim=\dimen429
\l__chemformula_subscript_dim=\dimen430
\l__chemformula_superscript_dim=\dimen431
\l__chemformula_bond_dim=\dimen432
\l__chemformula_bond_space_dim=\dimen433
\l__chemformula_elspec_pair_distance_dim=\dimen434
\l__chemformula_elspec_pair_line_length_dim=\dimen435
\l__chemformula_elspec_pair_width_dim=\dimen436
\l__chemformula_kroegervink_positive_radius_dim=\dimen437
\l__chemformula_kroegervink_positive_hshift_dim=\dimen438
\l__chemformula_kroegervink_positive_vshift_dim=\dimen439
\l__chemformula_kroegervink_positive_space_dim=\dimen440
\l__chemformula_stoich_space_skip=\skip149
\l__chemformula_math_space_skip=\skip150
\l__chemformula_additions_symbol_space_skip=\skip151
\l__chemformula_count_tokens_int=\count436
\g__chemformula_lewis_int=\count437
\l__chemformula_arrow_arg_i_box=\box167
\l__chemformula_arrow_arg_ii_box=\box168
\l__chemformula_superscript_box=\box169
\l__chemformula_subscript_box=\box170
\l__chemformula_plus_space_skip=\skip152
\l__chemformula_minus_space_skip=\skip153
)

Package chemmacros Info: Detected float defining method `float'.

\@float@every@scheme=\toks53
\c@scheme=\count438

(single_phase_pll.aux

LaTeX Warning: Label `' multiply defined.


LaTeX Warning: Label `' multiply defined.


LaTeX Warning: Label `sub@' multiply defined.


LaTeX Warning: Label `' multiply defined.

)
\openout1 = `single_phase_pll.aux'.

LaTeX Font Info:    Checking defaults for OML/cmm/m/it on input line 137.
LaTeX Font Info:    ... okay on input line 137.
LaTeX Font Info:    Checking defaults for OMS/cmsy/m/n on input line 137.
LaTeX Font Info:    ... okay on input line 137.
LaTeX Font Info:    Checking defaults for OT1/cmr/m/n on input line 137.
LaTeX Font Info:    ... okay on input line 137.
LaTeX Font Info:    Checking defaults for T1/cmr/m/n on input line 137.
LaTeX Font Info:    ... okay on input line 137.
LaTeX Font Info:    Checking defaults for TS1/cmr/m/n on input line 137.
LaTeX Font Info:    ... okay on input line 137.
LaTeX Font Info:    Checking defaults for OMX/cmex/m/n on input line 137.
LaTeX Font Info:    ... okay on input line 137.
LaTeX Font Info:    Checking defaults for U/cmr/m/n on input line 137.
LaTeX Font Info:    ... okay on input line 137.

*geometry* driver: auto-detecting
*geometry* detected driver: pdftex
*geometry* verbose mode - [ preamble ] result:
* driver: pdftex
* paper: a4paper
* layout: <same size as paper>
* layoutoffset:(h,v)=(0.0pt,0.0pt)
* modes: 
* h-part:(L,W,R)=(54.2025pt, 489.10287pt, 54.2025pt)
* v-part:(T,H,B)=(72.26999pt, 700.50687pt, 72.26999pt)
* \paperwidth=597.50787pt
* \paperheight=845.04684pt
* \textwidth=489.10287pt
* \textheight=700.50687pt
* \oddsidemargin=-18.06749pt
* \evensidemargin=-18.06749pt
* \topmargin=-31.8738pt
* \headheight=12.0pt
* \headsep=19.8738pt
* \topskip=11.0pt
* \footskip=27.46295pt
* \marginparwidth=53.0pt
* \marginparsep=7.0pt
* \columnsep=10.0pt
* \skip\footins=10.0pt plus 4.0pt minus 2.0pt
* \hoffset=0.0pt
* \voffset=0.0pt
* \mag=1000
* \@twocolumnfalse
* \@twosidefalse
* \@mparswitchfalse
* \@reversemarginfalse
* (1in=72.27pt=25.4mm, 1cm=28.453pt)


(C:\Users\dabagnara\AppData\Local\Programs\MiKTeX\tex/context/base/mkii\supp-pd
f.mkii
[Loading MPS to PDF converter (version 2006.09.02).]
\scratchcounter=\count439
\scratchdimen=\dimen441
\scratchbox=\box171
\nofMPsegments=\count440
\nofMParguments=\count441
\everyMPshowfont=\toks54
\MPscratchCnt=\count442
\MPscratchDim=\dimen442
\MPnumerator=\count443
\makeMPintoPDFobject=\count444
\everyMPtoPDFconversion=\toks55
)
Package pgfplots notification 'compat/show suggested version=true': you might b
enefit from \pgfplotsset{compat=1.18} (current compat level: 1.9).


(C:\Users\dabagnara\AppData\Local\Programs\MiKTeX\tex/latex/translations/dicts\
translations-basic-dictionary-english.trsl
File: translations-basic-dictionary-english.trsl (english translation file `tra
nslations-basic-dictionary')
)
(C:\Users\dabagnara\AppData\Local\Programs\MiKTeX\tex/latex/translations/dicts\
translations-basic-dictionary-english.trsl
File: translations-basic-dictionary-english.trsl (english translation file `tra
nslations-basic-dictionary')
)
Package translations Info: loading dictionary `translations-basic-dictionary' f
or `english'. on input line 137.

(C:\Users\dabagnara\AppData\Local\Programs\MiKTeX\tex/latex/translations/dicts\
translations-basic-dictionary-english.trsl
File: translations-basic-dictionary-english.trsl (english translation file `tra
nslations-basic-dictionary')
)
Package translations Info: loading dictionary `translations-basic-dictionary' f
or `english'. on input line 137.

Package chemgreek Info: Activating mapping `default' on line 137.


(C:\Users\dabagnara\AppData\Local\Programs\MiKTeX\tex/latex/ninecolors\ninecolo
rs.sty
Package: ninecolors 2022-02-13 vv2022D Select colors with proper color contrast

)
\Hy@linkcounter=\count445
Package caption Info: Begin \AtBeginDocument code.
Package caption Info: changepage package is loaded.
\caption@adjustwidth@hsize=\dimen443
\caption@adjustwidth@linewidth=\dimen444
Package caption Info: End \AtBeginDocument code.
\symgns@font=\mathgroup11
LaTeX Font Info:    Overwriting symbol font `gns@font' in version `bold'
(Font)                  TS1/cmr/m/n --> TS1/cmr/b/n on input line 137.
Package gensymb Info: Math companion symbols declared on input line 137.
LaTeX Info: Redefining \degree on input line 137.
LaTeX Info: Redefining \celsius on input line 137.
Package gensymb Info: Using text companion symbols for \degree, \celsius and \p
erthousand on input line 137.
LaTeX Info: Redefining \ohm on input line 137.
Package gensymb Info: Using \textohm for \ohm on input line 137.
LaTeX Info: Redefining \micro on input line 137.
Package gensymb Info: Using \textmu for \micro on input line 137.


Package chemmacros Warning: You haven't loaded any package for upright Greek
(chemmacros)                letters or no unique choice was possible. Either
(chemmacros)                load one of packages specified in the manual or
(chemmacros)                select a chemgreek mapping manually.


(C:\Users\dabagnara\AppData\Local\Programs\MiKTeX\tex/latex/elements\elements_n
ames_english.def)
Package mdframed Info: mdframed detected package amsthm 
 changed the theorem header of amsthm
(mdframed)              on input line 140.
LaTeX Font Info:    Trying to load font information for U+esint on input line 1
40.

(C:\Users\dabagnara\AppData\Local\Programs\MiKTeX\tex/latex/esint\uesint.fd
File: uesint.fd 
)
LaTeX Font Info:    Trying to load font information for U+msa on input line 140
.

(C:\Users\dabagnara\AppData\Local\Programs\MiKTeX\tex/latex/amsfonts\umsa.fd
File: umsa.fd 2013/01/14 v3.01 AMS symbols A
)
LaTeX Font Info:    Trying to load font information for U+msb on input line 140
.

(C:\Users\dabagnara\AppData\Local\Programs\MiKTeX\tex/latex/amsfonts\umsb.fd
File: umsb.fd 2013/01/14 v3.01 AMS symbols B
)
LaTeX Font Info:    Trying to load font information for U+rsfs on input line 14
0.

(C:\Users\dabagnara\AppData\Local\Programs\MiKTeX\tex/latex/jknappen\ursfs.fd
File: ursfs.fd 1998/03/24 rsfs font definition file (jk)
)
Package mdframed Info: Not enough space on this page on input line 142.

[1
Non-PDF special ignored!
<special> header=psfrag.pro


{C:/Users/dabagnara/AppData/Local/MiKTeX/fonts/map/pdftex/pdftex.map}]
(single_phase_pll.toc)
\tf@toc=\write5
\openout5 = `single_phase_pll.toc'.

 [2

] (single_phase_pll.lof)
\tf@lof=\write6
\openout6 = `single_phase_pll.lof'.

 [3

] (single_phase_pll.lot)
\tf@lot=\write7
\openout7 = `single_phase_pll.lot'.


[4

]
Chapter 1.
[5

]

Package fancyhdr Warning: \headheight is too small (12.0pt): 
(fancyhdr)                Make it at least 13.59999pt, for example:
(fancyhdr)                \setlength{\headheight}{13.59999pt}.
(fancyhdr)                You might also make \topmargin smaller to compensate:

(fancyhdr)                \addtolength{\topmargin}{-1.59999pt}.

[6]
Chapter 2.
Package epstopdf Info: Source file: <figures/basic_pll_1.eps>
(epstopdf)                    date: 2022-08-20 10:49:06
(epstopdf)                    size: 1429026 bytes
(epstopdf)             Output file: <figures/basic_pll_1-eps-converted-to.pdf>
(epstopdf)                    date: 2022-08-20 11:31:45
(epstopdf)                    size: 18680 bytes
(epstopdf)             Command: <miktex-epstopdf-unrestricted --outfile=figures
/basic_pll_1-eps-converted-to.pdf figures/basic_pll_1.eps>
(epstopdf)             \includegraphics on input line 196.
Package epstopdf Info: Output file is already uptodate.


pdfTeX warning: pdflatex.exe (file ./figures/basic_pll_1-eps-converted-to.pdf):
 PDF inclusion: found PDF version <1.7>, but at most version <1.5> allowed
<figures/basic_pll_1-eps-converted-to.pdf, id=32, 636.3775pt x 121.45375pt>
File: figures/basic_pll_1-eps-converted-to.pdf Graphic file (type pdf)
<use figures/basic_pll_1-eps-converted-to.pdf>
Package pdftex.def Info: figures/basic_pll_1-eps-converted-to.pdf  used on inpu
t line 196.
(pdftex.def)             Requested size: 350.0pt x 66.7979pt.
Package epstopdf Info: Source file: <figures/basic_pll_2.eps>
(epstopdf)                    date: 2022-08-20 17:13:34
(epstopdf)                    size: 1657078 bytes
(epstopdf)             Output file: <figures/basic_pll_2-eps-converted-to.pdf>
(epstopdf)                    date: 2022-08-20 17:20:00
(epstopdf)                    size: 34328 bytes
(epstopdf)             Command: <miktex-epstopdf-unrestricted --outfile=figures
/basic_pll_2-eps-converted-to.pdf figures/basic_pll_2.eps>
(epstopdf)             \includegraphics on input line 205.
Package epstopdf Info: Output file is already uptodate.


pdfTeX warning: pdflatex.exe (file ./figures/basic_pll_2-eps-converted-to.pdf):
 PDF inclusion: found PDF version <1.7>, but at most version <1.5> allowed
<figures/basic_pll_2-eps-converted-to.pdf, id=33, 902.37125pt x 165.61874pt>
File: figures/basic_pll_2-eps-converted-to.pdf Graphic file (type pdf)
<use figures/basic_pll_2-eps-converted-to.pdf>
Package pdftex.def Info: figures/basic_pll_2-eps-converted-to.pdf  used on inpu
t line 205.
(pdftex.def)             Requested size: 490.0pt x 89.93568pt.

Overfull \hbox (0.89713pt too wide) in paragraph at lines 204--207
 [][] 
 []

[7

 <./figures/basic_pll_1-eps-converted-to.pdf> <./figures/basic_pll_2-eps-conver
ted-to.pdf>]
Package epstopdf Info: Source file: <figures/basic_pll_3.eps>
(epstopdf)                    date: 2022-08-20 10:59:04
(epstopdf)                    size: 1555386 bytes
(epstopdf)             Output file: <figures/basic_pll_3-eps-converted-to.pdf>
(epstopdf)                    date: 2022-08-20 11:31:48
(epstopdf)                    size: 28077 bytes
(epstopdf)             Command: <miktex-epstopdf-unrestricted --outfile=figures
/basic_pll_3-eps-converted-to.pdf figures/basic_pll_3.eps>
(epstopdf)             \includegraphics on input line 247.
Package epstopdf Info: Output file is already uptodate.


pdfTeX warning: pdflatex.exe (file ./figures/basic_pll_3-eps-converted-to.pdf):
 PDF inclusion: found PDF version <1.7>, but at most version <1.5> allowed
<figures/basic_pll_3-eps-converted-to.pdf, id=69, 676.5275pt x 175.65625pt>
File: figures/basic_pll_3-eps-converted-to.pdf Graphic file (type pdf)
<use figures/basic_pll_3-eps-converted-to.pdf>
Package pdftex.def Info: figures/basic_pll_3-eps-converted-to.pdf  used on inpu
t line 247.
(pdftex.def)             Requested size: 400.0pt x 103.86142pt.

Package fancyhdr Warning: \headheight is too small (12.0pt): 
(fancyhdr)                Make it at least 13.59999pt, for example:
(fancyhdr)                \setlength{\headheight}{13.59999pt}.
(fancyhdr)                You might also make \topmargin smaller to compensate:

(fancyhdr)                \addtolength{\topmargin}{-1.59999pt}.

[8 <./figures/basic_pll_3-eps-converted-to.pdf>]
Package epstopdf Info: Source file: <figures/vco_1.eps>
(epstopdf)                    date: 2022-08-20 10:57:59
(epstopdf)                    size: 2007722 bytes
(epstopdf)             Output file: <figures/vco_1-eps-converted-to.pdf>
(epstopdf)                    date: 2022-08-20 11:31:49
(epstopdf)                    size: 30663 bytes
(epstopdf)             Command: <miktex-epstopdf-unrestricted --outfile=figures
/vco_1-eps-converted-to.pdf figures/vco_1.eps>
(epstopdf)             \includegraphics on input line 270.
Package epstopdf Info: Output file is already uptodate.


pdfTeX warning: pdflatex.exe (file ./figures/vco_1-eps-converted-to.pdf): PDF i
nclusion: found PDF version <1.7>, but at most version <1.5> allowed
<figures/vco_1-eps-converted-to.pdf, id=93, 753.81625pt x 436.63126pt>
File: figures/vco_1-eps-converted-to.pdf Graphic file (type pdf)
<use figures/vco_1-eps-converted-to.pdf>
Package pdftex.def Info: figures/vco_1-eps-converted-to.pdf  used on input line
 270.
(pdftex.def)             Requested size: 400.0pt x 231.68661pt.

Package fancyhdr Warning: \headheight is too small (12.0pt): 
(fancyhdr)                Make it at least 13.59999pt, for example:
(fancyhdr)                \setlength{\headheight}{13.59999pt}.
(fancyhdr)                You might also make \topmargin smaller to compensate:

(fancyhdr)                \addtolength{\topmargin}{-1.59999pt}.

[9 <./figures/vco_1-eps-converted-to.pdf>]
Package epstopdf Info: Source file: <figures/qsg_1.eps>
(epstopdf)                    date: 2022-08-20 09:59:57
(epstopdf)                    size: 1524622 bytes
(epstopdf)             Output file: <figures/qsg_1-eps-converted-to.pdf>
(epstopdf)                    date: 2022-08-20 11:31:50
(epstopdf)                    size: 20609 bytes
(epstopdf)             Command: <miktex-epstopdf-unrestricted --outfile=figures
/qsg_1-eps-converted-to.pdf figures/qsg_1.eps>
(epstopdf)             \includegraphics on input line 322.
Package epstopdf Info: Output file is already uptodate.


pdfTeX warning: pdflatex.exe (file ./figures/qsg_1-eps-converted-to.pdf): PDF i
nclusion: found PDF version <1.7>, but at most version <1.5> allowed
<figures/qsg_1-eps-converted-to.pdf, id=118, 613.29124pt x 176.66pt>
File: figures/qsg_1-eps-converted-to.pdf Graphic file (type pdf)
<use figures/qsg_1-eps-converted-to.pdf>
Package pdftex.def Info: figures/qsg_1-eps-converted-to.pdf  used on input line
 322.
(pdftex.def)             Requested size: 350.0pt x 100.81854pt.
Package epstopdf Info: Source file: <figures/sogi_1.eps>
(epstopdf)                    date: 2022-08-21 07:40:48
(epstopdf)                    size: 1686826 bytes
(epstopdf)             Output file: <figures/sogi_1-eps-converted-to.pdf>
(epstopdf)                    date: 2022-08-21 07:41:18
(epstopdf)                    size: 24320 bytes
(epstopdf)             Command: <miktex-epstopdf-unrestricted --outfile=figures
/sogi_1-eps-converted-to.pdf figures/sogi_1.eps>
(epstopdf)             \includegraphics on input line 349.
Package epstopdf Info: Output file is already uptodate.


pdfTeX warning: pdflatex.exe (file ./figures/sogi_1-eps-converted-to.pdf): PDF 
inclusion: found PDF version <1.7>, but at most version <1.5> allowed
<figures/sogi_1-eps-converted-to.pdf, id=119, 640.3925pt x 297.11pt>
File: figures/sogi_1-eps-converted-to.pdf Graphic file (type pdf)
<use figures/sogi_1-eps-converted-to.pdf>
Package pdftex.def Info: figures/sogi_1-eps-converted-to.pdf  used on input lin
e 349.
(pdftex.def)             Requested size: 325.0pt x 150.78513pt.

Package fancyhdr Warning: \headheight is too small (12.0pt): 
(fancyhdr)                Make it at least 13.59999pt, for example:
(fancyhdr)                \setlength{\headheight}{13.59999pt}.
(fancyhdr)                You might also make \topmargin smaller to compensate:

(fancyhdr)                \addtolength{\topmargin}{-1.59999pt}.

[10 <./figures/qsg_1-eps-converted-to.pdf>]
Package epstopdf Info: Source file: <figures/sogi_pll_2.eps>
(epstopdf)                    date: 2022-08-22 10:02:49
(epstopdf)                    size: 2180778 bytes
(epstopdf)             Output file: <figures/sogi_pll_2-eps-converted-to.pdf>
(epstopdf)                    date: 2022-08-22 10:03:31
(epstopdf)                    size: 42701 bytes
(epstopdf)             Command: <miktex-epstopdf-unrestricted --outfile=figures
/sogi_pll_2-eps-converted-to.pdf figures/sogi_pll_2.eps>
(epstopdf)             \includegraphics on input line 367.
Package epstopdf Info: Output file is already uptodate.


pdfTeX warning: pdflatex.exe (file ./figures/sogi_pll_2-eps-converted-to.pdf): 
PDF inclusion: found PDF version <1.7>, but at most version <1.5> allowed
<figures/sogi_pll_2-eps-converted-to.pdf, id=141, 1107.13625pt x 345.29pt>
File: figures/sogi_pll_2-eps-converted-to.pdf Graphic file (type pdf)
<use figures/sogi_pll_2-eps-converted-to.pdf>
Package pdftex.def Info: figures/sogi_pll_2-eps-converted-to.pdf  used on input
 line 367.
(pdftex.def)             Requested size: 495.0pt x 154.378pt.

Overfull \hbox (5.89713pt too wide) in paragraph at lines 366--369
 [][] 
 []

Package epstopdf Info: Source file: <figures/sogi_Q(s)_bode.eps>
(epstopdf)                    date: 2022-08-21 09:59:29
(epstopdf)                    size: 38492 bytes
(epstopdf)             Output file: <figures/sogi_Q(s)_bode-eps-converted-to.pd
f>
(epstopdf)                    date: 2022-08-21 10:08:48
(epstopdf)                    size: 10814 bytes
(epstopdf)             Command: <miktex-epstopdf-unrestricted --outfile=figures
/sogi_Q(s)_bode-eps-converted-to.pdf figures/sogi_Q(s)_bode.eps>
(epstopdf)             \includegraphics on input line 381.
Package epstopdf Info: Output file is already uptodate.


pdfTeX warning: pdflatex.exe (file ./figures/sogi_Q(s)_bode-eps-converted-to.pd
f): PDF inclusion: found PDF version <1.7>, but at most version <1.5> allowed
<figures/sogi_Q(s)_bode-eps-converted-to.pdf, id=142, 364.36125pt x 294.09875pt
>
File: figures/sogi_Q(s)_bode-eps-converted-to.pdf Graphic file (type pdf)
<use figures/sogi_Q(s)_bode-eps-converted-to.pdf>
Package pdftex.def Info: figures/sogi_Q(s)_bode-eps-converted-to.pdf  used on i
nput line 381.
(pdftex.def)             Requested size: 200.0pt x 161.4317pt.
Package epstopdf Info: Source file: <figures/sogi_E(s)_bode.eps>
(epstopdf)                    date: 2022-08-21 09:59:29
(epstopdf)                    size: 39404 bytes
(epstopdf)             Output file: <figures/sogi_E(s)_bode-eps-converted-to.pd
f>
(epstopdf)                    date: 2022-08-21 10:08:49
(epstopdf)                    size: 11119 bytes
(epstopdf)             Command: <miktex-epstopdf-unrestricted --outfile=figures
/sogi_E(s)_bode-eps-converted-to.pdf figures/sogi_E(s)_bode.eps>
(epstopdf)             \includegraphics on input line 388.
Package epstopdf Info: Output file is already uptodate.


pdfTeX warning: pdflatex.exe (file ./figures/sogi_E(s)_bode-eps-converted-to.pd
f): PDF inclusion: found PDF version <1.7>, but at most version <1.5> allowed
<figures/sogi_E(s)_bode-eps-converted-to.pdf, id=143, 364.36125pt x 294.09875pt
>
File: figures/sogi_E(s)_bode-eps-converted-to.pdf Graphic file (type pdf)
<use figures/sogi_E(s)_bode-eps-converted-to.pdf>
Package pdftex.def Info: figures/sogi_E(s)_bode-eps-converted-to.pdf  used on i
nput line 388.
(pdftex.def)             Requested size: 200.0pt x 161.4317pt.

Package fancyhdr Warning: \headheight is too small (12.0pt): 
(fancyhdr)                Make it at least 13.59999pt, for example:
(fancyhdr)                \setlength{\headheight}{13.59999pt}.
(fancyhdr)                You might also make \topmargin smaller to compensate:

(fancyhdr)                \addtolength{\topmargin}{-1.59999pt}.

[11 <./figures/sogi_1-eps-converted-to.pdf> <./figures/sogi_pll_2-eps-converted
-to.pdf>]
Package epstopdf Info: Source file: <figures/single_phase_pll_fig1b.eps>
(epstopdf)                    date: 2022-08-22 10:01:51
(epstopdf)                    size: 2006974 bytes
(epstopdf)             Output file: <figures/single_phase_pll_fig1b-eps-convert
ed-to.pdf>
(epstopdf)                    date: 2022-08-22 10:08:15
(epstopdf)                    size: 39159 bytes
(epstopdf)             Command: <miktex-epstopdf-unrestricted --outfile=figures
/single_phase_pll_fig1b-eps-converted-to.pdf figures/single_phase_pll_fig1b.eps
>
(epstopdf)             \includegraphics on input line 400.
Package epstopdf Info: Output file is already uptodate.


pdfTeX warning: pdflatex.exe (file ./figures/single_phase_pll_fig1b-eps-convert
ed-to.pdf): PDF inclusion: found PDF version <1.7>, but at most version <1.5> a
llowed
<figures/single_phase_pll_fig1b-eps-converted-to.pdf, id=178, 852.18375pt x 363
.3575pt>
File: figures/single_phase_pll_fig1b-eps-converted-to.pdf Graphic file (type pd
f)
<use figures/single_phase_pll_fig1b-eps-converted-to.pdf>
Package pdftex.def Info: figures/single_phase_pll_fig1b-eps-converted-to.pdf  u
sed on input line 400.
(pdftex.def)             Requested size: 495.0pt x 211.0635pt.

Overfull \hbox (5.89713pt too wide) in paragraph at lines 400--402
 [][] 
 []

Package epstopdf Info: Source file: <figures/qsg_park_eq_1.eps>
(epstopdf)                    date: 2022-08-22 21:47:59
(epstopdf)                    size: 1378782 bytes
(epstopdf)             Output file: <figures/qsg_park_eq_1-eps-converted-to.pdf
>
(epstopdf)                    date: 2022-08-22 21:48:34
(epstopdf)                    size: 15590 bytes
(epstopdf)             Command: <miktex-epstopdf-unrestricted --outfile=figures
/qsg_park_eq_1-eps-converted-to.pdf figures/qsg_park_eq_1.eps>
(epstopdf)             \includegraphics on input line 409.
Package epstopdf Info: Output file is already uptodate.


pdfTeX warning: pdflatex.exe (file ./figures/qsg_park_eq_1-eps-converted-to.pdf
): PDF inclusion: found PDF version <1.7>, but at most version <1.5> allowed
<figures/qsg_park_eq_1-eps-converted-to.pdf, id=179, 364.36125pt x 164.615pt>
File: figures/qsg_park_eq_1-eps-converted-to.pdf Graphic file (type pdf)
<use figures/qsg_park_eq_1-eps-converted-to.pdf>
Package pdftex.def Info: figures/qsg_park_eq_1-eps-converted-to.pdf  used on in
put line 409.
(pdftex.def)             Requested size: 235.0pt x 106.16957pt.

Package fancyhdr Warning: \headheight is too small (12.0pt): 
(fancyhdr)                Make it at least 13.59999pt, for example:
(fancyhdr)                \setlength{\headheight}{13.59999pt}.
(fancyhdr)                You might also make \topmargin smaller to compensate:

(fancyhdr)                \addtolength{\topmargin}{-1.59999pt}.

[12 <./figures/sogi_Q(s)_bode-eps-converted-to.pdf> <./figures/sogi_E(s)_bode-e
ps-converted-to.pdf> <./figures/single_phase_pll_fig1b-eps-converted-to.pdf> <.
/figures/qsg_park_eq_1-eps-converted-to.pdf>]
Package epstopdf Info: Source file: <figures/Hin.eps>
(epstopdf)                    date: 2022-08-22 11:08:51
(epstopdf)                    size: 38999 bytes
(epstopdf)             Output file: <figures/Hin-eps-converted-to.pdf>
(epstopdf)                    date: 2022-08-22 11:12:20
(epstopdf)                    size: 10951 bytes
(epstopdf)             Command: <miktex-epstopdf-unrestricted --outfile=figures
/Hin-eps-converted-to.pdf figures/Hin.eps>
(epstopdf)             \includegraphics on input line 459.
Package epstopdf Info: Output file is already uptodate.


pdfTeX warning: pdflatex.exe (file ./figures/Hin-eps-converted-to.pdf): PDF inc
lusion: found PDF version <1.7>, but at most version <1.5> allowed
<figures/Hin-eps-converted-to.pdf, id=230, 353.32pt x 294.09875pt>
File: figures/Hin-eps-converted-to.pdf Graphic file (type pdf)
<use figures/Hin-eps-converted-to.pdf>
Package pdftex.def Info: figures/Hin-eps-converted-to.pdf  used on input line 4
59.
(pdftex.def)             Requested size: 200.0pt x 166.48022pt.
Package epstopdf Info: Source file: <figures/Hq.eps>
(epstopdf)                    date: 2022-08-22 11:08:53
(epstopdf)                    size: 38638 bytes
(epstopdf)             Output file: <figures/Hq-eps-converted-to.pdf>
(epstopdf)                    date: 2022-08-22 11:12:20
(epstopdf)                    size: 10961 bytes
(epstopdf)             Command: <miktex-epstopdf-unrestricted --outfile=figures
/Hq-eps-converted-to.pdf figures/Hq.eps>
(epstopdf)             \includegraphics on input line 466.
Package epstopdf Info: Output file is already uptodate.


pdfTeX warning: pdflatex.exe (file ./figures/Hq-eps-converted-to.pdf): PDF incl
usion: found PDF version <1.7>, but at most version <1.5> allowed
<figures/Hq-eps-converted-to.pdf, id=231, 358.33875pt x 294.09875pt>
File: figures/Hq-eps-converted-to.pdf Graphic file (type pdf)
<use figures/Hq-eps-converted-to.pdf>
Package pdftex.def Info: figures/Hq-eps-converted-to.pdf  used on input line 46
6.
(pdftex.def)             Requested size: 200.0pt x 164.14668pt.

Package fancyhdr Warning: \headheight is too small (12.0pt): 
(fancyhdr)                Make it at least 13.59999pt, for example:
(fancyhdr)                \setlength{\headheight}{13.59999pt}.
(fancyhdr)                You might also make \topmargin smaller to compensate:

(fancyhdr)                \addtolength{\topmargin}{-1.59999pt}.

[13 <./figures/Hin-eps-converted-to.pdf> <./figures/Hq-eps-converted-to.pdf>]
Chapter 3.
Package epstopdf Info: Source file: <figures/mavg_flt_fig_2.eps>
(epstopdf)                    date: 2022-08-21 16:55:03
(epstopdf)                    size: 1940586 bytes
(epstopdf)             Output file: <figures/mavg_flt_fig_2-eps-converted-to.pd
f>
(epstopdf)                    date: 2022-08-21 17:12:18
(epstopdf)                    size: 22868 bytes
(epstopdf)             Command: <miktex-epstopdf-unrestricted --outfile=figures
/mavg_flt_fig_2-eps-converted-to.pdf figures/mavg_flt_fig_2.eps>
(epstopdf)             \includegraphics on input line 503.
Package epstopdf Info: Output file is already uptodate.


pdfTeX warning: pdflatex.exe (file ./figures/mavg_flt_fig_2-eps-converted-to.pd
f): PDF inclusion: found PDF version <1.7>, but at most version <1.5> allowed
<figures/mavg_flt_fig_2-eps-converted-to.pdf, id=253, 675.52374pt x 447.6725pt>

File: figures/mavg_flt_fig_2-eps-converted-to.pdf Graphic file (type pdf)
<use figures/mavg_flt_fig_2-eps-converted-to.pdf>
Package pdftex.def Info: figures/mavg_flt_fig_2-eps-converted-to.pdf  used on i
nput line 503.
(pdftex.def)             Requested size: 325.0pt x 215.38583pt.
[14

 <./figures/mavg_flt_fig_2-eps-converted-to.pdf>]
Package epstopdf Info: Source file: <figures/mavg_flt_fig_3b.eps>
(epstopdf)                    date: 2022-08-23 09:34:59
(epstopdf)                    size: 1600094 bytes
(epstopdf)             Output file: <figures/mavg_flt_fig_3b-eps-converted-to.p
df>
(epstopdf)                    date: 2022-08-23 09:35:18
(epstopdf)                    size: 31079 bytes
(epstopdf)             Command: <miktex-epstopdf-unrestricted --outfile=figures
/mavg_flt_fig_3b-eps-converted-to.pdf figures/mavg_flt_fig_3b.eps>
(epstopdf)             \includegraphics on input line 537.
Package epstopdf Info: Output file is already uptodate.


pdfTeX warning: pdflatex.exe (file ./figures/mavg_flt_fig_3b-eps-converted-to.p
df): PDF inclusion: found PDF version <1.7>, but at most version <1.5> allowed
<figures/mavg_flt_fig_3b-eps-converted-to.pdf, id=273, 558.085pt x 230.8625pt>
File: figures/mavg_flt_fig_3b-eps-converted-to.pdf Graphic file (type pdf)
<use figures/mavg_flt_fig_3b-eps-converted-to.pdf>
Package pdftex.def Info: figures/mavg_flt_fig_3b-eps-converted-to.pdf  used on 
input line 537.
(pdftex.def)             Requested size: 395.0pt x 163.40273pt.

Package fancyhdr Warning: \headheight is too small (12.0pt): 
(fancyhdr)                Make it at least 13.59999pt, for example:
(fancyhdr)                \setlength{\headheight}{13.59999pt}.
(fancyhdr)                You might also make \topmargin smaller to compensate:

(fancyhdr)                \addtolength{\topmargin}{-1.59999pt}.

[15 <./figures/mavg_flt_fig_3b-eps-converted-to.pdf>]
Package epstopdf Info: Source file: <figures/buffer_management_fig1.eps>
(epstopdf)                    date: 2022-08-21 18:05:54
(epstopdf)                    size: 2226598 bytes
(epstopdf)             Output file: <figures/buffer_management_fig1-eps-convert
ed-to.pdf>
(epstopdf)                    date: 2022-08-21 18:06:02
(epstopdf)                    size: 21853 bytes
(epstopdf)             Command: <miktex-epstopdf-unrestricted --outfile=figures
/buffer_management_fig1-eps-converted-to.pdf figures/buffer_management_fig1.eps
>
(epstopdf)             \includegraphics on input line 566.
Package epstopdf Info: Output file is already uptodate.


pdfTeX warning: pdflatex.exe (file ./figures/buffer_management_fig1-eps-convert
ed-to.pdf): PDF inclusion: found PDF version <1.7>, but at most version <1.5> a
llowed
<figures/buffer_management_fig1-eps-converted-to.pdf, id=298, 906.38625pt x 521
.95pt>
File: figures/buffer_management_fig1-eps-converted-to.pdf Graphic file (type pd
f)
<use figures/buffer_management_fig1-eps-converted-to.pdf>
Package pdftex.def Info: figures/buffer_management_fig1-eps-converted-to.pdf  u
sed on input line 566.
(pdftex.def)             Requested size: 400.0pt x 230.34363pt.

Package fancyhdr Warning: \headheight is too small (12.0pt): 
(fancyhdr)                Make it at least 13.59999pt, for example:
(fancyhdr)                \setlength{\headheight}{13.59999pt}.
(fancyhdr)                You might also make \topmargin smaller to compensate:

(fancyhdr)                \addtolength{\topmargin}{-1.59999pt}.

[16 <./figures/buffer_management_fig1-eps-converted-to.pdf>]
Package mdframed Info: mdframed detected package amsthm 
 changed the theorem header of amsthm
(mdframed)              on input line 587.
Package mdframed Info: mdframed detected package amsthm 
 changed the theorem header of amsthm
(mdframed)              on input line 615.
Package mdframed Info: mdframed detected package amsthm 
 changed the theorem header of amsthm
(mdframed)              on input line 647.


Package fancyhdr Warning: \headheight is too small (12.0pt): 
(fancyhdr)                Make it at least 13.59999pt, for example:
(fancyhdr)                \setlength{\headheight}{13.59999pt}.
(fancyhdr)                You might also make \topmargin smaller to compensate:

(fancyhdr)                \addtolength{\topmargin}{-1.59999pt}.

[17]
Package mdframed Info: mdframed detected package amsthm 
 changed the theorem header of amsthm
(mdframed)              on input line 700.


Package fancyhdr Warning: \headheight is too small (12.0pt): 
(fancyhdr)                Make it at least 13.59999pt, for example:
(fancyhdr)                \setlength{\headheight}{13.59999pt}.
(fancyhdr)                You might also make \topmargin smaller to compensate:

(fancyhdr)                \addtolength{\topmargin}{-1.59999pt}.

[18]

Package fancyhdr Warning: \headheight is too small (12.0pt): 
(fancyhdr)                Make it at least 13.59999pt, for example:
(fancyhdr)                \setlength{\headheight}{13.59999pt}.
(fancyhdr)                You might also make \topmargin smaller to compensate:

(fancyhdr)                \addtolength{\topmargin}{-1.59999pt}.

[19]
Chapter 4.
Package epstopdf Info: Source file: <figures/scalexio/hardware_config_2.eps>
(epstopdf)                    date: 2022-08-23 16:52:29
(epstopdf)                    size: 1917882 bytes
(epstopdf)             Output file: <figures/scalexio/hardware_config_2-eps-con
verted-to.pdf>
(epstopdf)                    date: 2022-08-23 16:52:38
(epstopdf)                    size: 25938 bytes
(epstopdf)             Command: <miktex-epstopdf-unrestricted --outfile=figures
/scalexio/hardware_config_2-eps-converted-to.pdf figures/scalexio/hardware_conf
ig_2.eps>
(epstopdf)             \includegraphics on input line 793.
Package epstopdf Info: Output file is already uptodate.


pdfTeX warning: pdflatex.exe (file ./figures/scalexio/hardware_config_2-eps-con
verted-to.pdf): PDF inclusion: found PDF version <1.7>, but at most version <1.
5> allowed
<figures/scalexio/hardware_config_2-eps-converted-to.pdf, id=332, 625.33624pt x
 500.87125pt>
File: figures/scalexio/hardware_config_2-eps-converted-to.pdf Graphic file (typ
e pdf)
<use figures/scalexio/hardware_config_2-eps-converted-to.pdf>
Package pdftex.def Info: figures/scalexio/hardware_config_2-eps-converted-to.pd
f  used on input line 793.
(pdftex.def)             Requested size: 320.0pt x 256.31221pt.
[20

 <./figures/scalexio/hardware_config_2-eps-converted-to.pdf>]
Package epstopdf Info: Source file: <figures/scalexio/hardware_config_1.eps>
(epstopdf)                    date: 2022-08-23 11:21:36
(epstopdf)                    size: 2135594 bytes
(epstopdf)             Output file: <figures/scalexio/hardware_config_1-eps-con
verted-to.pdf>
(epstopdf)                    date: 2022-08-23 11:21:46
(epstopdf)                    size: 31754 bytes
(epstopdf)             Command: <miktex-epstopdf-unrestricted --outfile=figures
/scalexio/hardware_config_1-eps-converted-to.pdf figures/scalexio/hardware_conf
ig_1.eps>
(epstopdf)             \includegraphics on input line 807.
Package epstopdf Info: Output file is already uptodate.


pdfTeX warning: pdflatex.exe (file ./figures/scalexio/hardware_config_1-eps-con
verted-to.pdf): PDF inclusion: found PDF version <1.7>, but at most version <1.
5> allowed
<figures/scalexio/hardware_config_1-eps-converted-to.pdf, id=344, 1117.17375pt 
x 352.31625pt>
File: figures/scalexio/hardware_config_1-eps-converted-to.pdf Graphic file (typ
e pdf)
<use figures/scalexio/hardware_config_1-eps-converted-to.pdf>
Package pdftex.def Info: figures/scalexio/hardware_config_1-eps-converted-to.pd
f  used on input line 807.
(pdftex.def)             Requested size: 495.0pt x 156.10556pt.

Overfull \hbox (5.89713pt too wide) in paragraph at lines 806--809
 [][] 
 []


Package fancyhdr Warning: \headheight is too small (12.0pt): 
(fancyhdr)                Make it at least 13.59999pt, for example:
(fancyhdr)                \setlength{\headheight}{13.59999pt}.
(fancyhdr)                You might also make \topmargin smaller to compensate:

(fancyhdr)                \addtolength{\topmargin}{-1.59999pt}.

[21 <./figures/scalexio/hardware_config_1-eps-converted-to.pdf>]

Package fancyhdr Warning: \headheight is too small (12.0pt): 
(fancyhdr)                Make it at least 13.59999pt, for example:
(fancyhdr)                \setlength{\headheight}{13.59999pt}.
(fancyhdr)                You might also make \topmargin smaller to compensate:

(fancyhdr)                \addtolength{\topmargin}{-1.59999pt}.

[22]
Chapter 5.
[23

] [24

] (single_phase_pll.aux)

LaTeX Warning: There were multiply-defined labels.

 ) 
Here is how much of TeX's memory you used:
 43673 strings out of 478593
 1104942 string characters out of 2842716
 1580722 words of memory out of 3000000
 61079 multiletter control sequences out of 15000+600000
 496433 words of font info for 133 fonts, out of 8000000 for 9000
 1141 hyphenation exceptions out of 8191
 100i,13n,104p,766b,1164s stack positions out of 5000i,500n,10000p,200000b,80000s
 <C:\Users\dabagnara\AppData\Local\MiKTeX\fonts/pk/ljfour/jknappen/ec/dpi600\
tcrm0600.pk> <C:\Users\dabagnara\AppData\Local\MiKTeX\fonts/pk/ljfour/jknappen/
ec/dpi600\tcrm0800.pk><C:/Users/dabagnara/AppData/Local/Programs/MiKTeX/fonts/t
ype1/public/amsfonts/cm/cmbx10.pfb><C:/Users/dabagnara/AppData/Local/Programs/M
iKTeX/fonts/type1/public/amsfonts/cm/cmbx12.pfb><C:/Users/dabagnara/AppData/Loc
al/Programs/MiKTeX/fonts/type1/public/amsfonts/cm/cmex10.pfb><C:/Users/dabagnar
a/AppData/Local/Programs/MiKTeX/fonts/type1/public/amsfonts/cm/cmmi10.pfb><C:/U
sers/dabagnara/AppData/Local/Programs/MiKTeX/fonts/type1/public/amsfonts/cm/cmm
i5.pfb><C:/Users/dabagnara/AppData/Local/Programs/MiKTeX/fonts/type1/public/ams
fonts/cm/cmmi6.pfb><C:/Users/dabagnara/AppData/Local/Programs/MiKTeX/fonts/type
1/public/amsfonts/cm/cmmi7.pfb><C:/Users/dabagnara/AppData/Local/Programs/MiKTe
X/fonts/type1/public/amsfonts/cm/cmmi8.pfb><C:/Users/dabagnara/AppData/Local/Pr
ograms/MiKTeX/fonts/type1/public/amsfonts/cm/cmmi9.pfb><C:/Users/dabagnara/AppD
ata/Local/Programs/MiKTeX/fonts/type1/public/amsfonts/cm/cmr10.pfb><C:/Users/da
bagnara/AppData/Local/Programs/MiKTeX/fonts/type1/public/amsfonts/cm/cmr12.pfb>
<C:/Users/dabagnara/AppData/Local/Programs/MiKTeX/fonts/type1/public/amsfonts/c
m/cmr6.pfb><C:/Users/dabagnara/AppData/Local/Programs/MiKTeX/fonts/type1/public
/amsfonts/cm/cmr8.pfb><C:/Users/dabagnara/AppData/Local/Programs/MiKTeX/fonts/t
ype1/public/amsfonts/cm/cmr9.pfb><C:/Users/dabagnara/AppData/Local/Programs/MiK
TeX/fonts/type1/public/amsfonts/cm/cmsl10.pfb><C:/Users/dabagnara/AppData/Local
/Programs/MiKTeX/fonts/type1/public/amsfonts/cm/cmsy10.pfb><C:/Users/dabagnara/
AppData/Local/Programs/MiKTeX/fonts/type1/public/amsfonts/cm/cmsy6.pfb><C:/User
s/dabagnara/AppData/Local/Programs/MiKTeX/fonts/type1/public/amsfonts/cm/cmsy8.
pfb><C:/Users/dabagnara/AppData/Local/Programs/MiKTeX/fonts/type1/public/amsfon
ts/cm/cmsy9.pfb><C:/Users/dabagnara/AppData/Local/Programs/MiKTeX/fonts/type1/p
ublic/amsfonts/cm/cmti10.pfb><C:/Users/dabagnara/AppData/Local/Programs/MiKTeX/
fonts/type1/public/amsfonts/cm/cmti9.pfb><C:/Users/dabagnara/AppData/Local/Prog
rams/MiKTeX/fonts/type1/public/amsfonts/cm/cmtt10.pfb><C:/Users/dabagnara/AppDa
ta/Local/Programs/MiKTeX/fonts/type1/public/amsfonts/cm/cmtt9.pfb><C:/Users/dab
agnara/AppData/Local/Programs/MiKTeX/fonts/type1/public/rsfs/rsfs10.pfb>
Output written on single_phase_pll.pdf (24 pages, 755354 bytes).
PDF statistics:
 472 PDF objects out of 1000 (max. 8388607)
 0 named destinations out of 1000 (max. 500000)
 103 words of extra memory for PDF output out of 10000 (max. 10000000)

