This is pdfTeX, Version 3.141592653-2.6-1.40.24 (MiKTeX 21.12.10) (preloaded format=pdflatex 2022.1.25)  17 FEB 2022 14:02
entering extended mode
 \write18 enabled.
 %&-line parsing enabled.
**./lithium_ion_battery_i.tex
(lithium_ion_battery_i.tex
LaTeX2e <2021-11-15> patch level 1
L3 programming layer <2022-01-21>
(C:\Users\dabagnara\AppData\Local\Programs\MiKTeX\tex/latex/base\article.cls
Document Class: article 2021/10/04 v1.4n Standard LaTeX document class
(C:\Users\dabagnara\AppData\Local\Programs\MiKTeX\tex/latex/base\size11.clo
File: size11.clo 2021/10/04 v1.4n Standard LaTeX file (size option)
)
\c@part=\count185
\c@section=\count186
\c@subsection=\count187
\c@subsubsection=\count188
\c@paragraph=\count189
\c@subparagraph=\count190
\c@figure=\count191
\c@table=\count192
\abovecaptionskip=\skip47
\belowcaptionskip=\skip48
\bibindent=\dimen138
)
(C:\Users\dabagnara\AppData\Local\Programs\MiKTeX\tex/latex/xcolor\xcolor.sty
Package: xcolor 2021/10/31 v2.13 LaTeX color extensions (UK)

(C:\Users\dabagnara\AppData\Local\Programs\MiKTeX\tex/latex/graphics-cfg\color.
cfg
File: color.cfg 2016/01/02 v1.6 sample color configuration
)
Package xcolor Info: Driver file: pdftex.def on input line 227.

(C:\Users\dabagnara\AppData\Local\Programs\MiKTeX\tex/latex/graphics-def\pdftex
.def
File: pdftex.def 2020/10/05 v1.2a Graphics/color driver for pdftex
)
(C:\Users\dabagnara\AppData\Local\Programs\MiKTeX\tex/latex/colortbl\colortbl.s
ty
Package: colortbl 2020/01/04 v1.0e Color table columns (DPC)
 (C:\Users\dabagnara\AppData\Local\Programs\MiKTeX\tex/latex/tools\array.sty
Package: array 2021/10/04 v2.5f Tabular extension package (FMi)
\col@sep=\dimen139
\ar@mcellbox=\box50
\extrarowheight=\dimen140
\NC@list=\toks16
\extratabsurround=\skip49
\backup@length=\skip50
\ar@cellbox=\box51
)
\everycr=\toks17
\minrowclearance=\skip51
)
\rownum=\count193
Package xcolor Info: Model `cmy' substituted by `cmy0' on input line 1352.
Package xcolor Info: Model `hsb' substituted by `rgb' on input line 1356.
Package xcolor Info: Model `RGB' extended on input line 1368.
Package xcolor Info: Model `HTML' substituted by `rgb' on input line 1370.
Package xcolor Info: Model `Hsb' substituted by `hsb' on input line 1371.
Package xcolor Info: Model `tHsb' substituted by `hsb' on input line 1372.
Package xcolor Info: Model `HSB' substituted by `hsb' on input line 1373.
Package xcolor Info: Model `Gray' substituted by `gray' on input line 1374.
Package xcolor Info: Model `wave' substituted by `hsb' on input line 1375.
)
(C:\Users\dabagnara\AppData\Local\Programs\MiKTeX\tex/latex/pgfplots\pgfplots.s
ty
(C:\Users\dabagnara\AppData\Local\Programs\MiKTeX\tex/generic/pgfplots\pgfplots
.revision.tex)
Package: pgfplots 2021/05/15 v1.18.1 Data Visualization (1.18.1)

(C:\Users\dabagnara\AppData\Local\Programs\MiKTeX\tex/latex/graphics\graphicx.s
ty
Package: graphicx 2021/09/16 v1.2d Enhanced LaTeX Graphics (DPC,SPQR)

(C:\Users\dabagnara\AppData\Local\Programs\MiKTeX\tex/latex/graphics\keyval.sty
Package: keyval 2014/10/28 v1.15 key=value parser (DPC)
\KV@toks@=\toks18
)
(C:\Users\dabagnara\AppData\Local\Programs\MiKTeX\tex/latex/graphics\graphics.s
ty
Package: graphics 2021/03/04 v1.4d Standard LaTeX Graphics (DPC,SPQR)

(C:\Users\dabagnara\AppData\Local\Programs\MiKTeX\tex/latex/graphics\trig.sty
Package: trig 2021/08/11 v1.11 sin cos tan (DPC)
)
(C:\Users\dabagnara\AppData\Local\Programs\MiKTeX\tex/latex/graphics-cfg\graphi
cs.cfg
File: graphics.cfg 2016/06/04 v1.11 sample graphics configuration
)
Package graphics Info: Driver file: pdftex.def on input line 107.
)
\Gin@req@height=\dimen141
\Gin@req@width=\dimen142
)
(C:\Users\dabagnara\AppData\Local\Programs\MiKTeX\tex/latex/pgf/frontendlayer\t
ikz.sty
(C:\Users\dabagnara\AppData\Local\Programs\MiKTeX\tex/latex/pgf/basiclayer\pgf.
sty
(C:\Users\dabagnara\AppData\Local\Programs\MiKTeX\tex/latex/pgf/utilities\pgfrc
s.sty
(C:\Users\dabagnara\AppData\Local\Programs\MiKTeX\tex/generic/pgf/utilities\pgf
util-common.tex
\pgfutil@everybye=\toks19
\pgfutil@tempdima=\dimen143
\pgfutil@tempdimb=\dimen144

(C:\Users\dabagnara\AppData\Local\Programs\MiKTeX\tex/generic/pgf/utilities\pgf
util-common-lists.tex))
(C:\Users\dabagnara\AppData\Local\Programs\MiKTeX\tex/generic/pgf/utilities\pgf
util-latex.def
\pgfutil@abb=\box52
)
(C:\Users\dabagnara\AppData\Local\Programs\MiKTeX\tex/generic/pgf/utilities\pgf
rcs.code.tex
(C:\Users\dabagnara\AppData\Local\Programs\MiKTeX\tex/generic/pgf\pgf.revision.
tex)
Package: pgfrcs 2021/05/15 v3.1.9a (3.1.9a)
))
Package: pgf 2021/05/15 v3.1.9a (3.1.9a)

(C:\Users\dabagnara\AppData\Local\Programs\MiKTeX\tex/latex/pgf/basiclayer\pgfc
ore.sty
(C:\Users\dabagnara\AppData\Local\Programs\MiKTeX\tex/latex/pgf/systemlayer\pgf
sys.sty
(C:\Users\dabagnara\AppData\Local\Programs\MiKTeX\tex/generic/pgf/systemlayer\p
gfsys.code.tex
Package: pgfsys 2021/05/15 v3.1.9a (3.1.9a)

(C:\Users\dabagnara\AppData\Local\Programs\MiKTeX\tex/generic/pgf/utilities\pgf
keys.code.tex
\pgfkeys@pathtoks=\toks20
\pgfkeys@temptoks=\toks21

(C:\Users\dabagnara\AppData\Local\Programs\MiKTeX\tex/generic/pgf/utilities\pgf
keysfiltered.code.tex
\pgfkeys@tmptoks=\toks22
))
\pgf@x=\dimen145
\pgf@y=\dimen146
\pgf@xa=\dimen147
\pgf@ya=\dimen148
\pgf@xb=\dimen149
\pgf@yb=\dimen150
\pgf@xc=\dimen151
\pgf@yc=\dimen152
\pgf@xd=\dimen153
\pgf@yd=\dimen154
\w@pgf@writea=\write3
\r@pgf@reada=\read2
\c@pgf@counta=\count194
\c@pgf@countb=\count195
\c@pgf@countc=\count196
\c@pgf@countd=\count197
\t@pgf@toka=\toks23
\t@pgf@tokb=\toks24
\t@pgf@tokc=\toks25
\pgf@sys@id@count=\count198

(C:\Users\dabagnara\AppData\Local\Programs\MiKTeX\tex/generic/pgf/systemlayer\p
gf.cfg
File: pgf.cfg 2021/05/15 v3.1.9a (3.1.9a)
)
Driver file for pgf: pgfsys-pdftex.def

(C:\Users\dabagnara\AppData\Local\Programs\MiKTeX\tex/generic/pgf/systemlayer\p
gfsys-pdftex.def
File: pgfsys-pdftex.def 2021/05/15 v3.1.9a (3.1.9a)

(C:\Users\dabagnara\AppData\Local\Programs\MiKTeX\tex/generic/pgf/systemlayer\p
gfsys-common-pdf.def
File: pgfsys-common-pdf.def 2021/05/15 v3.1.9a (3.1.9a)
)))
(C:\Users\dabagnara\AppData\Local\Programs\MiKTeX\tex/generic/pgf/systemlayer\p
gfsyssoftpath.code.tex
File: pgfsyssoftpath.code.tex 2021/05/15 v3.1.9a (3.1.9a)
\pgfsyssoftpath@smallbuffer@items=\count199
\pgfsyssoftpath@bigbuffer@items=\count266
)
(C:\Users\dabagnara\AppData\Local\Programs\MiKTeX\tex/generic/pgf/systemlayer\p
gfsysprotocol.code.tex
File: pgfsysprotocol.code.tex 2021/05/15 v3.1.9a (3.1.9a)
))
(C:\Users\dabagnara\AppData\Local\Programs\MiKTeX\tex/generic/pgf/basiclayer\pg
fcore.code.tex
Package: pgfcore 2021/05/15 v3.1.9a (3.1.9a)

(C:\Users\dabagnara\AppData\Local\Programs\MiKTeX\tex/generic/pgf/math\pgfmath.
code.tex
(C:\Users\dabagnara\AppData\Local\Programs\MiKTeX\tex/generic/pgf/math\pgfmathc
alc.code.tex
(C:\Users\dabagnara\AppData\Local\Programs\MiKTeX\tex/generic/pgf/math\pgfmathu
til.code.tex)
(C:\Users\dabagnara\AppData\Local\Programs\MiKTeX\tex/generic/pgf/math\pgfmathp
arser.code.tex
\pgfmath@dimen=\dimen155
\pgfmath@count=\count267
\pgfmath@box=\box53
\pgfmath@toks=\toks26
\pgfmath@stack@operand=\toks27
\pgfmath@stack@operation=\toks28
)
(C:\Users\dabagnara\AppData\Local\Programs\MiKTeX\tex/generic/pgf/math\pgfmathf
unctions.code.tex
(C:\Users\dabagnara\AppData\Local\Programs\MiKTeX\tex/generic/pgf/math\pgfmathf
unctions.basic.code.tex)
(C:\Users\dabagnara\AppData\Local\Programs\MiKTeX\tex/generic/pgf/math\pgfmathf
unctions.trigonometric.code.tex)
(C:\Users\dabagnara\AppData\Local\Programs\MiKTeX\tex/generic/pgf/math\pgfmathf
unctions.random.code.tex)
(C:\Users\dabagnara\AppData\Local\Programs\MiKTeX\tex/generic/pgf/math\pgfmathf
unctions.comparison.code.tex)
(C:\Users\dabagnara\AppData\Local\Programs\MiKTeX\tex/generic/pgf/math\pgfmathf
unctions.base.code.tex)
(C:\Users\dabagnara\AppData\Local\Programs\MiKTeX\tex/generic/pgf/math\pgfmathf
unctions.round.code.tex)
(C:\Users\dabagnara\AppData\Local\Programs\MiKTeX\tex/generic/pgf/math\pgfmathf
unctions.misc.code.tex)
(C:\Users\dabagnara\AppData\Local\Programs\MiKTeX\tex/generic/pgf/math\pgfmathf
unctions.integerarithmetics.code.tex)))
(C:\Users\dabagnara\AppData\Local\Programs\MiKTeX\tex/generic/pgf/math\pgfmathf
loat.code.tex
\c@pgfmathroundto@lastzeros=\count268
))
(C:\Users\dabagnara\AppData\Local\Programs\MiKTeX\tex/generic/pgf/math\pgfint.c
ode.tex)
(C:\Users\dabagnara\AppData\Local\Programs\MiKTeX\tex/generic/pgf/basiclayer\pg
fcorepoints.code.tex
File: pgfcorepoints.code.tex 2021/05/15 v3.1.9a (3.1.9a)
\pgf@picminx=\dimen156
\pgf@picmaxx=\dimen157
\pgf@picminy=\dimen158
\pgf@picmaxy=\dimen159
\pgf@pathminx=\dimen160
\pgf@pathmaxx=\dimen161
\pgf@pathminy=\dimen162
\pgf@pathmaxy=\dimen163
\pgf@xx=\dimen164
\pgf@xy=\dimen165
\pgf@yx=\dimen166
\pgf@yy=\dimen167
\pgf@zx=\dimen168
\pgf@zy=\dimen169
)
(C:\Users\dabagnara\AppData\Local\Programs\MiKTeX\tex/generic/pgf/basiclayer\pg
fcorepathconstruct.code.tex
File: pgfcorepathconstruct.code.tex 2021/05/15 v3.1.9a (3.1.9a)
\pgf@path@lastx=\dimen170
\pgf@path@lasty=\dimen171
)
(C:\Users\dabagnara\AppData\Local\Programs\MiKTeX\tex/generic/pgf/basiclayer\pg
fcorepathusage.code.tex
File: pgfcorepathusage.code.tex 2021/05/15 v3.1.9a (3.1.9a)
\pgf@shorten@end@additional=\dimen172
\pgf@shorten@start@additional=\dimen173
)
(C:\Users\dabagnara\AppData\Local\Programs\MiKTeX\tex/generic/pgf/basiclayer\pg
fcorescopes.code.tex
File: pgfcorescopes.code.tex 2021/05/15 v3.1.9a (3.1.9a)
\pgfpic=\box54
\pgf@hbox=\box55
\pgf@layerbox@main=\box56
\pgf@picture@serial@count=\count269
)
(C:\Users\dabagnara\AppData\Local\Programs\MiKTeX\tex/generic/pgf/basiclayer\pg
fcoregraphicstate.code.tex
File: pgfcoregraphicstate.code.tex 2021/05/15 v3.1.9a (3.1.9a)
\pgflinewidth=\dimen174
)
(C:\Users\dabagnara\AppData\Local\Programs\MiKTeX\tex/generic/pgf/basiclayer\pg
fcoretransformations.code.tex
File: pgfcoretransformations.code.tex 2021/05/15 v3.1.9a (3.1.9a)
\pgf@pt@x=\dimen175
\pgf@pt@y=\dimen176
\pgf@pt@temp=\dimen177
)
(C:\Users\dabagnara\AppData\Local\Programs\MiKTeX\tex/generic/pgf/basiclayer\pg
fcorequick.code.tex
File: pgfcorequick.code.tex 2021/05/15 v3.1.9a (3.1.9a)
)
(C:\Users\dabagnara\AppData\Local\Programs\MiKTeX\tex/generic/pgf/basiclayer\pg
fcoreobjects.code.tex
File: pgfcoreobjects.code.tex 2021/05/15 v3.1.9a (3.1.9a)
)
(C:\Users\dabagnara\AppData\Local\Programs\MiKTeX\tex/generic/pgf/basiclayer\pg
fcorepathprocessing.code.tex
File: pgfcorepathprocessing.code.tex 2021/05/15 v3.1.9a (3.1.9a)
)
(C:\Users\dabagnara\AppData\Local\Programs\MiKTeX\tex/generic/pgf/basiclayer\pg
fcorearrows.code.tex
File: pgfcorearrows.code.tex 2021/05/15 v3.1.9a (3.1.9a)
\pgfarrowsep=\dimen178
)
(C:\Users\dabagnara\AppData\Local\Programs\MiKTeX\tex/generic/pgf/basiclayer\pg
fcoreshade.code.tex
File: pgfcoreshade.code.tex 2021/05/15 v3.1.9a (3.1.9a)
\pgf@max=\dimen179
\pgf@sys@shading@range@num=\count270
\pgf@shadingcount=\count271
)
(C:\Users\dabagnara\AppData\Local\Programs\MiKTeX\tex/generic/pgf/basiclayer\pg
fcoreimage.code.tex
File: pgfcoreimage.code.tex 2021/05/15 v3.1.9a (3.1.9a)

(C:\Users\dabagnara\AppData\Local\Programs\MiKTeX\tex/generic/pgf/basiclayer\pg
fcoreexternal.code.tex
File: pgfcoreexternal.code.tex 2021/05/15 v3.1.9a (3.1.9a)
\pgfexternal@startupbox=\box57
))
(C:\Users\dabagnara\AppData\Local\Programs\MiKTeX\tex/generic/pgf/basiclayer\pg
fcorelayers.code.tex
File: pgfcorelayers.code.tex 2021/05/15 v3.1.9a (3.1.9a)
)
(C:\Users\dabagnara\AppData\Local\Programs\MiKTeX\tex/generic/pgf/basiclayer\pg
fcoretransparency.code.tex
File: pgfcoretransparency.code.tex 2021/05/15 v3.1.9a (3.1.9a)
)
(C:\Users\dabagnara\AppData\Local\Programs\MiKTeX\tex/generic/pgf/basiclayer\pg
fcorepatterns.code.tex
File: pgfcorepatterns.code.tex 2021/05/15 v3.1.9a (3.1.9a)
)
(C:\Users\dabagnara\AppData\Local\Programs\MiKTeX\tex/generic/pgf/basiclayer\pg
fcorerdf.code.tex
File: pgfcorerdf.code.tex 2021/05/15 v3.1.9a (3.1.9a)
)))
(C:\Users\dabagnara\AppData\Local\Programs\MiKTeX\tex/generic/pgf/modules\pgfmo
duleshapes.code.tex
File: pgfmoduleshapes.code.tex 2021/05/15 v3.1.9a (3.1.9a)
\pgfnodeparttextbox=\box58
)
(C:\Users\dabagnara\AppData\Local\Programs\MiKTeX\tex/generic/pgf/modules\pgfmo
duleplot.code.tex
File: pgfmoduleplot.code.tex 2021/05/15 v3.1.9a (3.1.9a)
)
(C:\Users\dabagnara\AppData\Local\Programs\MiKTeX\tex/latex/pgf/compatibility\p
gfcomp-version-0-65.sty
Package: pgfcomp-version-0-65 2021/05/15 v3.1.9a (3.1.9a)
\pgf@nodesepstart=\dimen180
\pgf@nodesepend=\dimen181
)
(C:\Users\dabagnara\AppData\Local\Programs\MiKTeX\tex/latex/pgf/compatibility\p
gfcomp-version-1-18.sty
Package: pgfcomp-version-1-18 2021/05/15 v3.1.9a (3.1.9a)
))
(C:\Users\dabagnara\AppData\Local\Programs\MiKTeX\tex/latex/pgf/utilities\pgffo
r.sty
(C:\Users\dabagnara\AppData\Local\Programs\MiKTeX\tex/latex/pgf/utilities\pgfke
ys.sty
(C:\Users\dabagnara\AppData\Local\Programs\MiKTeX\tex/generic/pgf/utilities\pgf
keys.code.tex))
(C:\Users\dabagnara\AppData\Local\Programs\MiKTeX\tex/latex/pgf/math\pgfmath.st
y
(C:\Users\dabagnara\AppData\Local\Programs\MiKTeX\tex/generic/pgf/math\pgfmath.
code.tex))
(C:\Users\dabagnara\AppData\Local\Programs\MiKTeX\tex/generic/pgf/utilities\pgf
for.code.tex
Package: pgffor 2021/05/15 v3.1.9a (3.1.9a)

(C:\Users\dabagnara\AppData\Local\Programs\MiKTeX\tex/generic/pgf/math\pgfmath.
code.tex)
\pgffor@iter=\dimen182
\pgffor@skip=\dimen183
\pgffor@stack=\toks29
\pgffor@toks=\toks30
))
(C:\Users\dabagnara\AppData\Local\Programs\MiKTeX\tex/generic/pgf/frontendlayer
/tikz\tikz.code.tex
Package: tikz 2021/05/15 v3.1.9a (3.1.9a)

(C:\Users\dabagnara\AppData\Local\Programs\MiKTeX\tex/generic/pgf/libraries\pgf
libraryplothandlers.code.tex
File: pgflibraryplothandlers.code.tex 2021/05/15 v3.1.9a (3.1.9a)
\pgf@plot@mark@count=\count272
\pgfplotmarksize=\dimen184
)
\tikz@lastx=\dimen185
\tikz@lasty=\dimen186
\tikz@lastxsaved=\dimen187
\tikz@lastysaved=\dimen188
\tikz@lastmovetox=\dimen189
\tikz@lastmovetoy=\dimen190
\tikzleveldistance=\dimen191
\tikzsiblingdistance=\dimen192
\tikz@figbox=\box59
\tikz@figbox@bg=\box60
\tikz@tempbox=\box61
\tikz@tempbox@bg=\box62
\tikztreelevel=\count273
\tikznumberofchildren=\count274
\tikznumberofcurrentchild=\count275
\tikz@fig@count=\count276

(C:\Users\dabagnara\AppData\Local\Programs\MiKTeX\tex/generic/pgf/modules\pgfmo
dulematrix.code.tex
File: pgfmodulematrix.code.tex 2021/05/15 v3.1.9a (3.1.9a)
\pgfmatrixcurrentrow=\count277
\pgfmatrixcurrentcolumn=\count278
\pgf@matrix@numberofcolumns=\count279
)
\tikz@expandcount=\count280

(C:\Users\dabagnara\AppData\Local\Programs\MiKTeX\tex/generic/pgf/frontendlayer
/tikz/libraries\tikzlibrarytopaths.code.tex
File: tikzlibrarytopaths.code.tex 2021/05/15 v3.1.9a (3.1.9a)
)))
(C:\Users\dabagnara\AppData\Local\Programs\MiKTeX\tex/generic/pgfplots\pgfplots
.code.tex
(C:\Users\dabagnara\AppData\Local\Programs\MiKTeX\tex/generic/pgfplots\pgfplots
core.code.tex
\t@pgfplots@toka=\toks31
\t@pgfplots@tokb=\toks32
\t@pgfplots@tokc=\toks33
\pgfplots@tmpa=\dimen193
\c@pgfplots@coordindex=\count281
\c@pgfplots@scanlineindex=\count282

(C:\Users\dabagnara\AppData\Local\Programs\MiKTeX\tex/generic/pgfplots/sys\pgfp
lotssysgeneric.code.tex))
(C:\Users\dabagnara\AppData\Local\Programs\MiKTeX\tex/generic/pgfplots/libs\pgf
plotslibrary.code.tex)
(C:\Users\dabagnara\AppData\Local\Programs\MiKTeX\tex/generic/pgfplots/oldpgfco
mpatib\pgfplotsoldpgfsupp_loader.code.tex
(C:\Users\dabagnara\AppData\Local\Programs\MiKTeX\tex/generic/pgf/libraries\pgf
libraryfpu.code.tex))
(C:\Users\dabagnara\AppData\Local\Programs\MiKTeX\tex/generic/pgfplots/util\pgf
plotsutil.code.tex
(C:\Users\dabagnara\AppData\Local\Programs\MiKTeX\tex/generic/pgfplots/liststru
cture\pgfplotsliststructure.code.tex)
(C:\Users\dabagnara\AppData\Local\Programs\MiKTeX\tex/generic/pgfplots/liststru
cture\pgfplotsliststructureext.code.tex)
(C:\Users\dabagnara\AppData\Local\Programs\MiKTeX\tex/generic/pgfplots/liststru
cture\pgfplotsarray.code.tex
\c@pgfplotsarray@tmp=\count283
)
(C:\Users\dabagnara\AppData\Local\Programs\MiKTeX\tex/generic/pgfplots/liststru
cture\pgfplotsmatrix.code.tex)
(C:\Users\dabagnara\AppData\Local\Programs\MiKTeX\tex/generic/pgfplots/numtable
\pgfplotstableshared.code.tex
\c@pgfplotstable@counta=\count284
\t@pgfplotstable@a=\toks34
)
(C:\Users\dabagnara\AppData\Local\Programs\MiKTeX\tex/generic/pgfplots/liststru
cture\pgfplotsdeque.code.tex)
(C:\Users\dabagnara\AppData\Local\Programs\MiKTeX\tex/generic/pgfplots/util\pgf
plotsbinary.code.tex
(C:\Users\dabagnara\AppData\Local\Programs\MiKTeX\tex/generic/pgfplots/util\pgf
plotsbinary.data.code.tex))
(C:\Users\dabagnara\AppData\Local\Programs\MiKTeX\tex/generic/pgfplots/util\pgf
plotsutil.verb.code.tex)
(C:\Users\dabagnara\AppData\Local\Programs\MiKTeX\tex/generic/pgfplots/libs\pgf
librarypgfplots.surfshading.code.tex
\c@pgfplotslibrarysurf@no=\count285

(C:\Users\dabagnara\AppData\Local\Programs\MiKTeX\tex/generic/pgfplots/sys\pgfl
ibrarypgfplots.surfshading.pgfsys-pdftex.def)))
(C:\Users\dabagnara\AppData\Local\Programs\MiKTeX\tex/generic/pgfplots/util\pgf
plotscolormap.code.tex
(C:\Users\dabagnara\AppData\Local\Programs\MiKTeX\tex/generic/pgfplots/util\pgf
plotscolor.code.tex))
(C:\Users\dabagnara\AppData\Local\Programs\MiKTeX\tex/generic/pgfplots\pgfplots
stackedplots.code.tex)
(C:\Users\dabagnara\AppData\Local\Programs\MiKTeX\tex/generic/pgfplots\pgfplots
plothandlers.code.tex
(C:\Users\dabagnara\AppData\Local\Programs\MiKTeX\tex/generic/pgfplots\pgfplots
meshplothandler.code.tex
(C:\Users\dabagnara\AppData\Local\Programs\MiKTeX\tex/generic/pgfplots\pgfplots
meshplotimage.code.tex)))
(C:\Users\dabagnara\AppData\Local\Programs\MiKTeX\tex/generic/pgfplots\pgfplots
.scaling.code.tex)
(C:\Users\dabagnara\AppData\Local\Programs\MiKTeX\tex/generic/pgfplots\pgfplots
coordprocessing.code.tex)
(C:\Users\dabagnara\AppData\Local\Programs\MiKTeX\tex/generic/pgfplots\pgfplots
.errorbars.code.tex)
(C:\Users\dabagnara\AppData\Local\Programs\MiKTeX\tex/generic/pgfplots\pgfplots
.markers.code.tex)
(C:\Users\dabagnara\AppData\Local\Programs\MiKTeX\tex/generic/pgfplots\pgfplots
ticks.code.tex)
(C:\Users\dabagnara\AppData\Local\Programs\MiKTeX\tex/generic/pgfplots\pgfplots
.paths.code.tex)
(C:\Users\dabagnara\AppData\Local\Programs\MiKTeX\tex/generic/pgf/frontendlayer
/tikz/libraries\tikzlibrarydecorations.code.tex
(C:\Users\dabagnara\AppData\Local\Programs\MiKTeX\tex/generic/pgf/modules\pgfmo
duledecorations.code.tex
\pgfdecoratedcompleteddistance=\dimen194
\pgfdecoratedremainingdistance=\dimen195
\pgfdecoratedinputsegmentcompleteddistance=\dimen196
\pgfdecoratedinputsegmentremainingdistance=\dimen197
\pgf@decorate@distancetomove=\dimen198
\pgf@decorate@repeatstate=\count286
\pgfdecorationsegmentamplitude=\dimen199
\pgfdecorationsegmentlength=\dimen256
)
\tikz@lib@dec@box=\box63
)
(C:\Users\dabagnara\AppData\Local\Programs\MiKTeX\tex/generic/pgf/frontendlayer
/tikz/libraries\tikzlibrarydecorations.pathmorphing.code.tex
(C:\Users\dabagnara\AppData\Local\Programs\MiKTeX\tex/generic/pgf/libraries/dec
orations\pgflibrarydecorations.pathmorphing.code.tex))
(C:\Users\dabagnara\AppData\Local\Programs\MiKTeX\tex/generic/pgf/frontendlayer
/tikz/libraries\tikzlibrarydecorations.pathreplacing.code.tex
(C:\Users\dabagnara\AppData\Local\Programs\MiKTeX\tex/generic/pgf/libraries/dec
orations\pgflibrarydecorations.pathreplacing.code.tex))
(C:\Users\dabagnara\AppData\Local\Programs\MiKTeX\tex/generic/pgfplots/libs\tik
zlibrarypgfplots.contourlua.code.tex)
\pgfplots@numplots=\count287
\pgfplots@xmin@reg=\dimen257
\pgfplots@xmax@reg=\dimen258
\pgfplots@ymin@reg=\dimen259
\pgfplots@ymax@reg=\dimen260
\pgfplots@zmin@reg=\dimen261
\pgfplots@zmax@reg=\dimen262
)
(C:\Users\dabagnara\AppData\Local\Programs\MiKTeX\tex/generic/pgf/frontendlayer
/tikz/libraries\tikzlibraryplotmarks.code.tex
File: tikzlibraryplotmarks.code.tex 2021/05/15 v3.1.9a (3.1.9a)

(C:\Users\dabagnara\AppData\Local\Programs\MiKTeX\tex/generic/pgf/libraries\pgf
libraryplotmarks.code.tex
File: pgflibraryplotmarks.code.tex 2021/05/15 v3.1.9a (3.1.9a)
)))
(C:\Users\dabagnara\AppData\Local\Programs\MiKTeX\tex/generic/babel\babel.sty
Package: babel 2021/12/30 3.69 The Babel package
\babel@savecnt=\count288
\U@D=\dimen263
\l@unhyphenated=\language79

(C:\Users\dabagnara\AppData\Local\Programs\MiKTeX\tex/generic/babel\txtbabel.de
f)
\bbl@readstream=\read3
\bbl@dirlevel=\count289

*************************************
* Local config file bblopts.cfg used
*
(C:\Users\dabagnara\AppData\Local\Programs\MiKTeX\tex/latex/arabi\bblopts.cfg
File: bblopts.cfg 2005/09/08 v0.1 add Arabic and Farsi to "declared" options of
 babel
)
(C:\Users\dabagnara\AppData\Local\Programs\MiKTeX\tex/latex/babel-english\briti
sh.ldf
Language: british 2017/06/06 v3.3r English support from the babel system

(C:\Users\dabagnara\AppData\Local\Programs\MiKTeX\tex/latex/babel-english\engli
sh.ldf
Language: english 2017/06/06 v3.3r English support from the babel system
Package babel Info: Hyphen rules for 'canadian' set to \l@english
(babel)             (\language0). Reported on input line 102.
Package babel Info: Hyphen rules for 'australian' set to \l@ukenglish
(babel)             (\language73). Reported on input line 105.
Package babel Info: Hyphen rules for 'newzealand' set to \l@ukenglish
(babel)             (\language73). Reported on input line 108.
))
(C:\Users\dabagnara\AppData\Local\Programs\MiKTeX\tex/latex/babel-english\UKeng
lish.ldf
Language: UKenglish 2017/06/06 v3.3r English support from the babel system

(C:\Users\dabagnara\AppData\Local\Programs\MiKTeX\tex/latex/babel-english\engli
sh.ldf
Language: english 2017/06/06 v3.3r English support from the babel system
))
(C:\Users\dabagnara\AppData\Local\Programs\MiKTeX\tex/latex/babel-english\USeng
lish.ldf
Language: USenglish 2017/06/06 v3.3r English support from the babel system

(C:\Users\dabagnara\AppData\Local\Programs\MiKTeX\tex/latex/babel-english\engli
sh.ldf
Language: english 2017/06/06 v3.3r English support from the babel system
))
(C:\Users\dabagnara\AppData\Local\Programs\MiKTeX\tex/latex/babel-english\engli
sh.ldf
Language: english 2017/06/06 v3.3r English support from the babel system
)
(C:\Users\dabagnara\AppData\Local\Programs\MiKTeX\tex/latex/babel-english\ameri
can.ldf
Language: american 2017/06/06 v3.3r English support from the babel system

(C:\Users\dabagnara\AppData\Local\Programs\MiKTeX\tex/latex/babel-english\engli
sh.ldf
Language: english 2017/06/06 v3.3r English support from the babel system
)))

Package Babel Warning: The package option `english' should not be used
(Babel)                with a more specific one (like `american') on input line
 9.


(C:\Users\dabagnara\AppData\Local\Programs\MiKTeX\tex/latex/geometry\geometry.s
ty
Package: geometry 2020/01/02 v5.9 Page Geometry

(C:\Users\dabagnara\AppData\Local\Programs\MiKTeX\tex/generic/iftex\ifvtex.sty
Package: ifvtex 2019/10/25 v1.7 ifvtex legacy package. Use iftex instead.

(C:\Users\dabagnara\AppData\Local\Programs\MiKTeX\tex/generic/iftex\iftex.sty
Package: iftex 2020/03/06 v1.0d TeX engine tests
))
\Gm@cnth=\count290
\Gm@cntv=\count291
\c@Gm@tempcnt=\count292
\Gm@bindingoffset=\dimen264
\Gm@wd@mp=\dimen265
\Gm@odd@mp=\dimen266
\Gm@even@mp=\dimen267
\Gm@layoutwidth=\dimen268
\Gm@layoutheight=\dimen269
\Gm@layouthoffset=\dimen270
\Gm@layoutvoffset=\dimen271
\Gm@dimlist=\toks35

(C:\Users\dabagnara\AppData\Local\Programs\MiKTeX\tex/latex/geometry\geometry.c
fg))
(C:\Users\dabagnara\AppData\Local\Programs\MiKTeX\tex/latex/chemmacros\chemmacr
os.sty
(C:\Users\dabagnara\AppData\Local\Programs\MiKTeX\tex/latex/l3packages/l3keys2e
\l3keys2e.sty
(C:\Users\dabagnara\AppData\Local\Programs\MiKTeX\tex/latex/l3kernel\expl3.sty
Package: expl3 2022-01-21 L3 programming layer (loader) 

(C:\Users\dabagnara\AppData\Local\Programs\MiKTeX\tex/latex/l3backend\l3backend
-pdftex.def
File: l3backend-pdftex.def 2022-01-12 L3 backend support: PDF output (pdfTeX)
\l__color_backend_stack_int=\count293
\l__pdf_internal_box=\box64
))
Package: l3keys2e 2022-01-12 LaTeX2e option processing using LaTeX3 keys
)
Package: chemmacros 2022/01/18 v6.0a comprehensive support for typesetting chem
istry documents (CN)
\l__chemmacros_tmpa_dim=\dimen272
\l__chemmacros_tmpb_dim=\dimen273
\l__chemmacros_tmpc_dim=\dimen274
\l__chemmacros_tmpa_int=\count294
\l__chemmacros_tmpb_int=\count295
\l__chemmacros_tmpc_int=\count296
\l__chemmacros_tmpa_box=\box65
\l__chemmacros_tmpb_box=\box66
\l__chemmacros_tmpc_box=\box67
Loading the chemmacros module `base' ...

Loading the chemmacros module `base' ...
(C:\Users\dabagnara\AppData\Local\Programs\MiKTeX\tex/latex/tools\bm.sty
Package: bm 2021/04/25 v1.2e Bold Symbol Support (DPC/FMi)
\symboldoperators=\mathgroup4
\symboldletters=\mathgroup5
\symboldsymbols=\mathgroup6
Package bm Info: No bold for \OMX/cmex/m/n, using \pmb.
LaTeX Font Info:    Redeclaring math alphabet \mathbf on input line 149.
)
(C:\Users\dabagnara\AppData\Local\Programs\MiKTeX\tex/latex/amsmath\amstext.sty
Package: amstext 2021/08/26 v2.01 AMS text
(C:\Users\dabagnara\AppData\Local\Programs\MiKTeX\tex/latex/amsmath\amsgen.sty
File: amsgen.sty 1999/11/30 v2.0 generic functions
\@emptytoks=\toks36
\ex@=\dimen275
))
Loading the chemmacros module `errorcheck' ...

Loading the chemmacros module `errorcheck' ...
Loading the chemmacros module `lang' ...
Loading the chemmacros module `lang' ...

(C:\Users\dabagnara\AppData\Local\Programs\MiKTeX\tex/latex/translations\transl
ations.sty
Package: translations 2022/01/04 v1.11 internationalization of LaTeX2e packages
 (CN)

(C:\Users\dabagnara\AppData\Local\Programs\MiKTeX\tex/latex/etoolbox\etoolbox.s
ty
Package: etoolbox 2020/10/05 v2.5k e-TeX tools for LaTeX (JAW)
\etb@tempcnta=\count297
)
(C:\Users\dabagnara\AppData\Local\Programs\MiKTeX\tex/generic/pdftexcmds\pdftex
cmds.sty
Package: pdftexcmds 2020-06-27 v0.33 Utility functions of pdfTeX for LuaTeX (HO
)

(C:\Users\dabagnara\AppData\Local\Programs\MiKTeX\tex/generic/infwarerr\infware
rr.sty
Package: infwarerr 2019/12/03 v1.5 Providing info/warning/error messages (HO)
)
(C:\Users\dabagnara\AppData\Local\Programs\MiKTeX\tex/generic/ltxcmds\ltxcmds.s
ty
Package: ltxcmds 2020-05-10 v1.25 LaTeX kernel commands for general use (HO)
)
Package pdftexcmds Info: \pdf@primitive is available.
Package pdftexcmds Info: \pdf@ifprimitive is available.
Package pdftexcmds Info: \pdfdraftmode found.
))
Loading the chemmacros module `greek' ...

Loading the chemmacros module `greek' ...

(C:\Users\dabagnara\AppData\Local\Programs\MiKTeX\tex/latex/chemgreek\chemgreek
.sty
(C:\Users\dabagnara\AppData\Local\Programs\MiKTeX\tex/latex/l3packages/xparse\x
parse.sty
Package: xparse 2022-01-12 L3 Experimental document command parser
)
Package: chemgreek 2020/01/16 v1.1a interface for upright Greek letters for use
 in chemistry (CN)
\l__chemgreek_tmpa_int=\count298
\g__chemgreek_tmpa_int=\count299
)
Loading the chemmacros module `chemformula' ...

Loading the chemmacros module `chemformula' ...
Loading the chemmacros module `charges' ...
Loading the chemmacros module `charges' ...
Loading the chemmacros module `acid-base' ...
Loading the chemmacros module `acid-base' ...
Loading the chemmacros module `symbols' ...
Loading the chemmacros module `symbols' ...
Loading the chemmacros module `particles' ...
Loading the chemmacros module `particles' ...
\l__chemmacros_nucleophile_dim=\dimen276
Loading the chemmacros module `phases' ...
Loading the chemmacros module `phases' ...
\l__chemmacros_phases_space_dim=\dimen277
Loading the chemmacros module `nomenclature' ...
Loading the chemmacros module `nomenclature' ...
\l__chemmacros_cip_kern_dim=\dimen278
\l__chemmacros_iupac_hyphen_pre_dim=\dimen279
\l__chemmacros_iupac_hyphen_post_dim=\dimen280
\l__chemmacros_iupac_break_dim=\dimen281
\l__chemmacros_iupac_break_skip=\skip52
Loading the chemmacros module `tikz' ...
Loading the chemmacros module `tikz' ...

(C:\Users\dabagnara\AppData\Local\Programs\MiKTeX\tex/generic/pgf/frontendlayer
/tikz/libraries\tikzlibrarycalc.code.tex
File: tikzlibrarycalc.code.tex 2021/05/15 v3.1.9a (3.1.9a)
)
\l__chemmacros_el_length_dim=\dimen282
Loading the chemmacros module `isotopes' ...

Loading the chemmacros module `isotopes' ...

(C:\Users\dabagnara\AppData\Local\Programs\MiKTeX\tex/latex/elements\elements.s
ty
Package: elements 2019/10/14 v0.3 properties of chemical elements
\c@@elements@orbital@type=\count300
\c@@elements@shell@number=\count301
)
Loading the chemmacros module `mechanisms' ...

Loading the chemmacros module `mechanisms' ...
Loading the chemmacros module `newman' ...
Loading the chemmacros module `newman' ...
Loading the chemmacros module `orbital' ...
Loading the chemmacros module `orbital' ...
Loading the chemmacros module `polymers' ...
Loading the chemmacros module `polymers' ...
\l__chemmacros_polymer_delimiter_height_dim=\dimen283
\l__chemmacros_polymer_delimiter_depth_dim=\dimen284
Loading the chemmacros module `reactions' ...
Loading the chemmacros module `reactions' ...

(C:\Users\dabagnara\AppData\Local\Programs\MiKTeX\tex/latex/mathtools\mathtools
.sty
Package: mathtools 2021/04/12 v1.27 mathematical typesetting tools
 (C:\Users\dabagnara\AppData\Local\Programs\MiKTeX\tex/latex/tools\calc.sty
Package: calc 2017/05/25 v4.3 Infix arithmetic (KKT,FJ)
\calc@Acount=\count302
\calc@Bcount=\count303
\calc@Adimen=\dimen285
\calc@Bdimen=\dimen286
\calc@Askip=\skip53
\calc@Bskip=\skip54
LaTeX Info: Redefining \setlength on input line 80.
LaTeX Info: Redefining \addtolength on input line 81.
\calc@Ccount=\count304
\calc@Cskip=\skip55
)
(C:\Users\dabagnara\AppData\Local\Programs\MiKTeX\tex/latex/mathtools\mhsetup.s
ty
Package: mhsetup 2021/03/18 v1.4 programming setup (MH)
)
(C:\Users\dabagnara\AppData\Local\Programs\MiKTeX\tex/latex/amsmath\amsmath.sty
Package: amsmath 2021/10/15 v2.17l AMS math features
\@mathmargin=\skip56
For additional information on amsmath, use the `?' option.
(C:\Users\dabagnara\AppData\Local\Programs\MiKTeX\tex/latex/amsmath\amsbsy.sty
Package: amsbsy 1999/11/29 v1.2d Bold Symbols
LaTeX Info: Redefining \boldsymbol on input line 28.
\pmbraise@=\dimen287
) (C:\Users\dabagnara\AppData\Local\Programs\MiKTeX\tex/latex/amsmath\amsopn.st
y
Package: amsopn 2021/08/26 v2.02 operator names
)
\inf@bad=\count305
LaTeX Info: Redefining \frac on input line 234.
\uproot@=\count306
\leftroot@=\count307
LaTeX Info: Redefining \overline on input line 399.
\classnum@=\count308
\DOTSCASE@=\count309
LaTeX Info: Redefining \ldots on input line 496.
LaTeX Info: Redefining \dots on input line 499.
LaTeX Info: Redefining \cdots on input line 620.
\Mathstrutbox@=\box68
\strutbox@=\box69
\big@size=\dimen288
LaTeX Font Info:    Redeclaring font encoding OML on input line 743.
LaTeX Font Info:    Redeclaring font encoding OMS on input line 744.
\macc@depth=\count310
\c@MaxMatrixCols=\count311
\dotsspace@=\muskip16
\c@parentequation=\count312
\dspbrk@lvl=\count313
\tag@help=\toks37
\row@=\count314
\column@=\count315
\maxfields@=\count316
\andhelp@=\toks38
\eqnshift@=\dimen289
\alignsep@=\dimen290
\tagshift@=\dimen291
\tagwidth@=\dimen292
\totwidth@=\dimen293
\lineht@=\dimen294
\@envbody=\toks39
\multlinegap=\skip57
\multlinetaggap=\skip58
\mathdisplay@stack=\toks40
LaTeX Info: Redefining \[ on input line 2938.
LaTeX Info: Redefining \] on input line 2939.
)
LaTeX Info: Thecontrolsequence`\('isalreadyrobust on input line 130.
LaTeX Info: Thecontrolsequence`\)'isalreadyrobust on input line 130.
LaTeX Info: Thecontrolsequence`\['isalreadyrobust on input line 130.
LaTeX Info: Thecontrolsequence`\]'isalreadyrobust on input line 130.
\g_MT_multlinerow_int=\count317
\l_MT_multwidth_dim=\dimen295
\origjot=\skip59
\l_MT_shortvdotswithinadjustabove_dim=\dimen296
\l_MT_shortvdotswithinadjustbelow_dim=\dimen297
\l_MT_above_intertext_sep=\dimen298
\l_MT_below_intertext_sep=\dimen299
\l_MT_above_shortintertext_sep=\dimen300
\l_MT_below_shortintertext_sep=\dimen301
\xmathstrut@box=\box70
\xmathstrut@dim=\dimen302
)
\c@chemmacros_save_reaction=\count318
\c@reaction=\count319
Loading the chemmacros module `redox' ...

Loading the chemmacros module `redox' ...

(C:\Users\dabagnara\AppData\Local\Programs\MiKTeX\tex/latex/relsize\relsize.sty
Package: relsize 2013/03/29 ver 4.1
)
\l__chemmacros_ox_number_int=\count320
\l__chemmacros_redox_sep_dim=\dimen303
\l__chemmacros_redox_sep_default_dim=\dimen304
\l__chemmacros_redox_dist_dim=\dimen305
Loading the chemmacros module `xfrac' ...

Loading the chemmacros module `xfrac' ...

(C:\Users\dabagnara\AppData\Local\Programs\MiKTeX\tex/latex/l3packages/xfrac\xf
rac.sty
(C:\Users\dabagnara\AppData\Local\Programs\MiKTeX\tex/latex/base\textcomp.sty
Package: textcomp 2020/02/02 v2.0n Standard LaTeX package
)
(C:\Users\dabagnara\AppData\Local\Programs\MiKTeX\tex/latex/l3packages/xtemplat
e\xtemplate.sty
Package: xtemplate 2022-01-12 L3 Experimental prototype document functions
\l__xtemplate_tmp_dim=\dimen306
\l__xtemplate_tmp_int=\count321
\l__xtemplate_tmp_muskip=\muskip17
\l__xtemplate_tmp_skip=\skip60
)
Package: xfrac 2022-01-12 L3 Experimental split-level fractions
\l__xfrac_slash_box=\box71
\l__xfrac_tmp_box=\box72
\l__xfrac_denominator_bot_sep_dim=\dimen307
\l__xfrac_numerator_bot_sep_dim=\dimen308
\l__xfrac_numerator_top_sep_dim=\dimen309
\l__xfrac_slash_left_sep_dim=\dimen310
\l__xfrac_slash_right_sep_dim=\dimen311
\l__xfrac_slash_left_muskip=\muskip18
\l__xfrac_slash_right_muskip=\muskip19

Package xtemplate Info: Declaring object type 'xfrac' taking 3 argument(s) on
(xtemplate)             line 80.

)
Loading the chemmacros module `scheme' ...

Loading the chemmacros module `scheme' ...

(C:\Users\dabagnara\AppData\Local\Programs\MiKTeX\tex/latex/chemnum\chemnum.sty
Package: chemnum 2021/01/21 v1.3a a comprehensive approach for the numbering of
 chemical compounds (CN)
(C:\Users\dabagnara\AppData\Local\Programs\MiKTeX\tex/latex/psfrag\psfrag.sty
Package: psfrag 1998/04/11 v3.04 PSfrag (MCG)
\pfg@pcount=\count322
\pfg@scount=\count323
\pfg@temp=\write4
)
\l__chemnum_tmpa_int=\count324
\l__chemnum_tmpb_int=\count325
\l__chemnum_tmpc_int=\count326
\c@cmpdmain=\count327
\g__chemnum_main_int=\count328
\l__chemnum_compound_replace_int=\count329
)
Loading the chemmacros module `spectroscopy' ...
Loading the chemmacros module `spectroscopy' ...

(C:\Users\dabagnara\AppData\Local\Programs\MiKTeX\tex/latex/siunitx\siunitx.sty
Package: siunitx 2022-01-20 v3.0.43 A comprehensive (SI) units package
\l__siunitx_angle_tmp_dim=\dimen312
\l__siunitx_angle_marker_box=\box73
\l__siunitx_angle_unit_box=\box74
\l__siunitx_compound_count_int=\count330
\l__siunitx_number_exponent_fixed_int=\count331
\l__siunitx_number_min_decimal_int=\count332
\l__siunitx_number_min_integer_int=\count333
\l__siunitx_number_round_precision_int=\count334
\l__siunitx_number_group_minimum_int=\count335
\l__siunitx_table_tmp_box=\box75
\l__siunitx_table_tmp_dim=\dimen313
\l__siunitx_table_column_width_dim=\dimen314
\l__siunitx_table_integer_box=\box76
\l__siunitx_table_decimal_box=\box77
\l__siunitx_table_before_box=\box78
\l__siunitx_table_after_box=\box79
\l__siunitx_table_before_dim=\dimen315
\l__siunitx_table_carry_dim=\dimen316
\l__siunitx_unit_tmp_int=\count336
\l__siunitx_unit_position_int=\count337
\l__siunitx_unit_total_int=\count338
)
\l__chemmacros_nmr_space_skip=\skip61
Loading the chemmacros module `thermodynamics' ...

Loading the chemmacros module `thermodynamics' ...
Loading the chemmacros module `units' ...
Loading the chemmacros module `units' ...
Loading the chemmacros module `reactants' ...
Loading the chemmacros module `reactants' ...
Loading the chemmacros module `translations' ...
Loading the chemmacros module `translations' ...
)
(C:\Users\dabagnara\AppData\Local\Programs\MiKTeX\tex/latex/chemfig\chemfig.sty

(C:\Users\dabagnara\AppData\Local\Programs\MiKTeX\tex/generic/chemfig\chemfig.t
ex
(C:\Users\dabagnara\AppData\Local\Programs\MiKTeX\tex/generic/simplekv\simplekv
.tex
Package: simplekv 2020/04/27 v0.2 Simple keyval package (CT)
)
(C:\Users\dabagnara\AppData\Local\Programs\MiKTeX\tex/generic/pgf/libraries\pgf
libraryarrows.meta.code.tex
File: pgflibraryarrows.meta.code.tex 2021/05/15 v3.1.9a (3.1.9a)
\pgfarrowinset=\dimen317
\pgfarrowlength=\dimen318
\pgfarrowwidth=\dimen319
\pgfarrowlinewidth=\dimen320
)
\CF_cntatomgroup=\count339
\CF_cntgroup=\count340
\CF_cntatom=\count341
\CF_cntcycle=\count342
\CF_cntcyclebonds=\count343
\CF_cntcompound=\count344
\CF_dim=\dimen321
\CF_arrowsize=\dimen322
\CF_zero=\dimen323
\CF_box=\box80
\CF_boxstuff=\box81
\CF_testbox=\box82
\CF_chargebox=\box83
\CF_substtoks=\toks41
)
Package: chemfig 2021/08/01 v1.6b Draw molecule with an easy syntax (CT)
)

Package chemmacros Warning: The module mechanism has changed with v6!
(chemmacros)                =========================================
(chemmacros)                * All modules have been integrated into 
(chemmacros)                the main package and thus are preloaded 
(chemmacros)                already (unless you have loaded 
(chemmacros)                `chemmacros' with the `minimal' option).
(chemmacros)                * The new default corresponds to the 
(chemmacros)                earlier setting `modules=all'.
(chemmacros)                The command \usechemmodule is deprecated.

(C:\Users\dabagnara\AppData\Local\Programs\MiKTeX\tex/latex/mhchem\mhchem.sty
Package: mhchem 2021/12/31 v4.09 for typesetting chemical formulae
\l__mhchem_ce_distanceFromLastComma_int=\count345
\__mhchem_arrow_extPgfLength_skip=\skip62
\mhchem@minispace@tmp=\skip63
\mhchem@minibackspace@tmp=\skip64
\mhchem@bondwidth=\skip65
\mhchem@bondheight=\skip66
\mhchem@smallbondwidth@tmpA=\skip67
\mhchem@smallbondwidth@tmpB=\skip68
\mhchem@smallbondwidth=\skip69
\mhchem@bondtmp@minussidebearingleft=\skip70
\mhchem@bondtmp@minussidebearingright=\skip71
\l__mhchem_option_version_int=\count346
\mhchem@option@minusmathsidebearingleft=\dimen324
\mhchem@option@minusmathsidebearingright=\dimen325
\mhchem@option@minustextsidebearingleft=\dimen326
\mhchem@option@minustextsidebearingright=\dimen327


Package mhchem Warning: You did not specify a 'version' option for the mhchem
(mhchem)                package. Please write \usepackage[version=4]{mhchem}
(mhchem)                in your preamble (or any lower number for
(mhchem)                compatibility mode), because you might get slightly
(mhchem)                different output with the same input in future versions
.

)
(C:\Users\dabagnara\AppData\Local\Programs\MiKTeX\tex/latex/enumitem\enumitem.s
ty
Package: enumitem 2019/06/20 v3.9 Customized lists
\labelindent=\skip72
\enit@outerparindent=\dimen328
\enit@toks=\toks42
\enit@inbox=\box84
\enit@count@id=\count347
\enitdp@description=\count348
)
(C:\Users\dabagnara\AppData\Local\Programs\MiKTeX\tex/latex/base\makeidx.sty
Package: makeidx 2021/10/04 v1.0m Standard LaTeX package
)
(C:\Users\dabagnara\AppData\Local\Programs\MiKTeX\tex/latex/epstopdf-pkg\epstop
df.sty
Package: epstopdf 2020-01-24 v2.11 Conversion with epstopdf on the fly (HO)

(C:\Users\dabagnara\AppData\Local\Programs\MiKTeX\tex/latex/grfext\grfext.sty
Package: grfext 2019/12/03 v1.3 Manage graphics extensions (HO)

(C:\Users\dabagnara\AppData\Local\Programs\MiKTeX\tex/generic/kvdefinekeys\kvde
finekeys.sty
Package: kvdefinekeys 2019-12-19 v1.6 Define keys (HO)
))
(C:\Users\dabagnara\AppData\Local\Programs\MiKTeX\tex/latex/kvoptions\kvoptions
.sty
Package: kvoptions 2020-10-07 v3.14 Key value format for package options (HO)

(C:\Users\dabagnara\AppData\Local\Programs\MiKTeX\tex/generic/kvsetkeys\kvsetke
ys.sty
Package: kvsetkeys 2019/12/15 v1.18 Key value parser (HO)
))
(C:\Users\dabagnara\AppData\Local\Programs\MiKTeX\tex/latex/epstopdf-pkg\epstop
df-base.sty
Package: epstopdf-base 2020-01-24 v2.11 Base part for package epstopdf
Package epstopdf-base Info: Redefining graphics rule for `.eps' on input line 4
85.
Package grfext Info: Graphics extension search list:
(grfext)             [.pdf,.png,.jpg,.mps,.jpeg,.jbig2,.jb2,.PDF,.PNG,.JPG,.JPE
G,.JBIG2,.JB2,.eps]
(grfext)             \AppendGraphicsExtensions on input line 504.

(C:\Users\dabagnara\AppData\Local\Programs\MiKTeX\tex/latex/00miktex\epstopdf-s
ys.cfg
File: epstopdf-sys.cfg 2021/03/18 v2.0 Configuration of epstopdf for MiKTeX
)))
(C:\Users\dabagnara\AppData\Local\Programs\MiKTeX\tex/latex/amsfonts\amssymb.st
y
Package: amssymb 2013/01/14 v3.01 AMS font symbols

(C:\Users\dabagnara\AppData\Local\Programs\MiKTeX\tex/latex/amsfonts\amsfonts.s
ty
Package: amsfonts 2013/01/14 v3.01 Basic AMSFonts support
\symAMSa=\mathgroup7
\symAMSb=\mathgroup8
LaTeX Font Info:    Redeclaring math symbol \hbar on input line 98.
LaTeX Font Info:    Overwriting math alphabet `\mathfrak' in version `bold'
(Font)                  U/euf/m/n --> U/euf/b/n on input line 106.
))
(C:\Users\dabagnara\AppData\Local\Programs\MiKTeX\tex/latex/jknappen\mathrsfs.s
ty
Package: mathrsfs 1996/01/01 Math RSFS package v1.0 (jk)
\symrsfs=\mathgroup9
)
(C:\Users\dabagnara\AppData\Local\Programs\MiKTeX\tex/latex/tools\varioref.sty
Package: varioref 2021/07/07 v1.6f package for extended references (FMi)
\c@vrcnt=\count349
) (C:\Users\dabagnara\AppData\Local\Programs\MiKTeX\tex/latex/lipsum\lipsum.sty
Package: lipsum 2021-09-20 v2.7 150 paragraphs of Lorem Ipsum dummy text
\g__lipsum_par_int=\count350
\l__lipsum_a_int=\count351
\l__lipsum_b_int=\count352

(C:\Users\dabagnara\AppData\Local\Programs\MiKTeX\tex/latex/lipsum\lipsum.ltd.t
ex))
(C:\Users\dabagnara\AppData\Local\Programs\MiKTeX\tex/latex/fancyhdr\fancyhdr.s
ty
Package: fancyhdr 2021/01/28 v4.0.1 Extensive control of page headers and foote
rs
\f@nch@headwidth=\skip73
\f@nch@O@elh=\skip74
\f@nch@O@erh=\skip75
\f@nch@O@olh=\skip76
\f@nch@O@orh=\skip77
\f@nch@O@elf=\skip78
\f@nch@O@erf=\skip79
\f@nch@O@olf=\skip80
\f@nch@O@orf=\skip81
) (C:\Users\dabagnara\AppData\Local\Programs\MiKTeX\tex/latex/float\float.sty
Package: float 2001/11/08 v1.3d Float enhancements (AL)
\c@float@type=\count353
\float@exts=\toks43
\float@box=\box85
\@float@everytoks=\toks44
\@floatcapt=\box86
)
(C:\Users\dabagnara\AppData\Local\Programs\MiKTeX\tex/latex/mathtools\empheq.st
y
Package: empheq 2017/03/31 v2.15 Emphasizing equations
\l_EQ_equationtype_int=\count354
\l_EQ_alignmentmode_int=\count355
\l_EQ_totalwidth_dim=\dimen329
\l_EQ_displaywidth_dim=\dimen330
\l_EQ_temp_linewidth_dim=\dimen331
\l_EQ_linewidth_dim=\dimen332
\EmphEqdelimitershortfall=\dimen333
\EmphEqdelimiterfactor=\count356
\g_EQ_toptag_height_dim=\dimen334
\g_EQ_bottomtag_depth_dim=\dimen335
\g_EQ_toprow_height_dim=\dimen336
\g_EQ_bottomrow_depth_dim=\dimen337
\g_EQ_widesttag_dim=\dimen338
\EQ_mathdisplay_box=\box87
\EQ_tag_box=\box88
\g_EQ_temprow_int=\count357
)
(C:\Users\dabagnara\AppData\Local\Programs\MiKTeX\tex/latex/mdframed\mdframed.s
ty
Package: mdframed 2013/07/01 1.9b: mdframed

(C:\Users\dabagnara\AppData\Local\Programs\MiKTeX\tex/latex/zref\zref-abspage.s
ty
Package: zref-abspage 2020-07-03 v2.32 Module abspage for zref (HO)

(C:\Users\dabagnara\AppData\Local\Programs\MiKTeX\tex/latex/zref\zref-base.sty
Package: zref-base 2020-07-03 v2.32 Module base for zref (HO)

(C:\Users\dabagnara\AppData\Local\Programs\MiKTeX\tex/generic/etexcmds\etexcmds
.sty
Package: etexcmds 2019/12/15 v1.7 Avoid name clashes with e-TeX commands (HO)
)
(C:\Users\dabagnara\AppData\Local\Programs\MiKTeX\tex/latex/auxhook\auxhook.sty
Package: auxhook 2019-12-17 v1.6 Hooks for auxiliary files (HO)
)
Package zref Info: New property list: main on input line 764.
Package zref Info: New property: default on input line 765.
Package zref Info: New property: page on input line 766.
)
(C:\Users\dabagnara\AppData\Local\Programs\MiKTeX\tex/latex/base\atbegshi-ltx.s
ty
Package: atbegshi-ltx 2021/01/10 v1.0c Emulation of the original atbegshi
package with kernel methods
)
\c@abspage=\count358
Package zref Info: New property: abspage on input line 66.
)
(C:\Users\dabagnara\AppData\Local\Programs\MiKTeX\tex/latex/needspace\needspace
.sty
Package: needspace 2010/09/12 v1.3d reserve vertical space
)
\mdf@templength=\skip82
\c@mdf@globalstyle@cnt=\count359
\mdf@skipabove@length=\skip83
\mdf@skipbelow@length=\skip84
\mdf@leftmargin@length=\skip85
\mdf@rightmargin@length=\skip86
\mdf@innerleftmargin@length=\skip87
\mdf@innerrightmargin@length=\skip88
\mdf@innertopmargin@length=\skip89
\mdf@innerbottommargin@length=\skip90
\mdf@splittopskip@length=\skip91
\mdf@splitbottomskip@length=\skip92
\mdf@outermargin@length=\skip93
\mdf@innermargin@length=\skip94
\mdf@linewidth@length=\skip95
\mdf@innerlinewidth@length=\skip96
\mdf@middlelinewidth@length=\skip97
\mdf@outerlinewidth@length=\skip98
\mdf@roundcorner@length=\skip99
\mdf@footenotedistance@length=\skip100
\mdf@userdefinedwidth@length=\skip101
\mdf@needspace@length=\skip102
\mdf@frametitleaboveskip@length=\skip103
\mdf@frametitlebelowskip@length=\skip104
\mdf@frametitlerulewidth@length=\skip105
\mdf@frametitleleftmargin@length=\skip106
\mdf@frametitlerightmargin@length=\skip107
\mdf@shadowsize@length=\skip108
\mdf@extratopheight@length=\skip109
\mdf@subtitleabovelinewidth@length=\skip110
\mdf@subtitlebelowlinewidth@length=\skip111
\mdf@subtitleaboveskip@length=\skip112
\mdf@subtitlebelowskip@length=\skip113
\mdf@subtitleinneraboveskip@length=\skip114
\mdf@subtitleinnerbelowskip@length=\skip115
\mdf@subsubtitleabovelinewidth@length=\skip116
\mdf@subsubtitlebelowlinewidth@length=\skip117
\mdf@subsubtitleaboveskip@length=\skip118
\mdf@subsubtitlebelowskip@length=\skip119
\mdf@subsubtitleinneraboveskip@length=\skip120
\mdf@subsubtitleinnerbelowskip@length=\skip121

(C:\Users\dabagnara\AppData\Local\Programs\MiKTeX\tex/latex/mdframed\md-frame-1
.mdf
File: md-frame-1.mdf 2013/07/01\ 1.9b: md-frame-1
)
\mdf@frametitlebox=\box89
\mdf@footnotebox=\box90
\mdf@splitbox@one=\box91
\mdf@splitbox@two=\box92
\mdf@splitbox@save=\box93
\mdfsplitboxwidth=\skip122
\mdfsplitboxtotalwidth=\skip123
\mdfsplitboxheight=\skip124
\mdfsplitboxdepth=\skip125
\mdfsplitboxtotalheight=\skip126
\mdfframetitleboxwidth=\skip127
\mdfframetitleboxtotalwidth=\skip128
\mdfframetitleboxheight=\skip129
\mdfframetitleboxdepth=\skip130
\mdfframetitleboxtotalheight=\skip131
\mdffootnoteboxwidth=\skip132
\mdffootnoteboxtotalwidth=\skip133
\mdffootnoteboxheight=\skip134
\mdffootnoteboxdepth=\skip135
\mdffootnoteboxtotalheight=\skip136
\mdftotallinewidth=\skip137
\mdfboundingboxwidth=\skip138
\mdfboundingboxtotalwidth=\skip139
\mdfboundingboxheight=\skip140
\mdfboundingboxdepth=\skip141
\mdfboundingboxtotalheight=\skip142
\mdf@freevspace@length=\skip143
\mdf@horizontalwidthofbox@length=\skip144
\mdf@verticalmarginwhole@length=\skip145
\mdf@horizontalspaceofbox=\skip146
\mdfsubtitleheight=\skip147
\mdfsubsubtitleheight=\skip148
\c@mdfcountframes=\count360

****** mdframed patching \endmdf@trivlist

****** -- success******

\mdf@envdepth=\count361
\c@mdf@env@i=\count362
\c@mdf@env@ii=\count363
\c@mdf@zref@counter=\count364
Package zref Info: New property: mdf@pagevalue on input line 895.
)
(C:\Users\dabagnara\AppData\Local\Programs\MiKTeX\tex/latex/eso-pic\eso-pic.sty
Package: eso-pic 2020/10/14 v3.0a eso-pic (RN)
\ESO@tempdima=\dimen339
\ESO@tempdimb=\dimen340
)
(C:\Users\dabagnara\AppData\Local\Programs\MiKTeX\tex/latex/ncctools\nccmath.st
y
Package: nccmath 2006/01/20 v1.3 Additional Math Commands (NCC)
\NCC@fracrulewidth=\dimen341
)
(C:\Users\dabagnara\AppData\Local\Programs\MiKTeX\tex/latex/caption\caption.sty
Package: caption 2020/10/26 v3.5g Customizing captions (AR)

(C:\Users\dabagnara\AppData\Local\Programs\MiKTeX\tex/latex/caption\caption3.st
y
Package: caption3 2020/10/21 v2.2e caption3 kernel (AR)
\captionmargin=\dimen342
\captionmargin@=\dimen343
\captionwidth=\dimen344
\caption@tempdima=\dimen345
\caption@indent=\dimen346
\caption@parindent=\dimen347
\caption@hangindent=\dimen348
Package caption Info: Standard document class detected.
)
\c@caption@flags=\count365
\c@continuedfloat=\count366
Package caption Info: float package is loaded.
)
(C:\Users\dabagnara\AppData\Local\Programs\MiKTeX\tex/latex/caption\subcaption.
sty
Package: subcaption 2020/10/07 v1.3j Sub-captions (AR)
\c@subfigure=\count367
\c@subtable=\count368
)
(C:\Users\dabagnara\AppData\Local\Programs\MiKTeX\tex/latex/was\gensymb.sty
Package: gensymb 2003/07/02 v1.0 (WaS)
)
(C:\Users\dabagnara\AppData\Local\Programs\MiKTeX\tex/latex/amscls\amsthm.sty
Package: amsthm 2020/05/29 v2.20.6
\thm@style=\toks45
\thm@bodyfont=\toks46
\thm@headfont=\toks47
\thm@notefont=\toks48
\thm@headpunct=\toks49
\thm@preskip=\skip149
\thm@postskip=\skip150
\thm@headsep=\skip151
\dth@everypar=\toks50
)
(C:\Users\dabagnara\AppData\Local\Programs\MiKTeX\tex/latex/graphics\epsfig.sty
Package: epsfig 2017/06/25 v1.7b (e)psfig emulation (SPQR)
\epsfxsize=\dimen349
\epsfysize=\dimen350
)
(C:\Users\dabagnara\AppData\Local\Programs\MiKTeX\tex/latex/titling\titling.sty
Package: titling 2009/09/04 v2.1d maketitle typesetting
\thanksmarkwidth=\skip152
\thanksmargin=\skip153
\droptitle=\skip154
) (C:\Users\dabagnara\AppData\Local\Programs\MiKTeX\tex/latex/url\url.sty
\Urlmuskip=\muskip20
Package: url 2013/09/16  ver 3.4  Verb mode for urls, etc.
)
(C:\Users\dabagnara\AppData\Local\Programs\MiKTeX\tex/latex/tools\multicol.sty
Package: multicol 2021/10/28 v1.9b multicolumn formatting (FMi)
\c@tracingmulticols=\count369
\mult@box=\box94
\multicol@leftmargin=\dimen351
\c@unbalance=\count370
\c@collectmore=\count371
\doublecol@number=\count372
\multicoltolerance=\count373
\multicolpretolerance=\count374
\full@width=\dimen352
\page@free=\dimen353
\premulticols=\dimen354
\postmulticols=\dimen355
\multicolsep=\skip155
\multicolbaselineskip=\skip156
\partial@page=\box95
\last@line=\box96
\maxbalancingoverflow=\dimen356
\mult@rightbox=\box97
\mult@grightbox=\box98
\mult@firstbox=\box99
\mult@gfirstbox=\box100
\@tempa=\box101
\@tempa=\box102
\@tempa=\box103
\@tempa=\box104
\@tempa=\box105
\@tempa=\box106
\@tempa=\box107
\@tempa=\box108
\@tempa=\box109
\@tempa=\box110
\@tempa=\box111
\@tempa=\box112
\@tempa=\box113
\@tempa=\box114
\@tempa=\box115
\@tempa=\box116
\@tempa=\box117
\@tempa=\box118
\@tempa=\box119
\@tempa=\box120
\@tempa=\box121
\@tempa=\box122
\@tempa=\box123
\@tempa=\box124
\@tempa=\box125
\@tempa=\box126
\@tempa=\box127
\@tempa=\box128
\@tempa=\box129
\@tempa=\box130
\@tempa=\box131
\@tempa=\box132
\@tempa=\box133
\@tempa=\box134
\@tempa=\box135
\@tempa=\box136
\c@minrows=\count375
\c@columnbadness=\count376
\c@finalcolumnbadness=\count377
\last@try=\dimen357
\multicolovershoot=\dimen358
\multicolundershoot=\dimen359
\mult@nat@firstbox=\box137
\colbreak@box=\box138
\mc@col@check@num=\count378
)
(C:\Users\dabagnara\AppData\Local\Programs\MiKTeX\tex/latex/boondox\boondox-cal
.sty

LaTeX Warning: You have requested package `boondox-cal',
               but the package provides `BOONDOX-cal'.

Package: BOONDOX-cal 2017/02/25 v1.02 U/BOONDOX-cal

(C:\Users\dabagnara\AppData\Local\Programs\MiKTeX\tex/latex/xkeyval\xkeyval.sty
Package: xkeyval 2020/11/20 v2.8 package option processing (HA)

(C:\Users\dabagnara\AppData\Local\Programs\MiKTeX\tex/generic/xkeyval\xkeyval.t
ex
(C:\Users\dabagnara\AppData\Local\Programs\MiKTeX\tex/generic/xkeyval\xkvutils.
tex
\XKV@toks=\toks51
\XKV@tempa@toks=\toks52
)
\XKV@depth=\count379
File: xkeyval.tex 2014/12/03 v2.7a key=value parser (HA)
))
LaTeX Font Info:    Redeclaring math alphabet \mathcal on input line 10.
LaTeX Font Info:    Overwriting math alphabet `\mathcal' in version `bold'
(Font)                  U/BOONDOX-cal/m/n --> U/BOONDOX-cal/b/n on input line 1
1.
)

Package amsthm Warning: Unknown theoremstyle `it' on input line 76.

\c@defn=\count380
\c@thm=\count381
\c@example=\count382

Package chemmacros Info: You haven't chosen a formula method so I'm assuming
(chemmacros)             the default method `chemformula'.


(C:\Users\dabagnara\AppData\Local\Programs\MiKTeX\tex/latex/chemformula\chemfor
mula.sty
(C:\Users\dabagnara\AppData\Local\Programs\MiKTeX\tex/latex/units\nicefrac.sty
Package: nicefrac 1998/08/04 v0.9b Nice fractions
\L@UnitsRaiseDisplaystyle=\skip157
\L@UnitsRaiseTextstyle=\skip158
\L@UnitsRaiseScriptstyle=\skip159

(C:\Users\dabagnara\AppData\Local\Programs\MiKTeX\tex/latex/base\ifthen.sty
Package: ifthen 2020/11/24 v1.1c Standard LaTeX ifthen package (DPC)
))
Package: chemformula 2022/01/23 v4.17 typeset chemical compounds and reactions 
(CN)
\l__chemformula_tmpa_dim=\dimen360
\l__chemformula_tmpb_dim=\dimen361
\l__chemformula_tmpc_dim=\dimen362
\l__chemformula_tmpa_int=\count383
\l__chemformula_tmpb_int=\count384
\l__chemformula_tmpc_int=\count385
\l__chemformula_tmpa_box=\box139
\l__chemformula_tmpb_box=\box140
\l__chemformula_arrow_length_dim=\dimen363
\l__chemformula_arrow_label_height_dim=\dimen364
\l__chemformula_arrow_label_offset_dim=\dimen365
\l__chemformula_arrow_minimum_length_dim=\dimen366
\l__chemformula_arrow_shortage_dim=\dimen367
\l__chemformula_arrow_offset_dim=\dimen368
\l__chemformula_arrow_yshift_dim=\dimen369
\l__chemformula_radical_radius_dim=\dimen370
\l__chemformula_radical_hshift_dim=\dimen371
\l__chemformula_radical_vshift_dim=\dimen372
\l__chemformula_radical_space_dim=\dimen373
\l__chemformula_arrow_head_dim=\dimen374
\l__chemformula_name_dim=\dimen375
\l__chemformula_adduct_space_dim=\dimen376
\l__chemformula_charge_shift_dim=\dimen377
\l__chemformula_subscript_shift_dim=\dimen378
\l__chemformula_superscript_shift_dim=\dimen379
\l__chemformula_subscript_dim=\dimen380
\l__chemformula_superscript_dim=\dimen381
\l__chemformula_bond_dim=\dimen382
\l__chemformula_bond_space_dim=\dimen383
\l__chemformula_elspec_pair_distance_dim=\dimen384
\l__chemformula_elspec_pair_line_length_dim=\dimen385
\l__chemformula_elspec_pair_width_dim=\dimen386
\l__chemformula_kroegervink_positive_radius_dim=\dimen387
\l__chemformula_kroegervink_positive_hshift_dim=\dimen388
\l__chemformula_kroegervink_positive_vshift_dim=\dimen389
\l__chemformula_kroegervink_positive_space_dim=\dimen390
\l__chemformula_stoich_space_skip=\skip160
\l__chemformula_math_space_skip=\skip161
\l__chemformula_additions_symbol_space_skip=\skip162
\l__chemformula_count_tokens_int=\count386
\g__chemformula_lewis_int=\count387
\l__chemformula_arrow_arg_i_box=\box141
\l__chemformula_arrow_arg_ii_box=\box142
\l__chemformula_superscript_box=\box143
\l__chemformula_subscript_box=\box144
\l__chemformula_plus_space_skip=\skip163
\l__chemformula_minus_space_skip=\skip164
)

Package chemmacros Info: Detected float defining method `float'.

\@float@every@scheme=\toks53
\c@scheme=\count388

(lithium_ion_battery_i.aux)
\openout1 = `lithium_ion_battery_i.aux'.

LaTeX Font Info:    Checking defaults for OML/cmm/m/it on input line 97.
LaTeX Font Info:    ... okay on input line 97.
LaTeX Font Info:    Checking defaults for OMS/cmsy/m/n on input line 97.
LaTeX Font Info:    ... okay on input line 97.
LaTeX Font Info:    Checking defaults for OT1/cmr/m/n on input line 97.
LaTeX Font Info:    ... okay on input line 97.
LaTeX Font Info:    Checking defaults for T1/cmr/m/n on input line 97.
LaTeX Font Info:    ... okay on input line 97.
LaTeX Font Info:    Checking defaults for TS1/cmr/m/n on input line 97.
LaTeX Font Info:    ... okay on input line 97.
LaTeX Font Info:    Checking defaults for OMX/cmex/m/n on input line 97.
LaTeX Font Info:    ... okay on input line 97.
LaTeX Font Info:    Checking defaults for U/cmr/m/n on input line 97.
LaTeX Font Info:    ... okay on input line 97.

(C:\Users\dabagnara\AppData\Local\Programs\MiKTeX\tex/context/base/mkii\supp-pd
f.mkii
[Loading MPS to PDF converter (version 2006.09.02).]
\scratchcounter=\count389
\scratchdimen=\dimen391
\scratchbox=\box145
\nofMPsegments=\count390
\nofMParguments=\count391
\everyMPshowfont=\toks54
\MPscratchCnt=\count392
\MPscratchDim=\dimen392
\MPnumerator=\count393
\makeMPintoPDFobject=\count394
\everyMPtoPDFconversion=\toks55
)

Package pgfplots Warning: running in backwards compatibility mode (unsuitable t
ick labels; missing features). Consider writing \pgfplotsset{compat=1.18} into 
your preamble.
 on input line 97.

*geometry* driver: auto-detecting
*geometry* detected driver: pdftex
*geometry* verbose mode - [ preamble ] result:
* driver: pdftex
* paper: a4paper
* layout: <same size as paper>
* layoutoffset:(h,v)=(0.0pt,0.0pt)
* modes: 
* h-part:(L,W,R)=(72.26999pt, 452.9679pt, 72.26999pt)
* v-part:(T,H,B)=(90.3375pt, 664.37186pt, 90.3375pt)
* \paperwidth=597.50787pt
* \paperheight=845.04684pt
* \textwidth=452.9679pt
* \textheight=664.37186pt
* \oddsidemargin=0.0pt
* \evensidemargin=0.0pt
* \topmargin=-18.9325pt
* \headheight=12.0pt
* \headsep=25.0pt
* \topskip=11.0pt
* \footskip=30.0pt
* \marginparwidth=50.0pt
* \marginparsep=10.0pt
* \columnsep=10.0pt
* \skip\footins=10.0pt plus 4.0pt minus 2.0pt
* \hoffset=0.0pt
* \voffset=0.0pt
* \mag=1000
* \@twocolumnfalse
* \@twosidefalse
* \@mparswitchfalse
* \@reversemarginfalse
* (1in=72.27pt=25.4mm, 1cm=28.453pt)


(C:\Users\dabagnara\AppData\Local\Programs\MiKTeX\tex/latex/translations/dicts\
translations-basic-dictionary-english.trsl
File: translations-basic-dictionary-english.trsl (english translation file `tra
nslations-basic-dictionary')
)
(C:\Users\dabagnara\AppData\Local\Programs\MiKTeX\tex/latex/translations/dicts\
translations-basic-dictionary-english.trsl
File: translations-basic-dictionary-english.trsl (english translation file `tra
nslations-basic-dictionary')
)
Package translations Info: loading dictionary `translations-basic-dictionary' f
or `english'. on input line 97.

(C:\Users\dabagnara\AppData\Local\Programs\MiKTeX\tex/latex/translations/dicts\
translations-basic-dictionary-english.trsl
File: translations-basic-dictionary-english.trsl (english translation file `tra
nslations-basic-dictionary')
)
Package translations Info: loading dictionary `translations-basic-dictionary' f
or `english'. on input line 97.

Package chemgreek Info: Activating mapping `default' on line 97.

\Hy@linkcounter=\count395
Package caption Info: Begin \AtBeginDocument code.
Package caption Info: End \AtBeginDocument code.
\symgns@font=\mathgroup10
LaTeX Font Info:    Overwriting symbol font `gns@font' in version `bold'
(Font)                  TS1/cmr/m/n --> TS1/cmr/b/n on input line 97.
Package gensymb Info: Math companion symbols declared on input line 97.
LaTeX Info: Redefining \degree on input line 97.
LaTeX Info: Redefining \celsius on input line 97.
Package gensymb Info: Using text companion symbols for \degree, \celsius and \p
erthousand on input line 97.
LaTeX Info: Redefining \ohm on input line 97.
Package gensymb Info: Using \textohm for \ohm on input line 97.
LaTeX Info: Redefining \micro on input line 97.
Package gensymb Info: Using \textmu for \micro on input line 97.


Package chemmacros Warning: You haven't loaded any package for upright Greek
(chemmacros)                letters or no unique choice was possible. Either
(chemmacros)                load one of packages specified in the manual or
(chemmacros)                select a chemgreek mapping manually.


(C:\Users\dabagnara\AppData\Local\Programs\MiKTeX\tex/latex/elements\elements_n
ames_english.def)
Package mdframed Info: mdframed detected package amsthm 
 changed the theorem header of amsthm
(mdframed)              on input line 100.
LaTeX Font Info:    Trying to load font information for U+msa on input line 100
.

(C:\Users\dabagnara\AppData\Local\Programs\MiKTeX\tex/latex/amsfonts\umsa.fd
File: umsa.fd 2013/01/14 v3.01 AMS symbols A
)
LaTeX Font Info:    Trying to load font information for U+msb on input line 100
.

(C:\Users\dabagnara\AppData\Local\Programs\MiKTeX\tex/latex/amsfonts\umsb.fd
File: umsb.fd 2013/01/14 v3.01 AMS symbols B
)
LaTeX Font Info:    Trying to load font information for U+rsfs on input line 10
0.

(C:\Users\dabagnara\AppData\Local\Programs\MiKTeX\tex/latex/jknappen\ursfs.fd
File: ursfs.fd 1998/03/24 rsfs font definition file (jk)
)
Package mdframed Info: Not enough space on this page on input line 102.

[1
Non-PDF special ignored!
<special> header=psfrag.pro

{C:/Users/dabagnara/AppData/Local/MiKTeX/fonts/map/pdftex/pdftex.map}]
(lithium_ion_battery_i.toc)
\tf@toc=\write5
\openout5 = `lithium_ion_battery_i.toc'.

 (lithium_ion_battery_i.lof)
\tf@lof=\write6
\openout6 = `lithium_ion_battery_i.lof'.


(lithium_ion_battery_i.lot)
\tf@lot=\write7
\openout7 = `lithium_ion_battery_i.lot'.

Package epstopdf Info: Source file: <figures/MCI_4C_bw.eps>
(epstopdf)                    date: 2020-09-17 10:36:47
(epstopdf)                    size: 1155110 bytes
(epstopdf)             Output file: <figures/MCI_4C_bw-eps-converted-to.pdf>
(epstopdf)                    date: 2021-12-12 08:41:49
(epstopdf)                    size: 21471 bytes
(epstopdf)             Command: <miktex-epstopdf-unrestricted --outfile=figures
/MCI_4C_bw-eps-converted-to.pdf figures/MCI_4C_bw.eps>
(epstopdf)             \includegraphics on input line 107.
Package epstopdf Info: Output file is already uptodate.


pdfTeX warning: pdflatex.exe (file ./figures/MCI_4C_bw-eps-converted-to.pdf): P
DF inclusion: found PDF version <1.7>, but at most version <1.5> allowed
<figures/MCI_4C_bw-eps-converted-to.pdf, id=11, 340.27126pt x 165.61874pt>
File: figures/MCI_4C_bw-eps-converted-to.pdf Graphic file (type pdf)
<use figures/MCI_4C_bw-eps-converted-to.pdf>
Package pdftex.def Info: figures/MCI_4C_bw-eps-converted-to.pdf  used on input 
line 107.
(pdftex.def)             Requested size: 28.45274pt x 13.8487pt.

Package fancyhdr Warning: \headheight is too small (12.0pt): 
(fancyhdr)                Make it at least 13.59999pt, for example:
(fancyhdr)                \setlength{\headheight}{13.59999pt}.
(fancyhdr)                You might also make \topmargin smaller to compensate:

(fancyhdr)                \addtolength{\topmargin}{-1.59999pt}.

[2 <./figures/MCI_4C_bw-eps-converted-to.pdf>]
Package epstopdf Info: Source file: <figures/lithium_ion_battery/lithium_ion_ba
ttery_3.eps>
(epstopdf)                    date: 2021-02-12 08:52:32
(epstopdf)                    size: 2271970 bytes
(epstopdf)             Output file: <figures/lithium_ion_battery/lithium_ion_ba
ttery_3-eps-converted-to.pdf>
(epstopdf)                    date: 2021-12-12 08:48:45
(epstopdf)                    size: 85379 bytes
(epstopdf)             Command: <miktex-epstopdf-unrestricted --outfile=figures
/lithium_ion_battery/lithium_ion_battery_3-eps-converted-to.pdf figures/lithium
_ion_battery/lithium_ion_battery_3.eps>
(epstopdf)             \includegraphics on input line 123.
Package epstopdf Info: Output file is already uptodate.


pdfTeX warning: pdflatex.exe (file ./figures/lithium_ion_battery/lithium_ion_ba
ttery_3-eps-converted-to.pdf): PDF inclusion: found PDF version <1.7>, but at m
ost version <1.5> allowed
<figures/lithium_ion_battery/lithium_ion_battery_3-eps-converted-to.pdf, id=21,
 721.69624pt x 405.515pt>
File: figures/lithium_ion_battery/lithium_ion_battery_3-eps-converted-to.pdf Gr
aphic file (type pdf)
<use figures/lithium_ion_battery/lithium_ion_battery_3-eps-converted-to.pdf>
Package pdftex.def Info: figures/lithium_ion_battery/lithium_ion_battery_3-eps-
converted-to.pdf  used on input line 123.
(pdftex.def)             Requested size: 420.0pt x 235.99088pt.
Package epstopdf Info: Source file: <figures/MCI_4C_bw.eps>
(epstopdf)                    date: 2020-09-17 10:36:47
(epstopdf)                    size: 1155110 bytes
(epstopdf)             Output file: <figures/MCI_4C_bw-eps-converted-to.pdf>
(epstopdf)                    date: 2021-12-12 08:41:49
(epstopdf)                    size: 21471 bytes
(epstopdf)             Command: <miktex-epstopdf-unrestricted --outfile=figures
/MCI_4C_bw-eps-converted-to.pdf figures/MCI_4C_bw.eps>
(epstopdf)             \includegraphics on input line 128.
Package epstopdf Info: Output file is already uptodate.
File: figures/MCI_4C_bw-eps-converted-to.pdf Graphic file (type pdf)
<use figures/MCI_4C_bw-eps-converted-to.pdf>
Package pdftex.def Info: figures/MCI_4C_bw-eps-converted-to.pdf  used on input 
line 128.
(pdftex.def)             Requested size: 28.45274pt x 13.8487pt.

Package fancyhdr Warning: \headheight is too small (12.0pt): 
(fancyhdr)                Make it at least 13.59999pt, for example:
(fancyhdr)                \setlength{\headheight}{13.59999pt}.
(fancyhdr)                You might also make \topmargin smaller to compensate:

(fancyhdr)                \addtolength{\topmargin}{-1.59999pt}.

[3]
Package epstopdf Info: Source file: <figures/lithium_ion_battery/lithium_ion_ba
ttery_1.eps>
(epstopdf)                    date: 2021-02-01 20:11:43
(epstopdf)                    size: 1760846 bytes
(epstopdf)             Output file: <figures/lithium_ion_battery/lithium_ion_ba
ttery_1-eps-converted-to.pdf>
(epstopdf)                    date: 2021-12-12 08:48:47
(epstopdf)                    size: 47308 bytes
(epstopdf)             Command: <miktex-epstopdf-unrestricted --outfile=figures
/lithium_ion_battery/lithium_ion_battery_1-eps-converted-to.pdf figures/lithium
_ion_battery/lithium_ion_battery_1.eps>
(epstopdf)             \includegraphics on input line 131.
Package epstopdf Info: Output file is already uptodate.


pdfTeX warning: pdflatex.exe (file ./figures/lithium_ion_battery/lithium_ion_ba
ttery_1-eps-converted-to.pdf): PDF inclusion: found PDF version <1.7>, but at m
ost version <1.5> allowed
<figures/lithium_ion_battery/lithium_ion_battery_1-eps-converted-to.pdf, id=28,
 534.99875pt x 316.18124pt>
File: figures/lithium_ion_battery/lithium_ion_battery_1-eps-converted-to.pdf Gr
aphic file (type pdf)
<use figures/lithium_ion_battery/lithium_ion_battery_1-eps-converted-to.pdf>
Package pdftex.def Info: figures/lithium_ion_battery/lithium_ion_battery_1-eps-
converted-to.pdf  used on input line 131.
(pdftex.def)             Requested size: 400.0pt x 236.40683pt.
Package epstopdf Info: Source file: <figures/MCI_4C_bw.eps>
(epstopdf)                    date: 2020-09-17 10:36:47
(epstopdf)                    size: 1155110 bytes
(epstopdf)             Output file: <figures/MCI_4C_bw-eps-converted-to.pdf>
(epstopdf)                    date: 2021-12-12 08:41:49
(epstopdf)                    size: 21471 bytes
(epstopdf)             Command: <miktex-epstopdf-unrestricted --outfile=figures
/MCI_4C_bw-eps-converted-to.pdf figures/MCI_4C_bw.eps>
(epstopdf)             \includegraphics on input line 140.
Package epstopdf Info: Output file is already uptodate.
File: figures/MCI_4C_bw-eps-converted-to.pdf Graphic file (type pdf)
<use figures/MCI_4C_bw-eps-converted-to.pdf>
Package pdftex.def Info: figures/MCI_4C_bw-eps-converted-to.pdf  used on input 
line 140.
(pdftex.def)             Requested size: 28.45274pt x 13.8487pt.

Package fancyhdr Warning: \headheight is too small (12.0pt): 
(fancyhdr)                Make it at least 13.59999pt, for example:
(fancyhdr)                \setlength{\headheight}{13.59999pt}.
(fancyhdr)                You might also make \topmargin smaller to compensate:

(fancyhdr)                \addtolength{\topmargin}{-1.59999pt}.

[4 <./figures/lithium_ion_battery/lithium_ion_battery_3-eps-converted-to.pdf> <
./figures/lithium_ion_battery/lithium_ion_battery_1-eps-converted-to.pdf>]
Package epstopdf Info: Source file: <figures/lithium_ion_battery/ocv_soc_1.eps>

(epstopdf)                    date: 2021-02-02 16:26:33
(epstopdf)                    size: 2010290 bytes
(epstopdf)             Output file: <figures/lithium_ion_battery/ocv_soc_1-eps-
converted-to.pdf>
(epstopdf)                    date: 2021-12-12 08:47:53
(epstopdf)                    size: 64588 bytes
(epstopdf)             Command: <miktex-epstopdf-unrestricted --outfile=figures
/lithium_ion_battery/ocv_soc_1-eps-converted-to.pdf figures/lithium_ion_battery
/ocv_soc_1.eps>
(epstopdf)             \includegraphics on input line 153.
Package epstopdf Info: Output file is already uptodate.


pdfTeX warning: pdflatex.exe (file ./figures/lithium_ion_battery/ocv_soc_1-eps-
converted-to.pdf): PDF inclusion: found PDF version <1.7>, but at most version 
<1.5> allowed
<figures/lithium_ion_battery/ocv_soc_1-eps-converted-to.pdf, id=68, 467.7475pt 
x 431.6125pt>
File: figures/lithium_ion_battery/ocv_soc_1-eps-converted-to.pdf Graphic file (
type pdf)
<use figures/lithium_ion_battery/ocv_soc_1-eps-converted-to.pdf>
Package pdftex.def Info: figures/lithium_ion_battery/ocv_soc_1-eps-converted-to
.pdf  used on input line 153.
(pdftex.def)             Requested size: 181.18439pt x 167.18883pt.
Package epstopdf Info: Source file: <figures/MCI_4C_bw.eps>
(epstopdf)                    date: 2020-09-17 10:36:47
(epstopdf)                    size: 1155110 bytes
(epstopdf)             Output file: <figures/MCI_4C_bw-eps-converted-to.pdf>
(epstopdf)                    date: 2021-12-12 08:41:49
(epstopdf)                    size: 21471 bytes
(epstopdf)             Command: <miktex-epstopdf-unrestricted --outfile=figures
/MCI_4C_bw-eps-converted-to.pdf figures/MCI_4C_bw.eps>
(epstopdf)             \includegraphics on input line 162.
Package epstopdf Info: Output file is already uptodate.
File: figures/MCI_4C_bw-eps-converted-to.pdf Graphic file (type pdf)
<use figures/MCI_4C_bw-eps-converted-to.pdf>
Package pdftex.def Info: figures/MCI_4C_bw-eps-converted-to.pdf  used on input 
line 162.
(pdftex.def)             Requested size: 28.45274pt x 13.8487pt.

Package fancyhdr Warning: \headheight is too small (12.0pt): 
(fancyhdr)                Make it at least 13.59999pt, for example:
(fancyhdr)                \setlength{\headheight}{13.59999pt}.
(fancyhdr)                You might also make \topmargin smaller to compensate:

(fancyhdr)                \addtolength{\topmargin}{-1.59999pt}.

[5]
Package epstopdf Info: Source file: <figures/lithium_ion_battery/cell_eq_circui
t_1.eps>
(epstopdf)                    date: 2021-02-03 12:06:30
(epstopdf)                    size: 1567850 bytes
(epstopdf)             Output file: <figures/lithium_ion_battery/cell_eq_circui
t_1-eps-converted-to.pdf>
(epstopdf)                    date: 2021-12-12 08:47:55
(epstopdf)                    size: 55331 bytes
(epstopdf)             Command: <miktex-epstopdf-unrestricted --outfile=figures
/lithium_ion_battery/cell_eq_circuit_1-eps-converted-to.pdf figures/lithium_ion
_battery/cell_eq_circuit_1.eps>
(epstopdf)             \includegraphics on input line 167.
Package epstopdf Info: Output file is already uptodate.


pdfTeX warning: pdflatex.exe (file ./figures/lithium_ion_battery/cell_eq_circui
t_1-eps-converted-to.pdf): PDF inclusion: found PDF version <1.7>, but at most 
version <1.5> allowed
<figures/lithium_ion_battery/cell_eq_circuit_1-eps-converted-to.pdf, id=78, 210
.7875pt x 173.64874pt>
File: figures/lithium_ion_battery/cell_eq_circuit_1-eps-converted-to.pdf Graphi
c file (type pdf)
<use figures/lithium_ion_battery/cell_eq_circuit_1-eps-converted-to.pdf>
Package pdftex.def Info: figures/lithium_ion_battery/cell_eq_circuit_1-eps-conv
erted-to.pdf  used on input line 167.
(pdftex.def)             Requested size: 200.0pt x 164.76399pt.
Package epstopdf Info: Source file: <figures/lithium_ion_battery/cell_eq_circui
t_2.eps>
(epstopdf)                    date: 2021-02-03 12:06:34
(epstopdf)                    size: 1577230 bytes
(epstopdf)             Output file: <figures/lithium_ion_battery/cell_eq_circui
t_2-eps-converted-to.pdf>
(epstopdf)                    date: 2021-12-12 08:47:56
(epstopdf)                    size: 57224 bytes
(epstopdf)             Command: <miktex-epstopdf-unrestricted --outfile=figures
/lithium_ion_battery/cell_eq_circuit_2-eps-converted-to.pdf figures/lithium_ion
_battery/cell_eq_circuit_2.eps>
(epstopdf)             \includegraphics on input line 174.
Package epstopdf Info: Output file is already uptodate.


pdfTeX warning: pdflatex.exe (file ./figures/lithium_ion_battery/cell_eq_circui
t_2-eps-converted-to.pdf): PDF inclusion: found PDF version <1.7>, but at most 
version <1.5> allowed
<figures/lithium_ion_battery/cell_eq_circuit_2-eps-converted-to.pdf, id=79, 211
.79124pt x 173.64874pt>
File: figures/lithium_ion_battery/cell_eq_circuit_2-eps-converted-to.pdf Graphi
c file (type pdf)
<use figures/lithium_ion_battery/cell_eq_circuit_2-eps-converted-to.pdf>
Package pdftex.def Info: figures/lithium_ion_battery/cell_eq_circuit_2-eps-conv
erted-to.pdf  used on input line 174.
(pdftex.def)             Requested size: 200.0pt x 163.98764pt.
Package epstopdf Info: Source file: <figures/MCI_4C_bw.eps>
(epstopdf)                    date: 2020-09-17 10:36:47
(epstopdf)                    size: 1155110 bytes
(epstopdf)             Output file: <figures/MCI_4C_bw-eps-converted-to.pdf>
(epstopdf)                    date: 2021-12-12 08:41:49
(epstopdf)                    size: 21471 bytes
(epstopdf)             Command: <miktex-epstopdf-unrestricted --outfile=figures
/MCI_4C_bw-eps-converted-to.pdf figures/MCI_4C_bw.eps>
(epstopdf)             \includegraphics on input line 190.
Package epstopdf Info: Output file is already uptodate.
File: figures/MCI_4C_bw-eps-converted-to.pdf Graphic file (type pdf)
<use figures/MCI_4C_bw-eps-converted-to.pdf>
Package pdftex.def Info: figures/MCI_4C_bw-eps-converted-to.pdf  used on input 
line 190.
(pdftex.def)             Requested size: 28.45274pt x 13.8487pt.

Package fancyhdr Warning: \headheight is too small (12.0pt): 
(fancyhdr)                Make it at least 13.59999pt, for example:
(fancyhdr)                \setlength{\headheight}{13.59999pt}.
(fancyhdr)                You might also make \topmargin smaller to compensate:

(fancyhdr)                \addtolength{\topmargin}{-1.59999pt}.

[6 <./figures/lithium_ion_battery/ocv_soc_1-eps-converted-to.pdf> <./figures/li
thium_ion_battery/cell_eq_circuit_1-eps-converted-to.pdf> <./figures/lithium_io
n_battery/cell_eq_circuit_2-eps-converted-to.pdf>]
Package epstopdf Info: Source file: <figures/lithium_ion_battery/cell_response_
1.eps>
(epstopdf)                    date: 2021-02-03 15:29:26
(epstopdf)                    size: 1877470 bytes
(epstopdf)             Output file: <figures/lithium_ion_battery/cell_response_
1-eps-converted-to.pdf>
(epstopdf)                    date: 2021-12-12 08:47:58
(epstopdf)                    size: 28825 bytes
(epstopdf)             Command: <miktex-epstopdf-unrestricted --outfile=figures
/lithium_ion_battery/cell_response_1-eps-converted-to.pdf figures/lithium_ion_b
attery/cell_response_1.eps>
(epstopdf)             \includegraphics on input line 198.
Package epstopdf Info: Output file is already uptodate.


pdfTeX warning: pdflatex.exe (file ./figures/lithium_ion_battery/cell_response_
1-eps-converted-to.pdf): PDF inclusion: found PDF version <1.7>, but at most ve
rsion <1.5> allowed
<figures/lithium_ion_battery/cell_response_1-eps-converted-to.pdf, id=129, 542.
025pt x 446.66875pt>
File: figures/lithium_ion_battery/cell_response_1-eps-converted-to.pdf Graphic 
file (type pdf)
<use figures/lithium_ion_battery/cell_response_1-eps-converted-to.pdf>
Package pdftex.def Info: figures/lithium_ion_battery/cell_response_1-eps-conver
ted-to.pdf  used on input line 198.
(pdftex.def)             Requested size: 181.18439pt x 149.30951pt.
Package epstopdf Info: Source file: <figures/lithium_ion_battery/cell_eq_circui
t_3.eps>
(epstopdf)                    date: 2021-02-03 14:32:25
(epstopdf)                    size: 1639938 bytes
(epstopdf)             Output file: <figures/lithium_ion_battery/cell_eq_circui
t_3-eps-converted-to.pdf>
(epstopdf)                    date: 2021-12-12 08:48:01
(epstopdf)                    size: 57386 bytes
(epstopdf)             Command: <miktex-epstopdf-unrestricted --outfile=figures
/lithium_ion_battery/cell_eq_circuit_3-eps-converted-to.pdf figures/lithium_ion
_battery/cell_eq_circuit_3.eps>
(epstopdf)             \includegraphics on input line 230.
Package epstopdf Info: Output file is already uptodate.


pdfTeX warning: pdflatex.exe (file ./figures/lithium_ion_battery/cell_eq_circui
t_3-eps-converted-to.pdf): PDF inclusion: found PDF version <1.7>, but at most 
version <1.5> allowed
<figures/lithium_ion_battery/cell_eq_circuit_3-eps-converted-to.pdf, id=130, 31
8.18875pt x 193.72375pt>
File: figures/lithium_ion_battery/cell_eq_circuit_3-eps-converted-to.pdf Graphi
c file (type pdf)
<use figures/lithium_ion_battery/cell_eq_circuit_3-eps-converted-to.pdf>
Package pdftex.def Info: figures/lithium_ion_battery/cell_eq_circuit_3-eps-conv
erted-to.pdf  used on input line 230.
(pdftex.def)             Requested size: 275.0pt x 167.42683pt.
Package epstopdf Info: Source file: <figures/MCI_4C_bw.eps>
(epstopdf)                    date: 2020-09-17 10:36:47
(epstopdf)                    size: 1155110 bytes
(epstopdf)             Output file: <figures/MCI_4C_bw-eps-converted-to.pdf>
(epstopdf)                    date: 2021-12-12 08:41:49
(epstopdf)                    size: 21471 bytes
(epstopdf)             Command: <miktex-epstopdf-unrestricted --outfile=figures
/MCI_4C_bw-eps-converted-to.pdf figures/MCI_4C_bw.eps>
(epstopdf)             \includegraphics on input line 235.
Package epstopdf Info: Output file is already uptodate.
File: figures/MCI_4C_bw-eps-converted-to.pdf Graphic file (type pdf)
<use figures/MCI_4C_bw-eps-converted-to.pdf>
Package pdftex.def Info: figures/MCI_4C_bw-eps-converted-to.pdf  used on input 
line 235.
(pdftex.def)             Requested size: 28.45274pt x 13.8487pt.

Package fancyhdr Warning: \headheight is too small (12.0pt): 
(fancyhdr)                Make it at least 13.59999pt, for example:
(fancyhdr)                \setlength{\headheight}{13.59999pt}.
(fancyhdr)                You might also make \topmargin smaller to compensate:

(fancyhdr)                \addtolength{\topmargin}{-1.59999pt}.

[7 <./figures/lithium_ion_battery/cell_response_1-eps-converted-to.pdf>]
Package epstopdf Info: Source file: <figures/lithium_ion_battery/cell_response_
2.eps>
(epstopdf)                    date: 2021-02-03 15:29:31
(epstopdf)                    size: 2075426 bytes
(epstopdf)             Output file: <figures/lithium_ion_battery/cell_response_
2-eps-converted-to.pdf>
(epstopdf)                    date: 2021-12-12 08:48:03
(epstopdf)                    size: 72539 bytes
(epstopdf)             Command: <miktex-epstopdf-unrestricted --outfile=figures
/lithium_ion_battery/cell_response_2-eps-converted-to.pdf figures/lithium_ion_b
attery/cell_response_2.eps>
(epstopdf)             \includegraphics on input line 238.
Package epstopdf Info: Output file is already uptodate.


pdfTeX warning: pdflatex.exe (file ./figures/lithium_ion_battery/cell_response_
2-eps-converted-to.pdf): PDF inclusion: found PDF version <1.7>, but at most ve
rsion <1.5> allowed
<figures/lithium_ion_battery/cell_response_2-eps-converted-to.pdf, id=145, 542.
025pt x 427.5975pt>
File: figures/lithium_ion_battery/cell_response_2-eps-converted-to.pdf Graphic 
file (type pdf)
<use figures/lithium_ion_battery/cell_response_2-eps-converted-to.pdf>
Package pdftex.def Info: figures/lithium_ion_battery/cell_response_2-eps-conver
ted-to.pdf  used on input line 238.
(pdftex.def)             Requested size: 300.0pt x 236.67348pt.
Package epstopdf Info: Source file: <figures/MCI_4C_bw.eps>
(epstopdf)                    date: 2020-09-17 10:36:47
(epstopdf)                    size: 1155110 bytes
(epstopdf)             Output file: <figures/MCI_4C_bw-eps-converted-to.pdf>
(epstopdf)                    date: 2021-12-12 08:41:49
(epstopdf)                    size: 21471 bytes
(epstopdf)             Command: <miktex-epstopdf-unrestricted --outfile=figures
/MCI_4C_bw-eps-converted-to.pdf figures/MCI_4C_bw.eps>
(epstopdf)             \includegraphics on input line 248.
Package epstopdf Info: Output file is already uptodate.
File: figures/MCI_4C_bw-eps-converted-to.pdf Graphic file (type pdf)
<use figures/MCI_4C_bw-eps-converted-to.pdf>
Package pdftex.def Info: figures/MCI_4C_bw-eps-converted-to.pdf  used on input 
line 248.
(pdftex.def)             Requested size: 28.45274pt x 13.8487pt.

Package fancyhdr Warning: \headheight is too small (12.0pt): 
(fancyhdr)                Make it at least 13.59999pt, for example:
(fancyhdr)                \setlength{\headheight}{13.59999pt}.
(fancyhdr)                You might also make \topmargin smaller to compensate:

(fancyhdr)                \addtolength{\topmargin}{-1.59999pt}.

[8 <./figures/lithium_ion_battery/cell_eq_circuit_3-eps-converted-to.pdf> <./fi
gures/lithium_ion_battery/cell_response_2-eps-converted-to.pdf>]
Package epstopdf Info: Source file: <figures/MCI_4C_bw.eps>
(epstopdf)                    date: 2020-09-17 10:36:47
(epstopdf)                    size: 1155110 bytes
(epstopdf)             Output file: <figures/MCI_4C_bw-eps-converted-to.pdf>
(epstopdf)                    date: 2021-12-12 08:41:49
(epstopdf)                    size: 21471 bytes
(epstopdf)             Command: <miktex-epstopdf-unrestricted --outfile=figures
/MCI_4C_bw-eps-converted-to.pdf figures/MCI_4C_bw.eps>
(epstopdf)             \includegraphics on input line 294.
Package epstopdf Info: Output file is already uptodate.
File: figures/MCI_4C_bw-eps-converted-to.pdf Graphic file (type pdf)
<use figures/MCI_4C_bw-eps-converted-to.pdf>
Package pdftex.def Info: figures/MCI_4C_bw-eps-converted-to.pdf  used on input 
line 294.
(pdftex.def)             Requested size: 28.45274pt x 13.8487pt.


Package fancyhdr Warning: \headheight is too small (12.0pt): 
(fancyhdr)                Make it at least 13.59999pt, for example:
(fancyhdr)                \setlength{\headheight}{13.59999pt}.
(fancyhdr)                You might also make \topmargin smaller to compensate:

(fancyhdr)                \addtolength{\topmargin}{-1.59999pt}.

[9]
Package mdframed Info: mdframed detected package amsthm 
 changed the theorem header of amsthm
(mdframed)              on input line 297.
Package epstopdf Info: Source file: <figures/lithium_ion_battery/cell_eq_circui
t_4.eps>
(epstopdf)                    date: 2021-02-07 12:08:42
(epstopdf)                    size: 1703650 bytes
(epstopdf)             Output file: <figures/lithium_ion_battery/cell_eq_circui
t_4-eps-converted-to.pdf>
(epstopdf)                    date: 2021-12-12 08:48:05
(epstopdf)                    size: 58697 bytes
(epstopdf)             Command: <miktex-epstopdf-unrestricted --outfile=figures
/lithium_ion_battery/cell_eq_circuit_4-eps-converted-to.pdf figures/lithium_ion
_battery/cell_eq_circuit_4.eps>
(epstopdf)             \includegraphics on input line 314.
Package epstopdf Info: Output file is already uptodate.


pdfTeX warning: pdflatex.exe (file ./figures/lithium_ion_battery/cell_eq_circui
t_4-eps-converted-to.pdf): PDF inclusion: found PDF version <1.7>, but at most 
version <1.5> allowed
<figures/lithium_ion_battery/cell_eq_circuit_4-eps-converted-to.pdf, id=186, 44
1.65pt x 193.72375pt>
File: figures/lithium_ion_battery/cell_eq_circuit_4-eps-converted-to.pdf Graphi
c file (type pdf)
<use figures/lithium_ion_battery/cell_eq_circuit_4-eps-converted-to.pdf>
Package pdftex.def Info: figures/lithium_ion_battery/cell_eq_circuit_4-eps-conv
erted-to.pdf  used on input line 314.
(pdftex.def)             Requested size: 360.0pt x 157.91745pt.
Package epstopdf Info: Source file: <figures/MCI_4C_bw.eps>
(epstopdf)                    date: 2020-09-17 10:36:47
(epstopdf)                    size: 1155110 bytes
(epstopdf)             Output file: <figures/MCI_4C_bw-eps-converted-to.pdf>
(epstopdf)                    date: 2021-12-12 08:41:49
(epstopdf)                    size: 21471 bytes
(epstopdf)             Command: <miktex-epstopdf-unrestricted --outfile=figures
/MCI_4C_bw-eps-converted-to.pdf figures/MCI_4C_bw.eps>
(epstopdf)             \includegraphics on input line 334.
Package epstopdf Info: Output file is already uptodate.
File: figures/MCI_4C_bw-eps-converted-to.pdf Graphic file (type pdf)
<use figures/MCI_4C_bw-eps-converted-to.pdf>
Package pdftex.def Info: figures/MCI_4C_bw-eps-converted-to.pdf  used on input 
line 334.
(pdftex.def)             Requested size: 28.45274pt x 13.8487pt.

Package fancyhdr Warning: \headheight is too small (12.0pt): 
(fancyhdr)                Make it at least 13.59999pt, for example:
(fancyhdr)                \setlength{\headheight}{13.59999pt}.
(fancyhdr)                You might also make \topmargin smaller to compensate:

(fancyhdr)                \addtolength{\topmargin}{-1.59999pt}.

[10 <./figures/lithium_ion_battery/cell_eq_circuit_4-eps-converted-to.pdf>]
Package epstopdf Info: Source file: <figures/lithium_ion_battery/ocv.eps>
(epstopdf)                    date: 2021-12-12 09:33:43
(epstopdf)                    size: 97808 bytes
(epstopdf)             Output file: <figures/lithium_ion_battery/ocv-eps-conver
ted-to.pdf>
(epstopdf)                    date: 2021-12-12 09:34:08
(epstopdf)                    size: 40014 bytes
(epstopdf)             Command: <miktex-epstopdf-unrestricted --outfile=figures
/lithium_ion_battery/ocv-eps-converted-to.pdf figures/lithium_ion_battery/ocv.e
ps>
(epstopdf)             \includegraphics on input line 345.
Package epstopdf Info: Output file is already uptodate.


pdfTeX warning: pdflatex.exe (file ./figures/lithium_ion_battery/ocv-eps-conver
ted-to.pdf): PDF inclusion: found PDF version <1.7>, but at most version <1.5> 
allowed
<figures/lithium_ion_battery/ocv-eps-converted-to.pdf, id=205, 362.35374pt x 30
1.125pt>
File: figures/lithium_ion_battery/ocv-eps-converted-to.pdf Graphic file (type p
df)
<use figures/lithium_ion_battery/ocv-eps-converted-to.pdf>
Package pdftex.def Info: figures/lithium_ion_battery/ocv-eps-converted-to.pdf  
used on input line 345.
(pdftex.def)             Requested size: 300.0pt x 249.31337pt.
Package epstopdf Info: Source file: <figures/MCI_4C_bw.eps>
(epstopdf)                    date: 2020-09-17 10:36:47
(epstopdf)                    size: 1155110 bytes
(epstopdf)             Output file: <figures/MCI_4C_bw-eps-converted-to.pdf>
(epstopdf)                    date: 2021-12-12 08:41:49
(epstopdf)                    size: 21471 bytes
(epstopdf)             Command: <miktex-epstopdf-unrestricted --outfile=figures
/MCI_4C_bw-eps-converted-to.pdf figures/MCI_4C_bw.eps>
(epstopdf)             \includegraphics on input line 360.
Package epstopdf Info: Output file is already uptodate.
File: figures/MCI_4C_bw-eps-converted-to.pdf Graphic file (type pdf)
<use figures/MCI_4C_bw-eps-converted-to.pdf>
Package pdftex.def Info: figures/MCI_4C_bw-eps-converted-to.pdf  used on input 
line 360.
(pdftex.def)             Requested size: 28.45274pt x 13.8487pt.

Package fancyhdr Warning: \headheight is too small (12.0pt): 
(fancyhdr)                Make it at least 13.59999pt, for example:
(fancyhdr)                \setlength{\headheight}{13.59999pt}.
(fancyhdr)                You might also make \topmargin smaller to compensate:

(fancyhdr)                \addtolength{\topmargin}{-1.59999pt}.

[11 <./figures/lithium_ion_battery/ocv-eps-converted-to.pdf>]
Package epstopdf Info: Source file: <figures/MCI_4C_bw.eps>
(epstopdf)                    date: 2020-09-17 10:36:47
(epstopdf)                    size: 1155110 bytes
(epstopdf)             Output file: <figures/MCI_4C_bw-eps-converted-to.pdf>
(epstopdf)                    date: 2021-12-12 08:41:49
(epstopdf)                    size: 21471 bytes
(epstopdf)             Command: <miktex-epstopdf-unrestricted --outfile=figures
/MCI_4C_bw-eps-converted-to.pdf figures/MCI_4C_bw.eps>
(epstopdf)             \includegraphics on input line 393.
Package epstopdf Info: Output file is already uptodate.
File: figures/MCI_4C_bw-eps-converted-to.pdf Graphic file (type pdf)
<use figures/MCI_4C_bw-eps-converted-to.pdf>
Package pdftex.def Info: figures/MCI_4C_bw-eps-converted-to.pdf  used on input 
line 393.
(pdftex.def)             Requested size: 28.45274pt x 13.8487pt.


Package fancyhdr Warning: \headheight is too small (12.0pt): 
(fancyhdr)                Make it at least 13.59999pt, for example:
(fancyhdr)                \setlength{\headheight}{13.59999pt}.
(fancyhdr)                You might also make \topmargin smaller to compensate:

(fancyhdr)                \addtolength{\topmargin}{-1.59999pt}.

[12] (lithium_ion_battery_i.aux) ) 
Here is how much of TeX's memory you used:
 41490 strings out of 478593
 1057019 string characters out of 2842716
 1504561 words of memory out of 3000000
 58936 multiletter control sequences out of 15000+600000
 492343 words of font info for 113 fonts, out of 8000000 for 9000
 1141 hyphenation exceptions out of 8191
 99i,18n,94p,1916b,1142s stack positions out of 5000i,500n,10000p,200000b,80000s
<C:/Users/dabagnara/AppData/Local/Programs/Mi
KTeX/fonts/type1/public/amsfonts/cm/cmbx10.pfb><C:/Users/dabagnara/AppData/Loca
l/Programs/MiKTeX/fonts/type1/public/amsfonts/cm/cmbx12.pfb><C:/Users/dabagnara
/AppData/Local/Programs/MiKTeX/fonts/type1/public/amsfonts/cm/cmex10.pfb><C:/Us
ers/dabagnara/AppData/Local/Programs/MiKTeX/fonts/type1/public/amsfonts/cm/cmmi
10.pfb><C:/Users/dabagnara/AppData/Local/Programs/MiKTeX/fonts/type1/public/ams
fonts/cm/cmmi8.pfb><C:/Users/dabagnara/AppData/Local/Programs/MiKTeX/fonts/type
1/public/amsfonts/cm/cmmi9.pfb><C:/Users/dabagnara/AppData/Local/Programs/MiKTe
X/fonts/type1/public/amsfonts/cm/cmr10.pfb><C:/Users/dabagnara/AppData/Local/Pr
ograms/MiKTeX/fonts/type1/public/amsfonts/cm/cmr12.pfb><C:/Users/dabagnara/AppD
ata/Local/Programs/MiKTeX/fonts/type1/public/amsfonts/cm/cmr6.pfb><C:/Users/dab
agnara/AppData/Local/Programs/MiKTeX/fonts/type1/public/amsfonts/cm/cmr7.pfb><C
:/Users/dabagnara/AppData/Local/Programs/MiKTeX/fonts/type1/public/amsfonts/cm/
cmr8.pfb><C:/Users/dabagnara/AppData/Local/Programs/MiKTeX/fonts/type1/public/a
msfonts/cm/cmr9.pfb><C:/Users/dabagnara/AppData/Local/Programs/MiKTeX/fonts/typ
e1/public/amsfonts/cm/cmsl10.pfb><C:/Users/dabagnara/AppData/Local/Programs/MiK
TeX/fonts/type1/public/amsfonts/cm/cmsy10.pfb><C:/Users/dabagnara/AppData/Local
/Programs/MiKTeX/fonts/type1/public/amsfonts/cm/cmsy8.pfb><C:/Users/dabagnara/A
ppData/Local/Programs/MiKTeX/fonts/type1/public/amsfonts/cm/cmti10.pfb><C:/User
s/dabagnara/AppData/Local/Programs/MiKTeX/fonts/type1/public/amsfonts/cm/cmti9.
pfb>
Output written on lithium_ion_battery_i.pdf (12 pages, 822917 bytes).
PDF statistics:
 287 PDF objects out of 1000 (max. 8388607)
 0 named destinations out of 1000 (max. 500000)
 68 words of extra memory for PDF output out of 10000 (max. 10000000)

